#-----------------------------------------------------------
# Vivado v2019.2 (64-bit)
# SW Build 2708876 on Wed Nov  6 21:39:14 MST 2019
# IP Build 2700528 on Thu Nov  7 00:09:20 MST 2019
# Start of session at: Mon Apr 17 20:02:54 2023
# Process ID: 963
# Current directory: /home/ej/workspace/hls4ml/hls4ml
# Command line: vivado
# Log file: /home/ej/workspace/hls4ml/hls4ml/vivado.log
# Journal file: /home/ej/workspace/hls4ml/hls4ml/vivado.jou
#-----------------------------------------------------------
start_gui
create_project BDT_vivado /home/ej/workspace/fwX/BDT_vivado -part xcvu9p-flga2104-2L-e
INFO: [IP_Flow 19-234] Refreshing IP repositories
INFO: [IP_Flow 19-1704] No user IP repositories specified
INFO: [IP_Flow 19-2313] Loaded Vivado IP repository '/opt/Xilinx/Vivado/2019.2/data/ip'.
create_project: Time (s): cpu = 00:00:07 ; elapsed = 00:00:12 . Memory (MB): peak = 6734.895 ; gain = 33.020 ; free physical = 15830 ; free virtual = 33929
set_property board_part xilinx.com:vcu118:part0:2.3 [current_project]
add_files -norecurse -scan_for_includes {/home/ej/workspace/fwX/2_20_bdt/bdt_binary/bdt_hls_firmware/solution1/syn/verilog/getValue_binPtr_mlbW_rom.dat /home/ej/workspace/fwX/2_20_bdt/bdt_binary/bdt_hls_firmware/solution1/syn/verilog/getValue_binPtr_mrcU_rom.dat /home/ej/workspace/fwX/2_20_bdt/bdt_binary/bdt_hls_firmware/solution1/syn/verilog/getValue_binPtr_mjbC_rom.dat /home/ej/workspace/fwX/2_20_bdt/bdt_binary/bdt_hls_firmware/solution1/syn/verilog/fwXbdt_scores4_V_rom.dat /home/ej/workspace/fwX/2_20_bdt/bdt_binary/bdt_hls_firmware/solution1/syn/verilog/getValue_binPtr_mtde_rom.dat /home/ej/workspace/fwX/2_20_bdt/bdt_binary/bdt_hls_firmware/solution1/syn/verilog/getValue_binPtr_meOg_rom.dat /home/ej/workspace/fwX/2_20_bdt/bdt_binary/bdt_hls_firmware/solution1/syn/verilog/getValue_binPtr_mncg_rom.dat /home/ej/workspace/fwX/2_20_bdt/bdt_binary/bdt_hls_firmware/solution1/syn/verilog/fwXbdt_scores7_V_rom.dat /home/ej/workspace/fwX/2_20_bdt/bdt_binary/bdt_hls_firmware/solution1/syn/verilog/getValue_binPtr_msc4_rom.dat /home/ej/workspace/fwX/2_20_bdt/bdt_binary/bdt_hls_firmware/solution1/syn/verilog/getValue_binPtr_mfYi_rom.dat /home/ej/workspace/fwX/2_20_bdt/bdt_binary/bdt_hls_firmware/solution1/syn/verilog/getValue_binPtr_mocq_rom.dat /home/ej/workspace/fwX/2_20_bdt/bdt_binary/bdt_hls_firmware/solution1/syn/verilog/fwXbdt_scores9_V_rom.dat /home/ej/workspace/fwX/2_20_bdt/bdt_binary/bdt_hls_firmware/solution1/syn/verilog/getValue_binPtr_mpcA_rom.dat /home/ej/workspace/fwX/2_20_bdt/bdt_binary/bdt_hls_firmware/solution1/syn/verilog/getValue_binPtr_mqcK_rom.dat /home/ej/workspace/fwX/2_20_bdt/bdt_binary/bdt_hls_firmware/solution1/syn/verilog/fwXbdt_scores0_V_rom.dat /home/ej/workspace/fwX/2_20_bdt/bdt_binary/bdt_hls_firmware/solution1/syn/verilog/fwXbdt_scores3_V_rom.dat /home/ej/workspace/fwX/2_20_bdt/bdt_binary/bdt_hls_firmware/solution1/syn/verilog/getValue_binPtr_mcud_rom.dat /home/ej/workspace/fwX/2_20_bdt/bdt_binary/bdt_hls_firmware/solution1/syn/verilog/fwXbdt_scores6_V_rom.dat /home/ej/workspace/fwX/2_20_bdt/bdt_binary/bdt_hls_firmware/solution1/syn/verilog/getValue_binPtr_mg8j_rom.dat /home/ej/workspace/fwX/2_20_bdt/bdt_binary/bdt_hls_firmware/solution1/syn/verilog/getValue_binPtr_mhbi_rom.dat /home/ej/workspace/fwX/2_20_bdt/bdt_binary/bdt_hls_firmware/solution1/syn/verilog/getValue_binPtr_mdEe_rom.dat /home/ej/workspace/fwX/2_20_bdt/bdt_binary/bdt_hls_firmware/solution1/syn/verilog/fwXbdt_scores2_V_rom.dat /home/ej/workspace/fwX/2_20_bdt/bdt_binary/bdt_hls_firmware/solution1/syn/verilog/fwXbdt_scores5_V_rom.dat /home/ej/workspace/fwX/2_20_bdt/bdt_binary/bdt_hls_firmware/solution1/syn/verilog/getValue_binPtr_mkbM_rom.dat /home/ej/workspace/fwX/2_20_bdt/bdt_binary/bdt_hls_firmware/solution1/syn/verilog/getValue_binPtr_mibs_rom.dat /home/ej/workspace/fwX/2_20_bdt/bdt_binary/bdt_hls_firmware/solution1/syn/verilog/getValue_binPtr_mmb6_rom.dat /home/ej/workspace/fwX/2_20_bdt/bdt_binary/bdt_hls_firmware/solution1/syn/verilog/fwXbdt_scores1_V_rom.dat /home/ej/workspace/fwX/2_20_bdt/bdt_binary/bdt_hls_firmware/solution1/syn/verilog/getValue_binPtr_mbkb_rom.dat /home/ej/workspace/fwX/2_20_bdt/bdt_binary/bdt_hls_firmware/solution1/syn/verilog/fwXbdt_scores8_V_rom.dat}
add_files -norecurse -scan_for_includes {/home/ej/workspace/fwX/2_20_bdt/bdt_binary/bdt_hls_firmware/solution1/syn/verilog/fwXbdt_scores3_V.v /home/ej/workspace/fwX/2_20_bdt/bdt_binary/bdt_hls_firmware/solution1/syn/verilog/getValue_binPtr_mpcA.v /home/ej/workspace/fwX/2_20_bdt/bdt_binary/bdt_hls_firmware/solution1/syn/verilog/getValue_binPtr_mfYi.v /home/ej/workspace/fwX/2_20_bdt/bdt_binary/bdt_hls_firmware/solution1/syn/verilog/getValue_binPtr_mg8j.v /home/ej/workspace/fwX/2_20_bdt/bdt_binary/bdt_hls_firmware/solution1/syn/verilog/getValue_binPtr_mqcK.v /home/ej/workspace/fwX/2_20_bdt/bdt_binary/bdt_hls_firmware/solution1/syn/verilog/fwXbdt_mux_32_12_udo.v /home/ej/workspace/fwX/2_20_bdt/bdt_binary/bdt_hls_firmware/solution1/syn/verilog/getValue_binPtr_msc4.v /home/ej/workspace/fwX/2_20_bdt/bdt_binary/bdt_hls_firmware/solution1/syn/verilog/fwXbdt_scores4_V.v /home/ej/workspace/fwX/2_20_bdt/bdt_binary/bdt_hls_firmware/solution1/syn/verilog/getValue_binPtr_mjbC.v /home/ej/workspace/fwX/2_20_bdt/bdt_binary/bdt_hls_firmware/solution1/syn/verilog/getValue_binPtr_mbkb.v /home/ej/workspace/fwX/2_20_bdt/bdt_binary/bdt_hls_firmware/solution1/syn/verilog/fwXbdt_scores5_V.v /home/ej/workspace/fwX/2_20_bdt/bdt_binary/bdt_hls_firmware/solution1/syn/verilog/getValue_binPtr_mdEe.v /home/ej/workspace/fwX/2_20_bdt/bdt_binary/bdt_hls_firmware/solution1/syn/verilog/fwXbdt_mac_muladdwdI.v /home/ej/workspace/fwX/2_20_bdt/bdt_binary/bdt_hls_firmware/solution1/syn/verilog/getValue_binPtr_mrcU.v /home/ej/workspace/fwX/2_20_bdt/bdt_binary/bdt_hls_firmware/solution1/syn/verilog/getValue_binPtr_mmb6.v /home/ej/workspace/fwX/2_20_bdt/bdt_binary/bdt_hls_firmware/solution1/syn/verilog/fwXbdt_scores6_V.v /home/ej/workspace/fwX/2_20_bdt/bdt_binary/bdt_hls_firmware/solution1/syn/verilog/fwXbdt.v /home/ej/workspace/fwX/2_20_bdt/bdt_binary/bdt_hls_firmware/solution1/syn/verilog/getValue.v /home/ej/workspace/fwX/2_20_bdt/bdt_binary/bdt_hls_firmware/solution1/syn/verilog/getValue_binPtr_mtde.v /home/ej/workspace/fwX/2_20_bdt/bdt_binary/bdt_hls_firmware/solution1/syn/verilog/fwXbdt_scores7_V.v /home/ej/workspace/fwX/2_20_bdt/bdt_binary/bdt_hls_firmware/solution1/syn/verilog/getValue_binPtr_mocq.v /home/ej/workspace/fwX/2_20_bdt/bdt_binary/bdt_hls_firmware/solution1/syn/verilog/fwXbdt_mux_42_12_vdy.v /home/ej/workspace/fwX/2_20_bdt/bdt_binary/bdt_hls_firmware/solution1/syn/verilog/getValue_binPtr_mhbi.v /home/ej/workspace/fwX/2_20_bdt/bdt_binary/bdt_hls_firmware/solution1/syn/verilog/getValue_binPtr_mcud.v /home/ej/workspace/fwX/2_20_bdt/bdt_binary/bdt_hls_firmware/solution1/syn/verilog/getValue_binPtr_meOg.v /home/ej/workspace/fwX/2_20_bdt/bdt_binary/bdt_hls_firmware/solution1/syn/verilog/fwXbdt_scores8_V.v /home/ej/workspace/fwX/2_20_bdt/bdt_binary/bdt_hls_firmware/solution1/syn/verilog/getValue_binPtr_mncg.v /home/ej/workspace/fwX/2_20_bdt/bdt_binary/bdt_hls_firmware/solution1/syn/verilog/fwXbdt_scores0_V.v /home/ej/workspace/fwX/2_20_bdt/bdt_binary/bdt_hls_firmware/solution1/syn/verilog/getValue_binPtr_mlbW.v /home/ej/workspace/fwX/2_20_bdt/bdt_binary/bdt_hls_firmware/solution1/syn/verilog/fwXbdt_scores9_V.v /home/ej/workspace/fwX/2_20_bdt/bdt_binary/bdt_hls_firmware/solution1/syn/verilog/fwXbdt_scores1_V.v /home/ej/workspace/fwX/2_20_bdt/bdt_binary/bdt_hls_firmware/solution1/syn/verilog/getValue_binPtr_mkbM.v /home/ej/workspace/fwX/2_20_bdt/bdt_binary/bdt_hls_firmware/solution1/syn/verilog/fwXbdt_scores2_V.v /home/ej/workspace/fwX/2_20_bdt/bdt_binary/bdt_hls_firmware/solution1/syn/verilog/getValue_binPtr_mibs.v}
update_compile_order -fileset sources_1
update_compile_order -fileset sources_1
launch_runs impl_1 -jobs 8
[Mon Apr 17 20:07:26 2023] Launched synth_1...
Run output will be captured here: /home/ej/workspace/fwX/BDT_vivado/BDT_vivado.runs/synth_1/runme.log
[Mon Apr 17 20:07:26 2023] Launched impl_1...
Run output will be captured here: /home/ej/workspace/fwX/BDT_vivado/BDT_vivado.runs/impl_1/runme.log
CRITICAL WARNING: [Common 17-1649] The Vivado message database '/home/ej/workspace/fwX/BDT_vivado/BDT_vivado.runs/synth_1/vivado.pb' contains 24975 messages. Restoring all messages from this message database will impact Vivado performance, so only WARNING, CRITICAL WARNING, and ERROR messages will be restored. To restore all messages from this file use the tcl command 'set_param messaging.loadPbLimit 24976' and re-open the project.
open_run impl_1
INFO: [Device 21-403] Loading part xcvu9p-flga2104-2L-e
Netlist sorting complete. Time (s): cpu = 00:00:00.01 ; elapsed = 00:00:00 . Memory (MB): peak = 7651.996 ; gain = 0.000 ; free physical = 13960 ; free virtual = 32677
INFO: [Netlist 29-17] Analyzing 272 Unisim elements for replacement
INFO: [Netlist 29-28] Unisim Transformation completed in 0 CPU seconds
WARNING: [Netlist 29-101] Netlist 'fwXbdt' is not ideal for floorplanning, since the cellview 'fwXbdt' contains a large number of primitives.  Please consider enabling hierarchy in synthesis if you want to do floorplanning.
INFO: [Project 1-479] Netlist was created with Vivado 2019.2
INFO: [Project 1-570] Preparing netlist for logic optimization
Reading XDEF placement.
Reading placer database...
Reading XDEF routing.
Read XDEF File: Time (s): cpu = 00:00:00.08 ; elapsed = 00:00:00.09 . Memory (MB): peak = 7708.898 ; gain = 2.000 ; free physical = 13855 ; free virtual = 32573
Restored from archive | CPU: 0.080000 secs | Memory: 2.751320 MB |
Finished XDEF File Restore: Time (s): cpu = 00:00:00.08 ; elapsed = 00:00:00.09 . Memory (MB): peak = 7708.898 ; gain = 2.000 ; free physical = 13855 ; free virtual = 32573
Netlist sorting complete. Time (s): cpu = 00:00:00 ; elapsed = 00:00:00 . Memory (MB): peak = 7732.711 ; gain = 0.000 ; free physical = 13855 ; free virtual = 32573
INFO: [Project 1-111] Unisim Transformation Summary:
  A total of 40 instances were transformed.
  DSP48E2 => DSP48E2 (DSP_ALU, DSP_A_B_DATA, DSP_C_DATA, DSP_MULTIPLIER, DSP_M_DATA, DSP_OUTPUT, DSP_PREADD, DSP_PREADD_DATA): 2 instances
  IBUF => IBUF (IBUFCTRL, INBUF): 38 instances

open_run: Time (s): cpu = 00:00:19 ; elapsed = 00:00:25 . Memory (MB): peak = 8235.492 ; gain = 1086.348 ; free physical = 13483 ; free virtual = 32204
WARNING: [Timing 38-313] There are no user specified timing constraints. Timing constraints are needed for proper timing analysis.
exit
INFO: [Common 17-206] Exiting Vivado at Mon Apr 17 20:24:36 2023...
