

================================================================
== Vivado HLS Report for 'compute_layer_0_0_0_s'
================================================================
* Date:           Sun Mar 31 23:52:44 2019

* Version:        2018.2 (Build 2258646 on Thu Jun 14 20:25:20 MDT 2018)
* Project:        myproject_prj
* Solution:       solution1
* Product family: kintexu
* Target device:  xcku115-flva1517-2-e


================================================================
== Performance Estimates
================================================================
+ Timing (ns): 
    * Summary: 
    +--------+-------+----------+------------+
    |  Clock | Target| Estimated| Uncertainty|
    +--------+-------+----------+------------+
    |ap_clk  |   5.00|     3.806|        0.62|
    +--------+-------+----------+------------+

+ Latency (clock cycles): 
    * Summary: 
    +-----+-----+-----+-----+----------+
    |  Latency  |  Interval | Pipeline |
    | min | max | min | max |   Type   |
    +-----+-----+-----+-----+----------+
    |    2|    2|    1|    1| function |
    +-----+-----+-----+-----+----------+

    + Detail: 
        * Instance: 
        N/A

        * Loop: 
        N/A



================================================================
== Utilization Estimates
================================================================
* Summary: 
+---------------------+---------+-------+---------+--------+
|         Name        | BRAM_18K| DSP48E|    FF   |   LUT  |
+---------------------+---------+-------+---------+--------+
|DSP                  |        -|      -|        -|       -|
|Expression           |        -|      -|        0|    1547|
|FIFO                 |        -|      -|        -|       -|
|Instance             |        -|    288|    11880|    3528|
|Memory               |        -|      -|        -|       -|
|Multiplexer          |        -|      -|        -|      54|
|Register             |        -|      -|     2831|       -|
+---------------------+---------+-------+---------+--------+
|Total                |        0|    288|    14711|    5129|
+---------------------+---------+-------+---------+--------+
|Available SLR        |     2160|   2760|   663360|  331680|
+---------------------+---------+-------+---------+--------+
|Utilization SLR (%)  |        0|     10|        2|       1|
+---------------------+---------+-------+---------+--------+
|Available            |     4320|   5520|  1326720|  663360|
+---------------------+---------+-------+---------+--------+
|Utilization (%)      |        0|      5|        1|   ~0   |
+---------------------+---------+-------+---------+--------+

+ Detail: 
    * Instance: 
    +---------------------------+----------------------+---------+-------+-----+----+
    |          Instance         |        Module        | BRAM_18K| DSP48E|  FF | LUT|
    +---------------------------+----------------------+---------+-------+-----+----+
    |myproject_galapagmb6_U151  |myproject_galapagmb6  |        0|      4|  165|  49|
    |myproject_galapagmb6_U169  |myproject_galapagmb6  |        0|      4|  165|  49|
    |myproject_galapagncg_U152  |myproject_galapagncg  |        0|      4|  165|  49|
    |myproject_galapagncg_U162  |myproject_galapagncg  |        0|      4|  165|  49|
    |myproject_galapagncg_U171  |myproject_galapagncg  |        0|      4|  165|  49|
    |myproject_galapagncg_U175  |myproject_galapagncg  |        0|      4|  165|  49|
    |myproject_galapagncg_U182  |myproject_galapagncg  |        0|      4|  165|  49|
    |myproject_galapagncg_U183  |myproject_galapagncg  |        0|      4|  165|  49|
    |myproject_galapagocq_U153  |myproject_galapagocq  |        0|      4|  165|  49|
    |myproject_galapagocq_U156  |myproject_galapagocq  |        0|      4|  165|  49|
    |myproject_galapagocq_U159  |myproject_galapagocq  |        0|      4|  165|  49|
    |myproject_galapagocq_U160  |myproject_galapagocq  |        0|      4|  165|  49|
    |myproject_galapagocq_U167  |myproject_galapagocq  |        0|      4|  165|  49|
    |myproject_galapagocq_U172  |myproject_galapagocq  |        0|      4|  165|  49|
    |myproject_galapagocq_U174  |myproject_galapagocq  |        0|      4|  165|  49|
    |myproject_galapagocq_U184  |myproject_galapagocq  |        0|      4|  165|  49|
    |myproject_galapagocq_U191  |myproject_galapagocq  |        0|      4|  165|  49|
    |myproject_galapagocq_U210  |myproject_galapagocq  |        0|      4|  165|  49|
    |myproject_galapagocq_U211  |myproject_galapagocq  |        0|      4|  165|  49|
    |myproject_galapagocq_U214  |myproject_galapagocq  |        0|      4|  165|  49|
    |myproject_galapagocq_U220  |myproject_galapagocq  |        0|      4|  165|  49|
    |myproject_galapagpcA_U154  |myproject_galapagpcA  |        0|      4|  165|  49|
    |myproject_galapagpcA_U155  |myproject_galapagpcA  |        0|      4|  165|  49|
    |myproject_galapagpcA_U161  |myproject_galapagpcA  |        0|      4|  165|  49|
    |myproject_galapagpcA_U163  |myproject_galapagpcA  |        0|      4|  165|  49|
    |myproject_galapagpcA_U177  |myproject_galapagpcA  |        0|      4|  165|  49|
    |myproject_galapagpcA_U181  |myproject_galapagpcA  |        0|      4|  165|  49|
    |myproject_galapagpcA_U187  |myproject_galapagpcA  |        0|      4|  165|  49|
    |myproject_galapagpcA_U189  |myproject_galapagpcA  |        0|      4|  165|  49|
    |myproject_galapagpcA_U192  |myproject_galapagpcA  |        0|      4|  165|  49|
    |myproject_galapagpcA_U193  |myproject_galapagpcA  |        0|      4|  165|  49|
    |myproject_galapagpcA_U197  |myproject_galapagpcA  |        0|      4|  165|  49|
    |myproject_galapagpcA_U199  |myproject_galapagpcA  |        0|      4|  165|  49|
    |myproject_galapagpcA_U217  |myproject_galapagpcA  |        0|      4|  165|  49|
    |myproject_galapagpcA_U221  |myproject_galapagpcA  |        0|      4|  165|  49|
    |myproject_galapagqcK_U157  |myproject_galapagqcK  |        0|      4|  165|  49|
    |myproject_galapagqcK_U158  |myproject_galapagqcK  |        0|      4|  165|  49|
    |myproject_galapagqcK_U200  |myproject_galapagqcK  |        0|      4|  165|  49|
    |myproject_galapagqcK_U222  |myproject_galapagqcK  |        0|      4|  165|  49|
    |myproject_galapagrcU_U164  |myproject_galapagrcU  |        0|      4|  165|  49|
    |myproject_galapagrcU_U168  |myproject_galapagrcU  |        0|      4|  165|  49|
    |myproject_galapagrcU_U173  |myproject_galapagrcU  |        0|      4|  165|  49|
    |myproject_galapagrcU_U180  |myproject_galapagrcU  |        0|      4|  165|  49|
    |myproject_galapagrcU_U186  |myproject_galapagrcU  |        0|      4|  165|  49|
    |myproject_galapagrcU_U194  |myproject_galapagrcU  |        0|      4|  165|  49|
    |myproject_galapagrcU_U198  |myproject_galapagrcU  |        0|      4|  165|  49|
    |myproject_galapagrcU_U202  |myproject_galapagrcU  |        0|      4|  165|  49|
    |myproject_galapagrcU_U204  |myproject_galapagrcU  |        0|      4|  165|  49|
    |myproject_galapagrcU_U206  |myproject_galapagrcU  |        0|      4|  165|  49|
    |myproject_galapagrcU_U207  |myproject_galapagrcU  |        0|      4|  165|  49|
    |myproject_galapagrcU_U218  |myproject_galapagrcU  |        0|      4|  165|  49|
    |myproject_galapagsc4_U165  |myproject_galapagsc4  |        0|      4|  165|  49|
    |myproject_galapagtde_U166  |myproject_galapagtde  |        0|      4|  165|  49|
    |myproject_galapagtde_U170  |myproject_galapagtde  |        0|      4|  165|  49|
    |myproject_galapagtde_U190  |myproject_galapagtde  |        0|      4|  165|  49|
    |myproject_galapagtde_U209  |myproject_galapagtde  |        0|      4|  165|  49|
    |myproject_galapagudo_U176  |myproject_galapagudo  |        0|      4|  165|  49|
    |myproject_galapagudo_U178  |myproject_galapagudo  |        0|      4|  165|  49|
    |myproject_galapagudo_U179  |myproject_galapagudo  |        0|      4|  165|  49|
    |myproject_galapagudo_U195  |myproject_galapagudo  |        0|      4|  165|  49|
    |myproject_galapagudo_U203  |myproject_galapagudo  |        0|      4|  165|  49|
    |myproject_galapagudo_U213  |myproject_galapagudo  |        0|      4|  165|  49|
    |myproject_galapagudo_U216  |myproject_galapagudo  |        0|      4|  165|  49|
    |myproject_galapagvdy_U185  |myproject_galapagvdy  |        0|      4|  165|  49|
    |myproject_galapagvdy_U196  |myproject_galapagvdy  |        0|      4|  165|  49|
    |myproject_galapagvdy_U201  |myproject_galapagvdy  |        0|      4|  165|  49|
    |myproject_galapagvdy_U208  |myproject_galapagvdy  |        0|      4|  165|  49|
    |myproject_galapagwdI_U188  |myproject_galapagwdI  |        0|      4|  165|  49|
    |myproject_galapagwdI_U205  |myproject_galapagwdI  |        0|      4|  165|  49|
    |myproject_galapagxdS_U212  |myproject_galapagxdS  |        0|      4|  165|  49|
    |myproject_galapagyd2_U215  |myproject_galapagyd2  |        0|      4|  165|  49|
    |myproject_galapagzec_U219  |myproject_galapagzec  |        0|      4|  165|  49|
    +---------------------------+----------------------+---------+-------+-----+----+
    |Total                      |                      |        0|    288|11880|3528|
    +---------------------------+----------------------+---------+-------+-----+----+

    * DSP48: 
    N/A

    * Memory: 
    N/A

    * FIFO: 
    N/A

    * Expression: 
    +---------------------------------+----------+-------+---+----+------------+------------+
    |          Variable Name          | Operation| DSP48E| FF| LUT| Bitwidth P0| Bitwidth P1|
    +---------------------------------+----------+-------+---+----+------------+------------+
    |res_0_V_write_assig_fu_22666_p2  |     +    |      0|  0|  18|          32|          32|
    |res_1_V_write_assig_fu_22733_p2  |     +    |      0|  0|  18|          32|          32|
    |res_2_V_write_assig_fu_22802_p2  |     +    |      0|  0|  18|          32|          32|
    |res_3_V_write_assig_fu_22864_p2  |     +    |      0|  0|  18|          32|          32|
    |res_4_V_write_assig_fu_22924_p2  |     +    |      0|  0|  18|          32|          32|
    |res_5_V_write_assig_fu_22985_p2  |     +    |      0|  0|  18|          32|          32|
    |tmp10_fu_22643_p2                |     +    |      0|  0|  39|          32|          32|
    |tmp11_fu_22649_p2                |     +    |      0|  0|  18|          32|          26|
    |tmp12_fu_22694_p2                |     +    |      0|  0|  18|          32|          32|
    |tmp13_fu_22677_p2                |     +    |      0|  0|  18|          32|          32|
    |tmp14_fu_22672_p2                |     +    |      0|  0|  18|          32|          32|
    |tmp15_fu_22688_p2                |     +    |      0|  0|  18|          32|          32|
    |tmp16_fu_22683_p2                |     +    |      0|  0|  39|          32|          32|
    |tmp17_fu_22727_p2                |     +    |      0|  0|  18|          32|          32|
    |tmp18_fu_22704_p2                |     +    |      0|  0|  18|          32|          32|
    |tmp19_fu_22700_p2                |     +    |      0|  0|  18|          32|          32|
    |tmp1_fu_22626_p2                 |     +    |      0|  0|  18|          32|          32|
    |tmp20_fu_22721_p2                |     +    |      0|  0|  18|          32|          32|
    |tmp21_fu_22710_p2                |     +    |      0|  0|  39|          32|          32|
    |tmp22_fu_22716_p2                |     +    |      0|  0|  18|          32|          27|
    |tmp23_fu_22760_p2                |     +    |      0|  0|  18|          32|          32|
    |tmp24_fu_22745_p2                |     +    |      0|  0|  18|          32|          32|
    |tmp25_fu_22739_p2                |     +    |      0|  0|  18|          32|          32|
    |tmp26_fu_22755_p2                |     +    |      0|  0|  18|          32|          32|
    |tmp27_fu_22750_p2                |     +    |      0|  0|  39|          32|          32|
    |tmp28_fu_22796_p2                |     +    |      0|  0|  18|          32|          32|
    |tmp29_fu_22771_p2                |     +    |      0|  0|  18|          32|          32|
    |tmp2_fu_22609_p2                 |     +    |      0|  0|  18|          32|          32|
    |tmp30_fu_22766_p2                |     +    |      0|  0|  18|          32|          32|
    |tmp31_fu_22790_p2                |     +    |      0|  0|  18|          32|          32|
    |tmp32_fu_22776_p2                |     +    |      0|  0|  18|          32|          32|
    |tmp33_fu_22780_p2                |     +    |      0|  0|  38|          31|          27|
    |tmp34_fu_22828_p2                |     +    |      0|  0|  18|          32|          32|
    |tmp35_fu_22812_p2                |     +    |      0|  0|  18|          32|          32|
    |tmp36_fu_22808_p2                |     +    |      0|  0|  18|          32|          32|
    |tmp37_fu_22822_p2                |     +    |      0|  0|  18|          32|          32|
    |tmp38_fu_22818_p2                |     +    |      0|  0|  39|          32|          32|
    |tmp39_fu_22858_p2                |     +    |      0|  0|  18|          32|          32|
    |tmp3_fu_22604_p2                 |     +    |      0|  0|  18|          32|          32|
    |tmp40_fu_22838_p2                |     +    |      0|  0|  18|          32|          32|
    |tmp41_fu_22834_p2                |     +    |      0|  0|  18|          32|          32|
    |tmp42_fu_22852_p2                |     +    |      0|  0|  18|          32|          32|
    |tmp43_fu_22843_p2                |     +    |      0|  0|  39|          32|          32|
    |tmp44_fu_22847_p2                |     +    |      0|  0|  18|          32|          26|
    |tmp45_fu_22888_p2                |     +    |      0|  0|  18|          32|          32|
    |tmp46_fu_22874_p2                |     +    |      0|  0|  18|          32|          32|
    |tmp47_fu_22870_p2                |     +    |      0|  0|  18|          32|          32|
    |tmp48_fu_22883_p2                |     +    |      0|  0|  18|          32|          32|
    |tmp49_fu_22879_p2                |     +    |      0|  0|  39|          32|          32|
    |tmp4_fu_22620_p2                 |     +    |      0|  0|  18|          32|          32|
    |tmp50_fu_22918_p2                |     +    |      0|  0|  18|          32|          32|
    |tmp51_fu_22898_p2                |     +    |      0|  0|  18|          32|          32|
    |tmp52_fu_22894_p2                |     +    |      0|  0|  18|          32|          32|
    |tmp53_fu_22912_p2                |     +    |      0|  0|  18|          32|          32|
    |tmp54_fu_22903_p2                |     +    |      0|  0|  39|          32|          32|
    |tmp55_fu_22907_p2                |     +    |      0|  0|  18|          32|          26|
    |tmp56_fu_22949_p2                |     +    |      0|  0|  18|          32|          32|
    |tmp57_fu_22934_p2                |     +    |      0|  0|  18|          32|          32|
    |tmp58_fu_22930_p2                |     +    |      0|  0|  18|          32|          32|
    |tmp59_fu_22944_p2                |     +    |      0|  0|  18|          32|          32|
    |tmp5_fu_22615_p2                 |     +    |      0|  0|  39|          32|          32|
    |tmp60_fu_22939_p2                |     +    |      0|  0|  39|          32|          32|
    |tmp61_fu_22979_p2                |     +    |      0|  0|  18|          32|          32|
    |tmp62_fu_22959_p2                |     +    |      0|  0|  18|          32|          32|
    |tmp63_fu_22955_p2                |     +    |      0|  0|  18|          32|          32|
    |tmp64_fu_22973_p2                |     +    |      0|  0|  18|          32|          32|
    |tmp65_fu_22964_p2                |     +    |      0|  0|  39|          32|          32|
    |tmp66_fu_22968_p2                |     +    |      0|  0|  18|          32|          26|
    |tmp6_fu_22660_p2                 |     +    |      0|  0|  18|          32|          32|
    |tmp7_fu_22637_p2                 |     +    |      0|  0|  18|          32|          32|
    |tmp8_fu_22632_p2                 |     +    |      0|  0|  18|          32|          32|
    |tmp9_fu_22654_p2                 |     +    |      0|  0|  18|          32|          32|
    +---------------------------------+----------+-------+---+----+------------+------------+
    |Total                            |          |      0|  0|1547|        2303|        2270|
    +---------------------------------+----------+-------+---+----+------------+------------+

    * Multiplexer: 
    +-------------+----+-----------+-----+-----------+
    |     Name    | LUT| Input Size| Bits| Total Bits|
    +-------------+----+-----------+-----+-----------+
    |ap_return_0  |   9|          2|   32|         64|
    |ap_return_1  |   9|          2|   32|         64|
    |ap_return_2  |   9|          2|   32|         64|
    |ap_return_3  |   9|          2|   32|         64|
    |ap_return_4  |   9|          2|   32|         64|
    |ap_return_5  |   9|          2|   32|         64|
    +-------------+----+-----------+-----+-----------+
    |Total        |  54|         12|  192|        384|
    +-------------+----+-----------+-----+-----------+

    * Register: 
    +------------------------+----+----+-----+-----------+
    |          Name          | FF | LUT| Bits| Const Bits|
    +------------------------+----+----+-----+-----------+
    |ap_ce_reg               |   1|   0|    1|          0|
    |ap_return_0_int_reg     |  32|   0|   32|          0|
    |ap_return_1_int_reg     |  32|   0|   32|          0|
    |ap_return_2_int_reg     |  32|   0|   32|          0|
    |ap_return_3_int_reg     |  32|   0|   32|          0|
    |ap_return_4_int_reg     |  32|   0|   32|          0|
    |ap_return_5_int_reg     |  32|   0|   32|          0|
    |data_0_V_read_int_reg   |  32|   0|   32|          0|
    |data_10_V_read_int_reg  |  32|   0|   32|          0|
    |data_11_V_read_int_reg  |  32|   0|   32|          0|
    |data_1_V_read_int_reg   |  32|   0|   32|          0|
    |data_2_V_read_int_reg   |  32|   0|   32|          0|
    |data_3_V_read_int_reg   |  32|   0|   32|          0|
    |data_4_V_read_int_reg   |  32|   0|   32|          0|
    |data_5_V_read_int_reg   |  32|   0|   32|          0|
    |data_6_V_read_int_reg   |  32|   0|   32|          0|
    |data_7_V_read_int_reg   |  32|   0|   32|          0|
    |data_8_V_read_int_reg   |  32|   0|   32|          0|
    |data_9_V_read_int_reg   |  32|   0|   32|          0|
    |tmp_165_reg_23232       |  30|   0|   30|          0|
    |tmp_167_reg_23242       |  29|   0|   29|          0|
    |tmp_169_reg_23257       |  28|   0|   28|          0|
    |tmp_171_reg_23262       |  31|   0|   31|          0|
    |tmp_173_reg_23267       |  30|   0|   30|          0|
    |tmp_175_reg_23297       |  31|   0|   31|          0|
    |tmp_177_reg_23317       |  29|   0|   29|          0|
    |tmp_179_reg_23322       |  31|   0|   31|          0|
    |tmp_181_reg_23332       |  30|   0|   30|          0|
    |tmp_183_reg_23347       |  27|   0|   27|          0|
    |tmp_185_reg_23352       |  31|   0|   31|          0|
    |tmp_187_reg_23372       |  31|   0|   31|          0|
    |tmp_189_reg_23387       |  28|   0|   28|          0|
    |tmp_191_reg_23407       |  31|   0|   31|          0|
    |tmp_193_reg_23412       |  29|   0|   29|          0|
    |tmp_195_reg_23437       |  31|   0|   31|          0|
    |tmp_197_reg_23477       |  29|   0|   29|          0|
    |tmp_199_reg_23497       |  29|   0|   29|          0|
    |tmp_201_reg_23502       |  30|   0|   30|          0|
    |tmp_203_reg_23527       |  31|   0|   31|          0|
    |tmp_205_reg_23532       |  31|   0|   31|          0|
    |tmp_344_reg_23567       |  30|   0|   30|          0|
    |tmp_94_0_2_reg_23237    |  32|   0|   32|          0|
    |tmp_94_0_4_reg_23247    |  32|   0|   32|          0|
    |tmp_94_0_5_reg_23252    |  32|   0|   32|          0|
    |tmp_94_10_2_reg_23537   |  32|   0|   32|          0|
    |tmp_94_10_3_reg_23542   |  32|   0|   32|          0|
    |tmp_94_10_4_reg_23547   |  32|   0|   32|          0|
    |tmp_94_10_5_reg_23552   |  32|   0|   32|          0|
    |tmp_94_11_1_reg_23562   |  32|   0|   32|          0|
    |tmp_94_11_3_reg_23572   |  32|   0|   32|          0|
    |tmp_94_11_4_reg_23577   |  32|   0|   32|          0|
    |tmp_94_11_5_reg_23582   |  32|   0|   32|          0|
    |tmp_94_1_3_reg_23272    |  32|   0|   32|          0|
    |tmp_94_1_4_reg_23277    |  32|   0|   32|          0|
    |tmp_94_1_5_reg_23282    |  32|   0|   32|          0|
    |tmp_94_2_1_reg_23292    |  32|   0|   32|          0|
    |tmp_94_2_3_reg_23302    |  32|   0|   32|          0|
    |tmp_94_2_4_reg_23307    |  32|   0|   32|          0|
    |tmp_94_2_5_reg_23312    |  32|   0|   32|          0|
    |tmp_94_2_reg_23287      |  32|   0|   32|          0|
    |tmp_94_3_2_reg_23327    |  32|   0|   32|          0|
    |tmp_94_3_4_reg_23337    |  32|   0|   32|          0|
    |tmp_94_3_5_reg_23342    |  32|   0|   32|          0|
    |tmp_94_4_2_reg_23357    |  32|   0|   32|          0|
    |tmp_94_4_3_reg_23362    |  32|   0|   32|          0|
    |tmp_94_4_4_reg_23367    |  32|   0|   32|          0|
    |tmp_94_5_1_reg_23382    |  32|   0|   32|          0|
    |tmp_94_5_3_reg_23392    |  32|   0|   32|          0|
    |tmp_94_5_4_reg_23397    |  32|   0|   32|          0|
    |tmp_94_5_5_reg_23402    |  32|   0|   32|          0|
    |tmp_94_5_reg_23377      |  32|   0|   32|          0|
    |tmp_94_6_2_reg_23417    |  32|   0|   32|          0|
    |tmp_94_6_3_reg_23422    |  32|   0|   32|          0|
    |tmp_94_6_4_reg_23427    |  32|   0|   32|          0|
    |tmp_94_6_5_reg_23432    |  32|   0|   32|          0|
    |tmp_94_7_1_reg_23442    |  32|   0|   32|          0|
    |tmp_94_7_2_reg_23447    |  32|   0|   32|          0|
    |tmp_94_7_3_reg_23452    |  32|   0|   32|          0|
    |tmp_94_7_4_reg_23457    |  32|   0|   32|          0|
    |tmp_94_7_5_reg_23462    |  32|   0|   32|          0|
    |tmp_94_8_1_reg_23472    |  32|   0|   32|          0|
    |tmp_94_8_3_reg_23482    |  32|   0|   32|          0|
    |tmp_94_8_4_reg_23487    |  32|   0|   32|          0|
    |tmp_94_8_5_reg_23492    |  32|   0|   32|          0|
    |tmp_94_8_reg_23467      |  32|   0|   32|          0|
    |tmp_94_9_2_reg_23507    |  32|   0|   32|          0|
    |tmp_94_9_3_reg_23512    |  32|   0|   32|          0|
    |tmp_94_9_4_reg_23517    |  32|   0|   32|          0|
    |tmp_94_9_5_reg_23522    |  32|   0|   32|          0|
    |tmp_94_s_reg_23557      |  32|   0|   32|          0|
    |tmp_s_reg_23227         |  29|   0|   29|          0|
    +------------------------+----+----+-----+-----------+
    |Total                   |2831|   0| 2831|          0|
    +------------------------+----+----+-----+-----------+



================================================================
== Interface
================================================================
* Summary: 
+----------------+-----+-----+------------+----------------------+--------------+
|    RTL Ports   | Dir | Bits|  Protocol  |     Source Object    |    C Type    |
+----------------+-----+-----+------------+----------------------+--------------+
|ap_clk          |  in |    1| ap_ctrl_hs | compute_layer.0.0.0. | return value |
|ap_rst          |  in |    1| ap_ctrl_hs | compute_layer.0.0.0. | return value |
|ap_return_0     | out |   32| ap_ctrl_hs | compute_layer.0.0.0. | return value |
|ap_return_1     | out |   32| ap_ctrl_hs | compute_layer.0.0.0. | return value |
|ap_return_2     | out |   32| ap_ctrl_hs | compute_layer.0.0.0. | return value |
|ap_return_3     | out |   32| ap_ctrl_hs | compute_layer.0.0.0. | return value |
|ap_return_4     | out |   32| ap_ctrl_hs | compute_layer.0.0.0. | return value |
|ap_return_5     | out |   32| ap_ctrl_hs | compute_layer.0.0.0. | return value |
|ap_ce           |  in |    1| ap_ctrl_hs | compute_layer.0.0.0. | return value |
|data_0_V_read   |  in |   32|   ap_none  |     data_0_V_read    |    scalar    |
|data_1_V_read   |  in |   32|   ap_none  |     data_1_V_read    |    scalar    |
|data_2_V_read   |  in |   32|   ap_none  |     data_2_V_read    |    scalar    |
|data_3_V_read   |  in |   32|   ap_none  |     data_3_V_read    |    scalar    |
|data_4_V_read   |  in |   32|   ap_none  |     data_4_V_read    |    scalar    |
|data_5_V_read   |  in |   32|   ap_none  |     data_5_V_read    |    scalar    |
|data_6_V_read   |  in |   32|   ap_none  |     data_6_V_read    |    scalar    |
|data_7_V_read   |  in |   32|   ap_none  |     data_7_V_read    |    scalar    |
|data_8_V_read   |  in |   32|   ap_none  |     data_8_V_read    |    scalar    |
|data_9_V_read   |  in |   32|   ap_none  |     data_9_V_read    |    scalar    |
|data_10_V_read  |  in |   32|   ap_none  |    data_10_V_read    |    scalar    |
|data_11_V_read  |  in |   32|   ap_none  |    data_11_V_read    |    scalar    |
+----------------+-----+-----+------------+----------------------+--------------+

