

================================================================
== Vivado HLS Report for 'softmax'
================================================================
* Date:           Sun Mar 31 23:52:45 2019

* Version:        2018.2 (Build 2258646 on Thu Jun 14 20:25:20 MDT 2018)
* Project:        myproject_prj
* Solution:       solution1
* Product family: kintexu
* Target device:  xcku115-flva1517-2-e


================================================================
== Performance Estimates
================================================================
+ Timing (ns): 
    * Summary: 
    +--------+-------+----------+------------+
    |  Clock | Target| Estimated| Uncertainty|
    +--------+-------+----------+------------+
    |ap_clk  |   5.00|     3.958|        0.62|
    +--------+-------+----------+------------+

+ Latency (clock cycles): 
    * Summary: 
    +-----+-----+-----+-----+----------+
    |  Latency  |  Interval | Pipeline |
    | min | max | min | max |   Type   |
    +-----+-----+-----+-----+----------+
    |    6|    6|    1|    1| function |
    +-----+-----+-----+-----+----------+

    + Detail: 
        * Instance: 
        N/A

        * Loop: 
        N/A



================================================================
== Utilization Estimates
================================================================
* Summary: 
+---------------------+---------+-------+---------+--------+
|         Name        | BRAM_18K| DSP48E|    FF   |   LUT  |
+---------------------+---------+-------+---------+--------+
|DSP                  |        -|      -|        -|       -|
|Expression           |        -|      -|        0|    7002|
|FIFO                 |        -|      -|        -|       -|
|Instance             |        -|      -|        -|       -|
|Memory               |       18|      -|        0|       0|
|Multiplexer          |        -|      -|        -|       -|
|Register             |        -|      -|     1621|       -|
+---------------------+---------+-------+---------+--------+
|Total                |       18|      0|     1621|    7002|
+---------------------+---------+-------+---------+--------+
|Available SLR        |     2160|   2760|   663360|  331680|
+---------------------+---------+-------+---------+--------+
|Utilization SLR (%)  |    ~0   |      0|    ~0   |       2|
+---------------------+---------+-------+---------+--------+
|Available            |     4320|   5520|  1326720|  663360|
+---------------------+---------+-------+---------+--------+
|Utilization (%)      |    ~0   |      0|    ~0   |       1|
+---------------------+---------+-------+---------+--------+

+ Detail: 
    * Instance: 
    N/A

    * DSP48: 
    N/A

    * Memory: 
    +-----------------+----------------------+---------+---+----+------+-----+------+-------------+
    |      Memory     |        Module        | BRAM_18K| FF| LUT| Words| Bits| Banks| W*Bits*Banks|
    +-----------------+----------------------+---------+---+----+------+-----+------+-------------+
    |exp_table2_U     |softmax_exp_table2    |       15|  0|   0|  1024|   18|     1|        18432|
    |invert_table3_U  |softmax_invert_taAem  |        3|  0|   0|  1024|   15|     1|        15360|
    +-----------------+----------------------+---------+---+----+------+-----+------+-------------+
    |Total            |                      |       18|  0|   0|  2048|   33|     2|        33792|
    +-----------------+----------------------+---------+---+----+------+-----+------+-------------+

    * FIFO: 
    N/A

    * Expression: 
    +------------------------------+----------+-------+---+----+------------+------------+
    |         Variable Name        | Operation| DSP48E| FF| LUT| Bitwidth P0| Bitwidth P1|
    +------------------------------+----------+-------+---+----+------------+------------+
    |index_0_1_cast_fu_2767_p2     |     +    |      0|  0|  22|          10|          15|
    |index_0_1_fu_2762_p2          |     +    |      0|  0|  23|          10|          16|
    |index_0_2_cast_fu_2821_p2     |     +    |      0|  0|  22|          10|          15|
    |index_0_2_fu_2816_p2          |     +    |      0|  0|  23|          10|          16|
    |index_0_3_cast_fu_2875_p2     |     +    |      0|  0|  22|          10|          15|
    |index_0_3_fu_2870_p2          |     +    |      0|  0|  23|          10|          16|
    |index_0_4_cast_fu_2929_p2     |     +    |      0|  0|  22|          10|          15|
    |index_0_4_fu_2924_p2          |     +    |      0|  0|  23|          10|          16|
    |index_0_5_cast_fu_2983_p2     |     +    |      0|  0|  22|          10|          15|
    |index_0_5_fu_2978_p2          |     +    |      0|  0|  23|          10|          16|
    |index_122_2_cast_fu_3091_p2   |     +    |      0|  0|  22|          10|          15|
    |index_122_2_fu_3086_p2        |     +    |      0|  0|  23|          10|          16|
    |index_122_3_cast_fu_3145_p2   |     +    |      0|  0|  22|          10|          15|
    |index_122_3_fu_3140_p2        |     +    |      0|  0|  23|          10|          16|
    |index_122_4_cast_fu_3199_p2   |     +    |      0|  0|  22|          10|          15|
    |index_122_4_fu_3194_p2        |     +    |      0|  0|  23|          10|          16|
    |index_122_5_cast_fu_3253_p2   |     +    |      0|  0|  22|          10|          15|
    |index_122_5_fu_3248_p2        |     +    |      0|  0|  23|          10|          16|
    |index_2_1_cast_fu_3361_p2     |     +    |      0|  0|  22|          10|          15|
    |index_2_1_fu_3356_p2          |     +    |      0|  0|  23|          10|          16|
    |index_2_3_cast_fu_3415_p2     |     +    |      0|  0|  22|          10|          15|
    |index_2_3_fu_3410_p2          |     +    |      0|  0|  23|          10|          16|
    |index_2_4_cast_fu_3469_p2     |     +    |      0|  0|  22|          10|          15|
    |index_2_4_fu_3464_p2          |     +    |      0|  0|  23|          10|          16|
    |index_2_5_cast_fu_3523_p2     |     +    |      0|  0|  22|          10|          15|
    |index_2_5_fu_3518_p2          |     +    |      0|  0|  23|          10|          16|
    |index_2_cast_fu_3307_p2       |     +    |      0|  0|  22|          10|          15|
    |index_2_fu_3302_p2            |     +    |      0|  0|  23|          10|          16|
    |index_3_1_cast_fu_3631_p2     |     +    |      0|  0|  22|          10|          15|
    |index_3_1_fu_3626_p2          |     +    |      0|  0|  23|          10|          16|
    |index_3_2_cast_fu_3685_p2     |     +    |      0|  0|  22|          10|          15|
    |index_3_2_fu_3680_p2          |     +    |      0|  0|  23|          10|          16|
    |index_3_4_cast_fu_3739_p2     |     +    |      0|  0|  22|          10|          15|
    |index_3_4_fu_3734_p2          |     +    |      0|  0|  23|          10|          16|
    |index_3_5_cast_fu_3793_p2     |     +    |      0|  0|  22|          10|          15|
    |index_3_5_fu_3788_p2          |     +    |      0|  0|  23|          10|          16|
    |index_3_cast_fu_3577_p2       |     +    |      0|  0|  22|          10|          15|
    |index_3_fu_3572_p2            |     +    |      0|  0|  23|          10|          16|
    |index_4_1_cast_fu_3901_p2     |     +    |      0|  0|  22|          10|          15|
    |index_4_1_fu_3896_p2          |     +    |      0|  0|  23|          10|          16|
    |index_4_2_cast_fu_3955_p2     |     +    |      0|  0|  22|          10|          15|
    |index_4_2_fu_3950_p2          |     +    |      0|  0|  23|          10|          16|
    |index_4_3_cast_fu_4009_p2     |     +    |      0|  0|  22|          10|          15|
    |index_4_3_fu_4004_p2          |     +    |      0|  0|  23|          10|          16|
    |index_4_5_cast_fu_4063_p2     |     +    |      0|  0|  22|          10|          15|
    |index_4_5_fu_4058_p2          |     +    |      0|  0|  23|          10|          16|
    |index_4_cast_fu_3847_p2       |     +    |      0|  0|  22|          10|          15|
    |index_4_fu_3842_p2            |     +    |      0|  0|  23|          10|          16|
    |index_5_1_cast_fu_4171_p2     |     +    |      0|  0|  22|          10|          15|
    |index_5_1_fu_4166_p2          |     +    |      0|  0|  23|          10|          16|
    |index_5_2_cast_fu_4225_p2     |     +    |      0|  0|  22|          10|          15|
    |index_5_2_fu_4220_p2          |     +    |      0|  0|  23|          10|          16|
    |index_5_3_cast_fu_4279_p2     |     +    |      0|  0|  22|          10|          15|
    |index_5_3_fu_4274_p2          |     +    |      0|  0|  23|          10|          16|
    |index_5_4_cast_fu_4333_p2     |     +    |      0|  0|  22|          10|          15|
    |index_5_4_fu_4328_p2          |     +    |      0|  0|  23|          10|          16|
    |index_5_cast_fu_4117_p2       |     +    |      0|  0|  22|          10|          15|
    |index_5_fu_4112_p2            |     +    |      0|  0|  23|          10|          16|
    |index_cast_fu_3037_p2         |     +    |      0|  0|  22|          10|          15|
    |index_s_fu_3032_p2            |     +    |      0|  0|  23|          10|          16|
    |p_Val2_7_0_5_fu_4614_p2       |     +    |      0|  0|  18|          18|          18|
    |p_Val2_7_1_5_fu_4623_p2       |     +    |      0|  0|  18|          18|          18|
    |p_Val2_7_2_5_fu_4632_p2       |     +    |      0|  0|  18|          18|          18|
    |p_Val2_7_3_5_fu_4641_p2       |     +    |      0|  0|  18|          18|          18|
    |p_Val2_7_4_5_fu_4650_p2       |     +    |      0|  0|  18|          18|          18|
    |p_Val2_7_5_5_fu_4659_p2       |     +    |      0|  0|  18|          18|          18|
    |ret_V_1_1_fu_4814_p2          |     +    |      0|  0|  20|           1|          13|
    |ret_V_1_2_fu_4924_p2          |     +    |      0|  0|  20|           1|          13|
    |ret_V_1_3_fu_5034_p2          |     +    |      0|  0|  20|           1|          13|
    |ret_V_1_4_fu_5144_p2          |     +    |      0|  0|  20|           1|          13|
    |ret_V_1_5_fu_5254_p2          |     +    |      0|  0|  20|           1|          13|
    |ret_V_1_fu_4704_p2            |     +    |      0|  0|  20|           1|          13|
    |ret_V_3_0_1_fu_632_p2         |     +    |      0|  0|  23|           1|          16|
    |ret_V_3_0_2_fu_708_p2         |     +    |      0|  0|  23|           1|          16|
    |ret_V_3_0_3_fu_784_p2         |     +    |      0|  0|  23|           1|          16|
    |ret_V_3_0_4_fu_860_p2         |     +    |      0|  0|  23|           1|          16|
    |ret_V_3_0_5_fu_936_p2         |     +    |      0|  0|  23|           1|          16|
    |ret_V_3_1_2_fu_1080_p2        |     +    |      0|  0|  23|           1|          16|
    |ret_V_3_1_3_fu_1152_p2        |     +    |      0|  0|  23|           1|          16|
    |ret_V_3_1_4_fu_1224_p2        |     +    |      0|  0|  23|           1|          16|
    |ret_V_3_1_5_fu_1296_p2        |     +    |      0|  0|  23|           1|          16|
    |ret_V_3_1_fu_1008_p2          |     +    |      0|  0|  23|           1|          16|
    |ret_V_3_2_1_fu_1440_p2        |     +    |      0|  0|  23|           1|          16|
    |ret_V_3_2_3_fu_1512_p2        |     +    |      0|  0|  23|           1|          16|
    |ret_V_3_2_4_fu_1584_p2        |     +    |      0|  0|  23|           1|          16|
    |ret_V_3_2_5_fu_1656_p2        |     +    |      0|  0|  23|           1|          16|
    |ret_V_3_2_fu_1368_p2          |     +    |      0|  0|  23|           1|          16|
    |ret_V_3_3_1_fu_1800_p2        |     +    |      0|  0|  23|           1|          16|
    |ret_V_3_3_2_fu_1872_p2        |     +    |      0|  0|  23|           1|          16|
    |ret_V_3_3_4_fu_1944_p2        |     +    |      0|  0|  23|           1|          16|
    |ret_V_3_3_5_fu_2016_p2        |     +    |      0|  0|  23|           1|          16|
    |ret_V_3_3_fu_1728_p2          |     +    |      0|  0|  23|           1|          16|
    |ret_V_3_4_1_fu_2160_p2        |     +    |      0|  0|  23|           1|          16|
    |ret_V_3_4_2_fu_2232_p2        |     +    |      0|  0|  23|           1|          16|
    |ret_V_3_4_3_fu_2304_p2        |     +    |      0|  0|  23|           1|          16|
    |ret_V_3_4_5_fu_2376_p2        |     +    |      0|  0|  23|           1|          16|
    |ret_V_3_4_fu_2088_p2          |     +    |      0|  0|  23|           1|          16|
    |ret_V_3_5_1_fu_2520_p2        |     +    |      0|  0|  23|           1|          16|
    |ret_V_3_5_2_fu_2592_p2        |     +    |      0|  0|  23|           1|          16|
    |ret_V_3_5_3_fu_2664_p2        |     +    |      0|  0|  23|           1|          16|
    |ret_V_3_5_4_fu_2736_p2        |     +    |      0|  0|  23|           1|          16|
    |ret_V_3_5_fu_2448_p2          |     +    |      0|  0|  23|           1|          16|
    |tmp10_fu_4628_p2              |     +    |      0|  0|  18|          18|          18|
    |tmp11_fu_4544_p2              |     +    |      0|  0|  18|          11|          18|
    |tmp12_fu_4550_p2              |     +    |      0|  0|  18|          18|          18|
    |tmp13_fu_4556_p2              |     +    |      0|  0|  25|          18|          18|
    |tmp14_fu_4637_p2              |     +    |      0|  0|  18|          18|          18|
    |tmp15_fu_4562_p2              |     +    |      0|  0|  18|          11|          18|
    |tmp16_fu_4568_p2              |     +    |      0|  0|  18|          18|          18|
    |tmp17_fu_4574_p2              |     +    |      0|  0|  25|          18|          18|
    |tmp18_fu_4646_p2              |     +    |      0|  0|  18|          18|          18|
    |tmp19_fu_4580_p2              |     +    |      0|  0|  18|          11|          18|
    |tmp1_fu_4520_p2               |     +    |      0|  0|  25|          18|          18|
    |tmp20_fu_4586_p2              |     +    |      0|  0|  18|          18|          18|
    |tmp21_fu_4592_p2              |     +    |      0|  0|  25|          18|          18|
    |tmp22_fu_4655_p2              |     +    |      0|  0|  18|          18|          18|
    |tmp23_fu_4598_p2              |     +    |      0|  0|  18|          11|          18|
    |tmp24_fu_4604_p2              |     +    |      0|  0|  18|          18|          18|
    |tmp2_fu_4619_p2               |     +    |      0|  0|  18|          18|          18|
    |tmp3_fu_4526_p2               |     +    |      0|  0|  18|          11|          18|
    |tmp4_fu_4610_p2               |     +    |      0|  0|  18|          18|          18|
    |tmp5_fu_4502_p2               |     +    |      0|  0|  25|          18|          18|
    |tmp6_fu_4514_p2               |     +    |      0|  0|  18|          18|          18|
    |tmp7_fu_4508_p2               |     +    |      0|  0|  18|          11|          18|
    |tmp8_fu_4532_p2               |     +    |      0|  0|  18|          18|          18|
    |tmp9_fu_4538_p2               |     +    |      0|  0|  25|          18|          18|
    |r_V_0_1_fu_586_p2             |     -    |      0|  0|  40|          33|          33|
    |r_V_0_2_fu_662_p2             |     -    |      0|  0|  40|          33|          33|
    |r_V_0_3_fu_738_p2             |     -    |      0|  0|  40|          33|          33|
    |r_V_0_4_fu_814_p2             |     -    |      0|  0|  40|          33|          33|
    |r_V_0_5_fu_890_p2             |     -    |      0|  0|  40|          33|          33|
    |r_V_1_2_fu_1034_p2            |     -    |      0|  0|  40|          33|          33|
    |r_V_1_3_fu_1106_p2            |     -    |      0|  0|  40|          33|          33|
    |r_V_1_4_fu_1178_p2            |     -    |      0|  0|  40|          33|          33|
    |r_V_1_5_fu_1250_p2            |     -    |      0|  0|  40|          33|          33|
    |r_V_1_fu_962_p2               |     -    |      0|  0|  40|          33|          33|
    |r_V_2_1_fu_1394_p2            |     -    |      0|  0|  40|          33|          33|
    |r_V_2_3_fu_1466_p2            |     -    |      0|  0|  40|          33|          33|
    |r_V_2_4_fu_1538_p2            |     -    |      0|  0|  40|          33|          33|
    |r_V_2_5_fu_1610_p2            |     -    |      0|  0|  40|          33|          33|
    |r_V_2_fu_1322_p2              |     -    |      0|  0|  40|          33|          33|
    |r_V_3_1_fu_1754_p2            |     -    |      0|  0|  40|          33|          33|
    |r_V_3_2_fu_1826_p2            |     -    |      0|  0|  40|          33|          33|
    |r_V_3_4_fu_1898_p2            |     -    |      0|  0|  40|          33|          33|
    |r_V_3_5_fu_1970_p2            |     -    |      0|  0|  40|          33|          33|
    |r_V_3_fu_1682_p2              |     -    |      0|  0|  40|          33|          33|
    |r_V_4_1_fu_2114_p2            |     -    |      0|  0|  40|          33|          33|
    |r_V_4_2_fu_2186_p2            |     -    |      0|  0|  40|          33|          33|
    |r_V_4_3_fu_2258_p2            |     -    |      0|  0|  40|          33|          33|
    |r_V_4_5_fu_2330_p2            |     -    |      0|  0|  40|          33|          33|
    |r_V_4_fu_2042_p2              |     -    |      0|  0|  40|          33|          33|
    |r_V_5_1_fu_2474_p2            |     -    |      0|  0|  40|          33|          33|
    |r_V_5_2_fu_2546_p2            |     -    |      0|  0|  40|          33|          33|
    |r_V_5_3_fu_2618_p2            |     -    |      0|  0|  40|          33|          33|
    |r_V_5_4_fu_2690_p2            |     -    |      0|  0|  40|          33|          33|
    |r_V_5_fu_2402_p2              |     -    |      0|  0|  40|          33|          33|
    |ap_block_pp0_stage0_11001     |    and   |      0|  0|   2|           1|           1|
    |icmp10_fu_3342_p2             |   icmp   |      0|  0|  11|           5|           1|
    |icmp11_fu_3396_p2             |   icmp   |      0|  0|  11|           5|           1|
    |icmp12_fu_3450_p2             |   icmp   |      0|  0|  11|           5|           1|
    |icmp13_fu_3504_p2             |   icmp   |      0|  0|  11|           5|           1|
    |icmp14_fu_3558_p2             |   icmp   |      0|  0|  11|           5|           1|
    |icmp15_fu_3612_p2             |   icmp   |      0|  0|  11|           5|           1|
    |icmp16_fu_3666_p2             |   icmp   |      0|  0|  11|           5|           1|
    |icmp17_fu_3720_p2             |   icmp   |      0|  0|  11|           5|           1|
    |icmp18_fu_3774_p2             |   icmp   |      0|  0|  11|           5|           1|
    |icmp19_fu_3828_p2             |   icmp   |      0|  0|  11|           5|           1|
    |icmp1_fu_2856_p2              |   icmp   |      0|  0|  11|           5|           1|
    |icmp20_fu_3882_p2             |   icmp   |      0|  0|  11|           5|           1|
    |icmp21_fu_3936_p2             |   icmp   |      0|  0|  11|           5|           1|
    |icmp22_fu_3990_p2             |   icmp   |      0|  0|  11|           5|           1|
    |icmp23_fu_4044_p2             |   icmp   |      0|  0|  11|           5|           1|
    |icmp24_fu_4098_p2             |   icmp   |      0|  0|  11|           5|           1|
    |icmp25_fu_4152_p2             |   icmp   |      0|  0|  11|           5|           1|
    |icmp26_fu_4206_p2             |   icmp   |      0|  0|  11|           5|           1|
    |icmp27_fu_4260_p2             |   icmp   |      0|  0|  11|           5|           1|
    |icmp28_fu_4314_p2             |   icmp   |      0|  0|  11|           5|           1|
    |icmp29_fu_4368_p2             |   icmp   |      0|  0|  11|           5|           1|
    |icmp2_fu_2910_p2              |   icmp   |      0|  0|  11|           5|           1|
    |icmp30_fu_4760_p2             |   icmp   |      0|  0|   8|           2|           1|
    |icmp31_fu_4870_p2             |   icmp   |      0|  0|   8|           2|           1|
    |icmp32_fu_4980_p2             |   icmp   |      0|  0|   8|           2|           1|
    |icmp33_fu_5090_p2             |   icmp   |      0|  0|   8|           2|           1|
    |icmp34_fu_5200_p2             |   icmp   |      0|  0|   8|           2|           1|
    |icmp35_fu_5310_p2             |   icmp   |      0|  0|   8|           2|           1|
    |icmp3_fu_2964_p2              |   icmp   |      0|  0|  11|           5|           1|
    |icmp4_fu_3018_p2              |   icmp   |      0|  0|  11|           5|           1|
    |icmp5_fu_3072_p2              |   icmp   |      0|  0|  11|           5|           1|
    |icmp6_fu_3126_p2              |   icmp   |      0|  0|  11|           5|           1|
    |icmp7_fu_3180_p2              |   icmp   |      0|  0|  11|           5|           1|
    |icmp8_fu_3234_p2              |   icmp   |      0|  0|  11|           5|           1|
    |icmp9_fu_3288_p2              |   icmp   |      0|  0|  11|           5|           1|
    |icmp_fu_2802_p2               |   icmp   |      0|  0|  11|           5|           1|
    |tmp_10_1_fu_4808_p2           |   icmp   |      0|  0|  13|          10|           1|
    |tmp_10_2_fu_4918_p2           |   icmp   |      0|  0|  13|          10|           1|
    |tmp_10_3_fu_5028_p2           |   icmp   |      0|  0|  13|          10|           1|
    |tmp_10_4_fu_5138_p2           |   icmp   |      0|  0|  13|          10|           1|
    |tmp_10_5_fu_5248_p2           |   icmp   |      0|  0|  13|          10|           1|
    |tmp_22_0_1_fu_626_p2          |   icmp   |      0|  0|  20|          24|           1|
    |tmp_22_0_2_fu_702_p2          |   icmp   |      0|  0|  20|          24|           1|
    |tmp_22_0_3_fu_778_p2          |   icmp   |      0|  0|  20|          24|           1|
    |tmp_22_0_4_fu_854_p2          |   icmp   |      0|  0|  20|          24|           1|
    |tmp_22_0_5_fu_930_p2          |   icmp   |      0|  0|  20|          24|           1|
    |tmp_22_1_2_fu_1074_p2         |   icmp   |      0|  0|  20|          24|           1|
    |tmp_22_1_3_fu_1146_p2         |   icmp   |      0|  0|  20|          24|           1|
    |tmp_22_1_4_fu_1218_p2         |   icmp   |      0|  0|  20|          24|           1|
    |tmp_22_1_5_fu_1290_p2         |   icmp   |      0|  0|  20|          24|           1|
    |tmp_22_1_fu_1002_p2           |   icmp   |      0|  0|  20|          24|           1|
    |tmp_22_2_1_fu_1434_p2         |   icmp   |      0|  0|  20|          24|           1|
    |tmp_22_2_3_fu_1506_p2         |   icmp   |      0|  0|  20|          24|           1|
    |tmp_22_2_4_fu_1578_p2         |   icmp   |      0|  0|  20|          24|           1|
    |tmp_22_2_5_fu_1650_p2         |   icmp   |      0|  0|  20|          24|           1|
    |tmp_22_2_fu_1362_p2           |   icmp   |      0|  0|  20|          24|           1|
    |tmp_22_3_1_fu_1794_p2         |   icmp   |      0|  0|  20|          24|           1|
    |tmp_22_3_2_fu_1866_p2         |   icmp   |      0|  0|  20|          24|           1|
    |tmp_22_3_4_fu_1938_p2         |   icmp   |      0|  0|  20|          24|           1|
    |tmp_22_3_5_fu_2010_p2         |   icmp   |      0|  0|  20|          24|           1|
    |tmp_22_3_fu_1722_p2           |   icmp   |      0|  0|  20|          24|           1|
    |tmp_22_4_1_fu_2154_p2         |   icmp   |      0|  0|  20|          24|           1|
    |tmp_22_4_2_fu_2226_p2         |   icmp   |      0|  0|  20|          24|           1|
    |tmp_22_4_3_fu_2298_p2         |   icmp   |      0|  0|  20|          24|           1|
    |tmp_22_4_5_fu_2370_p2         |   icmp   |      0|  0|  20|          24|           1|
    |tmp_22_4_fu_2082_p2           |   icmp   |      0|  0|  20|          24|           1|
    |tmp_22_5_1_fu_2514_p2         |   icmp   |      0|  0|  20|          24|           1|
    |tmp_22_5_2_fu_2586_p2         |   icmp   |      0|  0|  20|          24|           1|
    |tmp_22_5_3_fu_2658_p2         |   icmp   |      0|  0|  20|          24|           1|
    |tmp_22_5_4_fu_2730_p2         |   icmp   |      0|  0|  20|          24|           1|
    |tmp_22_5_fu_2442_p2           |   icmp   |      0|  0|  20|          24|           1|
    |tmp_60_fu_4698_p2             |   icmp   |      0|  0|  13|          10|           1|
    |ap_block_pp0_stage0_subdone   |    or    |      0|  0|   2|           1|           1|
    |exp_res_index_1_1_fu_4876_p3  |  select  |      0|  0|  10|           1|           2|
    |exp_res_index_1_2_fu_4986_p3  |  select  |      0|  0|  10|           1|           2|
    |exp_res_index_1_3_fu_5096_p3  |  select  |      0|  0|  10|           1|           2|
    |exp_res_index_1_4_fu_5206_p3  |  select  |      0|  0|  10|           1|           2|
    |exp_res_index_1_5_fu_5316_p3  |  select  |      0|  0|  10|           1|           2|
    |exp_res_index_1_fu_4766_p3    |  select  |      0|  0|  10|           1|           2|
    |index_1_0_1_fu_2808_p3        |  select  |      0|  0|  10|           1|           2|
    |index_1_0_2_fu_2862_p3        |  select  |      0|  0|  10|           1|           2|
    |index_1_0_3_fu_2916_p3        |  select  |      0|  0|  10|           1|           2|
    |index_1_0_4_fu_2970_p3        |  select  |      0|  0|  10|           1|           2|
    |index_1_0_5_fu_3024_p3        |  select  |      0|  0|  10|           1|           2|
    |index_1_1_2_fu_3132_p3        |  select  |      0|  0|  10|           1|           2|
    |index_1_1_3_fu_3186_p3        |  select  |      0|  0|  10|           1|           2|
    |index_1_1_4_fu_3240_p3        |  select  |      0|  0|  10|           1|           2|
    |index_1_1_5_fu_3294_p3        |  select  |      0|  0|  10|           1|           2|
    |index_1_1_fu_3078_p3          |  select  |      0|  0|  10|           1|           2|
    |index_1_2_1_fu_3402_p3        |  select  |      0|  0|  10|           1|           2|
    |index_1_2_3_fu_3456_p3        |  select  |      0|  0|  10|           1|           2|
    |index_1_2_4_fu_3510_p3        |  select  |      0|  0|  10|           1|           2|
    |index_1_2_5_fu_3564_p3        |  select  |      0|  0|  10|           1|           2|
    |index_1_2_fu_3348_p3          |  select  |      0|  0|  10|           1|           2|
    |index_1_3_1_fu_3672_p3        |  select  |      0|  0|  10|           1|           2|
    |index_1_3_2_fu_3726_p3        |  select  |      0|  0|  10|           1|           2|
    |index_1_3_4_fu_3780_p3        |  select  |      0|  0|  10|           1|           2|
    |index_1_3_5_fu_3834_p3        |  select  |      0|  0|  10|           1|           2|
    |index_1_3_fu_3618_p3          |  select  |      0|  0|  10|           1|           2|
    |index_1_4_1_fu_3942_p3        |  select  |      0|  0|  10|           1|           2|
    |index_1_4_2_fu_3996_p3        |  select  |      0|  0|  10|           1|           2|
    |index_1_4_3_fu_4050_p3        |  select  |      0|  0|  10|           1|           2|
    |index_1_4_5_fu_4104_p3        |  select  |      0|  0|  10|           1|           2|
    |index_1_4_fu_3888_p3          |  select  |      0|  0|  10|           1|           2|
    |index_1_5_1_fu_4212_p3        |  select  |      0|  0|  10|           1|           2|
    |index_1_5_2_fu_4266_p3        |  select  |      0|  0|  10|           1|           2|
    |index_1_5_3_fu_4320_p3        |  select  |      0|  0|  10|           1|           2|
    |index_1_5_4_fu_4374_p3        |  select  |      0|  0|  10|           1|           2|
    |index_1_5_fu_4158_p3          |  select  |      0|  0|  10|           1|           2|
    |p_0_1_fu_638_p3               |  select  |      0|  0|  16|           1|          16|
    |p_0_2_fu_714_p3               |  select  |      0|  0|  16|           1|          16|
    |p_0_3_fu_790_p3               |  select  |      0|  0|  16|           1|          16|
    |p_0_4_fu_866_p3               |  select  |      0|  0|  16|           1|          16|
    |p_0_5_fu_942_p3               |  select  |      0|  0|  16|           1|          16|
    |p_1_1_fu_4820_p3              |  select  |      0|  0|  13|           1|          13|
    |p_1_2_49_fu_4930_p3           |  select  |      0|  0|  13|           1|          13|
    |p_1_2_fu_1086_p3              |  select  |      0|  0|  16|           1|          16|
    |p_1_3_51_fu_5040_p3           |  select  |      0|  0|  13|           1|          13|
    |p_1_3_fu_1158_p3              |  select  |      0|  0|  16|           1|          16|
    |p_1_43_fu_4710_p3             |  select  |      0|  0|  13|           1|          13|
    |p_1_4_54_fu_5150_p3           |  select  |      0|  0|  13|           1|          13|
    |p_1_4_fu_1230_p3              |  select  |      0|  0|  16|           1|          16|
    |p_1_5_56_fu_5260_p3           |  select  |      0|  0|  13|           1|          13|
    |p_1_5_fu_1302_p3              |  select  |      0|  0|  16|           1|          16|
    |p_1_fu_1014_p3                |  select  |      0|  0|  16|           1|          16|
    |p_2_1_48_fu_4848_p3           |  select  |      0|  0|  12|           1|           1|
    |p_2_1_fu_1446_p3              |  select  |      0|  0|  16|           1|          16|
    |p_2_2_fu_4958_p3              |  select  |      0|  0|  12|           1|           1|
    |p_2_3_53_fu_5068_p3           |  select  |      0|  0|  12|           1|           1|
    |p_2_3_fu_1518_p3              |  select  |      0|  0|  16|           1|          16|
    |p_2_45_fu_4738_p3             |  select  |      0|  0|  12|           1|           1|
    |p_2_4_55_fu_5178_p3           |  select  |      0|  0|  12|           1|           1|
    |p_2_4_fu_1590_p3              |  select  |      0|  0|  16|           1|          16|
    |p_2_5_58_fu_5288_p3           |  select  |      0|  0|  12|           1|           1|
    |p_2_5_fu_1662_p3              |  select  |      0|  0|  16|           1|          16|
    |p_2_fu_1374_p3                |  select  |      0|  0|  16|           1|          16|
    |p_3_0_1_fu_2780_p3            |  select  |      0|  0|  15|           1|           1|
    |p_3_0_2_fu_2834_p3            |  select  |      0|  0|  15|           1|           1|
    |p_3_0_3_fu_2888_p3            |  select  |      0|  0|  15|           1|           1|
    |p_3_0_4_fu_2942_p3            |  select  |      0|  0|  15|           1|           1|
    |p_3_0_5_fu_2996_p3            |  select  |      0|  0|  15|           1|           1|
    |p_3_1_2_fu_3104_p3            |  select  |      0|  0|  15|           1|           1|
    |p_3_1_35_fu_1806_p3           |  select  |      0|  0|  16|           1|          16|
    |p_3_1_3_fu_3158_p3            |  select  |      0|  0|  15|           1|           1|
    |p_3_1_4_fu_3212_p3            |  select  |      0|  0|  15|           1|           1|
    |p_3_1_5_fu_3266_p3            |  select  |      0|  0|  15|           1|           1|
    |p_3_1_fu_3050_p3              |  select  |      0|  0|  15|           1|           1|
    |p_3_2_1_fu_3374_p3            |  select  |      0|  0|  15|           1|           1|
    |p_3_2_36_fu_1878_p3           |  select  |      0|  0|  16|           1|          16|
    |p_3_2_3_fu_3428_p3            |  select  |      0|  0|  15|           1|           1|
    |p_3_2_4_fu_3482_p3            |  select  |      0|  0|  15|           1|           1|
    |p_3_2_5_fu_3536_p3            |  select  |      0|  0|  15|           1|           1|
    |p_3_2_fu_3320_p3              |  select  |      0|  0|  15|           1|           1|
    |p_3_3_1_fu_3644_p3            |  select  |      0|  0|  15|           1|           1|
    |p_3_3_2_fu_3698_p3            |  select  |      0|  0|  15|           1|           1|
    |p_3_3_4_fu_3752_p3            |  select  |      0|  0|  15|           1|           1|
    |p_3_3_5_fu_3806_p3            |  select  |      0|  0|  15|           1|           1|
    |p_3_3_fu_3590_p3              |  select  |      0|  0|  15|           1|           1|
    |p_3_4_1_fu_3914_p3            |  select  |      0|  0|  15|           1|           1|
    |p_3_4_2_fu_3968_p3            |  select  |      0|  0|  15|           1|           1|
    |p_3_4_37_fu_3860_p3           |  select  |      0|  0|  15|           1|           1|
    |p_3_4_3_fu_4022_p3            |  select  |      0|  0|  15|           1|           1|
    |p_3_4_5_fu_4076_p3            |  select  |      0|  0|  15|           1|           1|
    |p_3_4_fu_1950_p3              |  select  |      0|  0|  16|           1|          16|
    |p_3_5_1_fu_4184_p3            |  select  |      0|  0|  15|           1|           1|
    |p_3_5_2_fu_4238_p3            |  select  |      0|  0|  15|           1|           1|
    |p_3_5_38_fu_4130_p3           |  select  |      0|  0|  15|           1|           1|
    |p_3_5_3_fu_4292_p3            |  select  |      0|  0|  15|           1|           1|
    |p_3_5_4_fu_4346_p3            |  select  |      0|  0|  15|           1|           1|
    |p_3_5_fu_2022_p3              |  select  |      0|  0|  16|           1|          16|
    |p_3_fu_1734_p3                |  select  |      0|  0|  16|           1|          16|
    |p_4_1_47_fu_4828_p3           |  select  |      0|  0|  13|           1|          13|
    |p_4_1_fu_2166_p3              |  select  |      0|  0|  16|           1|          16|
    |p_4_2_50_fu_4938_p3           |  select  |      0|  0|  13|           1|          13|
    |p_4_2_fu_2238_p3              |  select  |      0|  0|  16|           1|          16|
    |p_4_3_52_fu_5048_p3           |  select  |      0|  0|  13|           1|          13|
    |p_4_3_fu_2310_p3              |  select  |      0|  0|  16|           1|          16|
    |p_4_44_fu_4718_p3             |  select  |      0|  0|  13|           1|          13|
    |p_4_4_fu_5158_p3              |  select  |      0|  0|  13|           1|          13|
    |p_4_5_57_fu_5268_p3           |  select  |      0|  0|  13|           1|          13|
    |p_4_5_fu_2382_p3              |  select  |      0|  0|  16|           1|          16|
    |p_4_fu_2094_p3                |  select  |      0|  0|  16|           1|          16|
    |p_5_0_1_fu_646_p3             |  select  |      0|  0|  16|           1|          16|
    |p_5_0_2_fu_722_p3             |  select  |      0|  0|  16|           1|          16|
    |p_5_0_3_fu_798_p3             |  select  |      0|  0|  16|           1|          16|
    |p_5_0_4_fu_874_p3             |  select  |      0|  0|  16|           1|          16|
    |p_5_0_5_fu_950_p3             |  select  |      0|  0|  16|           1|          16|
    |p_5_1_2_fu_1094_p3            |  select  |      0|  0|  16|           1|          16|
    |p_5_1_39_fu_2526_p3           |  select  |      0|  0|  16|           1|          16|
    |p_5_1_3_fu_1166_p3            |  select  |      0|  0|  16|           1|          16|
    |p_5_1_4_fu_1238_p3            |  select  |      0|  0|  16|           1|          16|
    |p_5_1_5_fu_1310_p3            |  select  |      0|  0|  16|           1|          16|
    |p_5_1_fu_1022_p3              |  select  |      0|  0|  16|           1|          16|
    |p_5_2_1_fu_1454_p3            |  select  |      0|  0|  16|           1|          16|
    |p_5_2_3_fu_1526_p3            |  select  |      0|  0|  16|           1|          16|
    |p_5_2_40_fu_2598_p3           |  select  |      0|  0|  16|           1|          16|
    |p_5_2_4_fu_1598_p3            |  select  |      0|  0|  16|           1|          16|
    |p_5_2_5_fu_1670_p3            |  select  |      0|  0|  16|           1|          16|
    |p_5_2_fu_1382_p3              |  select  |      0|  0|  16|           1|          16|
    |p_5_3_1_fu_1814_p3            |  select  |      0|  0|  16|           1|          16|
    |p_5_3_2_fu_1886_p3            |  select  |      0|  0|  16|           1|          16|
    |p_5_3_41_fu_2670_p3           |  select  |      0|  0|  16|           1|          16|
    |p_5_3_4_fu_1958_p3            |  select  |      0|  0|  16|           1|          16|
    |p_5_3_5_fu_2030_p3            |  select  |      0|  0|  16|           1|          16|
    |p_5_3_fu_1742_p3              |  select  |      0|  0|  16|           1|          16|
    |p_5_4_1_fu_2174_p3            |  select  |      0|  0|  16|           1|          16|
    |p_5_4_2_fu_2246_p3            |  select  |      0|  0|  16|           1|          16|
    |p_5_4_3_fu_2318_p3            |  select  |      0|  0|  16|           1|          16|
    |p_5_4_42_fu_2742_p3           |  select  |      0|  0|  16|           1|          16|
    |p_5_4_5_fu_2390_p3            |  select  |      0|  0|  16|           1|          16|
    |p_5_4_fu_2102_p3              |  select  |      0|  0|  16|           1|          16|
    |p_5_5_1_fu_2534_p3            |  select  |      0|  0|  16|           1|          16|
    |p_5_5_2_fu_2606_p3            |  select  |      0|  0|  16|           1|          16|
    |p_5_5_3_fu_2678_p3            |  select  |      0|  0|  16|           1|          16|
    |p_5_5_4_fu_2750_p3            |  select  |      0|  0|  16|           1|          16|
    |p_5_5_fu_2462_p3              |  select  |      0|  0|  16|           1|          16|
    |p_5_fu_2454_p3                |  select  |      0|  0|  16|           1|          16|
    |ap_enable_pp0                 |    xor   |      0|  0|   2|           1|           2|
    +------------------------------+----------+-------+---+----+------------+------------+
    |Total                         |          |      0|  0|7002|        3213|        4318|
    +------------------------------+----------+-------+---+----+------------+------------+

    * Multiplexer: 
    N/A

    * Register: 
    +-----------------------------+----+----+-----+-----------+
    |             Name            | FF | LUT| Bits| Const Bits|
    +-----------------------------+----+----+-----+-----------+
    |ap_CS_fsm                    |   1|   0|    1|          0|
    |ap_enable_reg_pp0_iter1      |   1|   0|    1|          0|
    |ap_enable_reg_pp0_iter2      |   1|   0|    1|          0|
    |ap_enable_reg_pp0_iter3      |   1|   0|    1|          0|
    |ap_enable_reg_pp0_iter4      |   1|   0|    1|          0|
    |ap_enable_reg_pp0_iter5      |   1|   0|    1|          0|
    |ap_enable_reg_pp0_iter6      |   1|   0|    1|          0|
    |exp_res_index_1_1_reg_6121   |  10|   0|   10|          0|
    |exp_res_index_1_2_reg_6126   |  10|   0|   10|          0|
    |exp_res_index_1_3_reg_6131   |  10|   0|   10|          0|
    |exp_res_index_1_4_reg_6136   |  10|   0|   10|          0|
    |exp_res_index_1_5_reg_6141   |  10|   0|   10|          0|
    |exp_res_index_1_reg_6116     |  10|   0|   10|          0|
    |exp_table2_load_13_reg_6056  |  18|   0|   18|          0|
    |exp_table2_load_18_reg_6071  |  18|   0|   18|          0|
    |exp_table2_load_23_reg_6086  |  18|   0|   18|          0|
    |exp_table2_load_28_reg_6101  |  18|   0|   18|          0|
    |exp_table2_load_3_reg_6026   |  18|   0|   18|          0|
    |exp_table2_load_8_reg_6041   |  18|   0|   18|          0|
    |index_1_0_1_reg_5726         |  10|   0|   10|          0|
    |index_1_0_2_reg_5731         |  10|   0|   10|          0|
    |index_1_0_3_reg_5736         |  10|   0|   10|          0|
    |index_1_0_4_reg_5741         |  10|   0|   10|          0|
    |index_1_0_5_reg_5746         |  10|   0|   10|          0|
    |index_1_1_2_reg_5756         |  10|   0|   10|          0|
    |index_1_1_3_reg_5761         |  10|   0|   10|          0|
    |index_1_1_4_reg_5766         |  10|   0|   10|          0|
    |index_1_1_5_reg_5771         |  10|   0|   10|          0|
    |index_1_1_reg_5751           |  10|   0|   10|          0|
    |index_1_2_1_reg_5781         |  10|   0|   10|          0|
    |index_1_2_3_reg_5786         |  10|   0|   10|          0|
    |index_1_2_4_reg_5791         |  10|   0|   10|          0|
    |index_1_2_5_reg_5796         |  10|   0|   10|          0|
    |index_1_2_reg_5776           |  10|   0|   10|          0|
    |index_1_3_1_reg_5806         |  10|   0|   10|          0|
    |index_1_3_2_reg_5811         |  10|   0|   10|          0|
    |index_1_3_4_reg_5816         |  10|   0|   10|          0|
    |index_1_3_5_reg_5821         |  10|   0|   10|          0|
    |index_1_3_reg_5801           |  10|   0|   10|          0|
    |index_1_4_1_reg_5831         |  10|   0|   10|          0|
    |index_1_4_2_reg_5836         |  10|   0|   10|          0|
    |index_1_4_3_reg_5841         |  10|   0|   10|          0|
    |index_1_4_5_reg_5846         |  10|   0|   10|          0|
    |index_1_4_reg_5826           |  10|   0|   10|          0|
    |index_1_5_1_reg_5856         |  10|   0|   10|          0|
    |index_1_5_2_reg_5861         |  10|   0|   10|          0|
    |index_1_5_3_reg_5866         |  10|   0|   10|          0|
    |index_1_5_4_reg_5871         |  10|   0|   10|          0|
    |index_1_5_reg_5851           |  10|   0|   10|          0|
    |p_5_0_1_reg_5426             |  16|   0|   16|          0|
    |p_5_0_2_reg_5436             |  16|   0|   16|          0|
    |p_5_0_3_reg_5446             |  16|   0|   16|          0|
    |p_5_0_4_reg_5456             |  16|   0|   16|          0|
    |p_5_0_5_reg_5466             |  16|   0|   16|          0|
    |p_5_1_2_reg_5486             |  16|   0|   16|          0|
    |p_5_1_3_reg_5496             |  16|   0|   16|          0|
    |p_5_1_4_reg_5506             |  16|   0|   16|          0|
    |p_5_1_5_reg_5516             |  16|   0|   16|          0|
    |p_5_1_reg_5476               |  16|   0|   16|          0|
    |p_5_2_1_reg_5536             |  16|   0|   16|          0|
    |p_5_2_3_reg_5546             |  16|   0|   16|          0|
    |p_5_2_4_reg_5556             |  16|   0|   16|          0|
    |p_5_2_5_reg_5566             |  16|   0|   16|          0|
    |p_5_2_reg_5526               |  16|   0|   16|          0|
    |p_5_3_1_reg_5586             |  16|   0|   16|          0|
    |p_5_3_2_reg_5596             |  16|   0|   16|          0|
    |p_5_3_4_reg_5606             |  16|   0|   16|          0|
    |p_5_3_5_reg_5616             |  16|   0|   16|          0|
    |p_5_3_reg_5576               |  16|   0|   16|          0|
    |p_5_4_1_reg_5636             |  16|   0|   16|          0|
    |p_5_4_2_reg_5646             |  16|   0|   16|          0|
    |p_5_4_3_reg_5656             |  16|   0|   16|          0|
    |p_5_4_5_reg_5666             |  16|   0|   16|          0|
    |p_5_4_reg_5626               |  16|   0|   16|          0|
    |p_5_5_1_reg_5686             |  16|   0|   16|          0|
    |p_5_5_2_reg_5696             |  16|   0|   16|          0|
    |p_5_5_3_reg_5706             |  16|   0|   16|          0|
    |p_5_5_4_reg_5716             |  16|   0|   16|          0|
    |p_5_5_reg_5676               |  16|   0|   16|          0|
    |tmp12_reg_6066               |  18|   0|   18|          0|
    |tmp13_reg_6076               |  18|   0|   18|          0|
    |tmp16_reg_6081               |  18|   0|   18|          0|
    |tmp17_reg_6091               |  18|   0|   18|          0|
    |tmp1_reg_6046                |  18|   0|   18|          0|
    |tmp20_reg_6096               |  18|   0|   18|          0|
    |tmp21_reg_6106               |  18|   0|   18|          0|
    |tmp24_reg_6111               |  18|   0|   18|          0|
    |tmp5_reg_6031                |  18|   0|   18|          0|
    |tmp6_reg_6036                |  18|   0|   18|          0|
    |tmp8_reg_6051                |  18|   0|   18|          0|
    |tmp9_reg_6061                |  18|   0|   18|          0|
    |tmp_102_reg_5531             |  15|   0|   15|          0|
    |tmp_109_reg_5541             |  15|   0|   15|          0|
    |tmp_115_reg_5551             |  15|   0|   15|          0|
    |tmp_121_reg_5561             |  15|   0|   15|          0|
    |tmp_127_reg_5571             |  15|   0|   15|          0|
    |tmp_133_reg_5581             |  15|   0|   15|          0|
    |tmp_139_reg_5591             |  15|   0|   15|          0|
    |tmp_145_reg_5601             |  15|   0|   15|          0|
    |tmp_151_reg_5611             |  15|   0|   15|          0|
    |tmp_157_reg_5621             |  15|   0|   15|          0|
    |tmp_163_reg_5631             |  15|   0|   15|          0|
    |tmp_169_reg_5641             |  15|   0|   15|          0|
    |tmp_175_reg_5651             |  15|   0|   15|          0|
    |tmp_181_reg_5661             |  15|   0|   15|          0|
    |tmp_187_reg_5671             |  15|   0|   15|          0|
    |tmp_193_reg_5681             |  15|   0|   15|          0|
    |tmp_199_reg_5691             |  15|   0|   15|          0|
    |tmp_19_reg_5441              |  15|   0|   15|          0|
    |tmp_205_reg_5701             |  15|   0|   15|          0|
    |tmp_211_reg_5711             |  15|   0|   15|          0|
    |tmp_217_reg_5721             |  15|   0|   15|          0|
    |tmp_31_reg_5451              |  15|   0|   15|          0|
    |tmp_43_reg_5461              |  15|   0|   15|          0|
    |tmp_55_reg_5471              |  15|   0|   15|          0|
    |tmp_68_reg_5481              |  15|   0|   15|          0|
    |tmp_6_reg_5431               |  15|   0|   15|          0|
    |tmp_77_reg_5491              |  15|   0|   15|          0|
    |tmp_84_reg_5501              |  15|   0|   15|          0|
    |tmp_90_reg_5511              |  15|   0|   15|          0|
    |tmp_96_reg_5521              |  15|   0|   15|          0|
    +-----------------------------+----+----+-----+-----------+
    |Total                        |1621|   0| 1621|          0|
    +-----------------------------+----+----+-----+-----------+



================================================================
== Interface
================================================================
* Summary: 
+---------------+-----+-----+------------+---------------+--------------+
|   RTL Ports   | Dir | Bits|  Protocol  | Source Object |    C Type    |
+---------------+-----+-----+------------+---------------+--------------+
|ap_clk         |  in |    1| ap_ctrl_hs |    softmax    | return value |
|ap_rst         |  in |    1| ap_ctrl_hs |    softmax    | return value |
|ap_start       |  in |    1| ap_ctrl_hs |    softmax    | return value |
|ap_done        | out |    1| ap_ctrl_hs |    softmax    | return value |
|ap_idle        | out |    1| ap_ctrl_hs |    softmax    | return value |
|ap_ready       | out |    1| ap_ctrl_hs |    softmax    | return value |
|ap_ce          |  in |    1| ap_ctrl_hs |    softmax    | return value |
|ap_return      | out |  189| ap_ctrl_hs |    softmax    | return value |
|data_0_V_read  |  in |   32|   ap_none  | data_0_V_read |    scalar    |
|data_1_V_read  |  in |   32|   ap_none  | data_1_V_read |    scalar    |
|data_2_V_read  |  in |   32|   ap_none  | data_2_V_read |    scalar    |
|data_3_V_read  |  in |   32|   ap_none  | data_3_V_read |    scalar    |
|data_4_V_read  |  in |   32|   ap_none  | data_4_V_read |    scalar    |
|data_5_V_read  |  in |   32|   ap_none  | data_5_V_read |    scalar    |
+---------------+-----+-----+------------+---------------+--------------+

