

================================================================
== Vivado HLS Report for 'myproject_galapagos'
================================================================
* Date:           Sun Mar 31 23:52:40 2019

* Version:        2018.2 (Build 2258646 on Thu Jun 14 20:25:20 MDT 2018)
* Project:        myproject_prj
* Solution:       solution1
* Product family: kintexu
* Target device:  xcku115-flva1517-2-e


================================================================
== Performance Estimates
================================================================
+ Timing (ns): 
    * Summary: 
    +--------+-------+----------+------------+
    |  Clock | Target| Estimated| Uncertainty|
    +--------+-------+----------+------------+
    |ap_clk  |   5.00|     4.312|        0.62|
    +--------+-------+----------+------------+

+ Latency (clock cycles): 
    * Summary: 
    +-----+-----+-----+-----+---------+
    |  Latency  |  Interval | Pipeline|
    | min | max | min | max |   Type  |
    +-----+-----+-----+-----+---------+
    |  115|  115|  115|  115|   none  |
    +-----+-----+-----+-----+---------+

    + Detail: 
        * Instance: 
        N/A

        * Loop: 
        +-------------+-----+-----+----------+-----------+-----------+------+----------+
        |             |  Latency  | Iteration|  Initiation Interval  | Trip |          |
        |  Loop Name  | min | max |  Latency |  achieved |   target  | Count| Pipelined|
        +-------------+-----+-----+----------+-----------+-----------+------+----------+
        |- Loop 1     |   80|   80|        20|          -|          -|     4|    no    |
        | + Loop 1.1  |   18|   18|         3|          -|          -|     6|    no    |
        |- Loop 2     |   18|   18|         3|          -|          -|     6|    no    |
        +-------------+-----+-----+----------+-----------+-----------+------+----------+

============================================================
+ Verbose Summary: Synthesis Manager
============================================================
InlineROM: 1
ExposeGlobal: 0
============================================================
+ Verbose Summary: CDFG Model
============================================================
IsTopModel: 1
ResetActiveHigh: 1
IsCombinational: 0
IsDatapathOnly: 0
HasWiredReturn: 1
HasMFsm: 0
HasVarLatency: 1
IsPipeline: 0
IsRtlPipelined: 0
IsInstanceOverlapped: 0
IsDontTouch: 0
HasImplIP: 0
IsGatedGlobalClock: 0


============================================================
+ Verbose Summary: Schedule
============================================================
* Number of FSM states : 23
* Pipeline : 0
* Dataflow Pipeline: 0

* FSM state transitions: 
1 --> 
	2  / true
2 --> 
	6  / (exitcond1)
	3  / (!exitcond1)
3 --> 
	4  / (!exitcond2)
	2  / (exitcond2)
4 --> 
	5  / true
5 --> 
	3  / true
6 --> 
	7  / true
7 --> 
	8  / true
8 --> 
	9  / true
9 --> 
	10  / true
10 --> 
	11  / true
11 --> 
	12  / true
12 --> 
	13  / true
13 --> 
	14  / true
14 --> 
	15  / true
15 --> 
	16  / true
16 --> 
	17  / true
17 --> 
	18  / true
18 --> 
	19  / true
19 --> 
	20  / true
20 --> 
	21  / true
21 --> 
	22  / (!exitcond)
22 --> 
	23  / true
23 --> 
	21  / true

* FSM state operations: 

State 1 <SV = 0> <Delay = 0.83>
ST_1 : Operation 24 [1/1] (0.00ns)   --->   "%tmp_id_V = alloca i8"   --->   Operation 24 'alloca' 'tmp_id_V' <Predicate = true> <Delay = 0.00>
ST_1 : Operation 25 [1/1] (0.00ns)   --->   "%tmp_user_V = alloca i40"   --->   Operation 25 'alloca' 'tmp_user_V' <Predicate = true> <Delay = 0.00>
ST_1 : Operation 26 [1/1] (0.00ns)   --->   "%tmp_keep_V = alloca i8"   --->   Operation 26 'alloca' 'tmp_keep_V' <Predicate = true> <Delay = 0.00>
ST_1 : Operation 27 [1/1] (0.00ns)   --->   "call void (...)* @_ssdm_op_SpecInterface(i8* %out_V_keep_V, [8 x i8]* @ap_fifo_str, i32 0, i32 0, [1 x i8]* @p_str, i32 0, i32 0, [1 x i8]* @p_str, [1 x i8]* @p_str, [1 x i8]* @p_str, i32 2, i32 2, i32 16, i32 16, [1 x i8]* @p_str, [1 x i8]* @p_str)"   --->   Operation 27 'specinterface' <Predicate = true> <Delay = 0.00>
ST_1 : Operation 28 [1/1] (0.00ns)   --->   "call void (...)* @_ssdm_op_SpecInterface(i40* %out_V_user_V, [8 x i8]* @ap_fifo_str, i32 0, i32 0, [1 x i8]* @p_str, i32 0, i32 0, [1 x i8]* @p_str, [1 x i8]* @p_str, [1 x i8]* @p_str, i32 2, i32 2, i32 16, i32 16, [1 x i8]* @p_str, [1 x i8]* @p_str)"   --->   Operation 28 'specinterface' <Predicate = true> <Delay = 0.00>
ST_1 : Operation 29 [1/1] (0.00ns)   --->   "call void (...)* @_ssdm_op_SpecInterface(i8* %out_V_id_V, [8 x i8]* @ap_fifo_str, i32 0, i32 0, [1 x i8]* @p_str, i32 0, i32 0, [1 x i8]* @p_str, [1 x i8]* @p_str, [1 x i8]* @p_str, i32 2, i32 2, i32 16, i32 16, [1 x i8]* @p_str, [1 x i8]* @p_str)"   --->   Operation 29 'specinterface' <Predicate = true> <Delay = 0.00>
ST_1 : Operation 30 [1/1] (0.00ns)   --->   "call void (...)* @_ssdm_op_SpecInterface(i1* %out_V_last_V, [8 x i8]* @ap_fifo_str, i32 0, i32 0, [1 x i8]* @p_str, i32 0, i32 0, [1 x i8]* @p_str, [1 x i8]* @p_str, [1 x i8]* @p_str, i32 2, i32 2, i32 16, i32 16, [1 x i8]* @p_str, [1 x i8]* @p_str)"   --->   Operation 30 'specinterface' <Predicate = true> <Delay = 0.00>
ST_1 : Operation 31 [1/1] (0.00ns)   --->   "call void (...)* @_ssdm_op_SpecInterface(i8* %out_V_dest_V, [8 x i8]* @ap_fifo_str, i32 0, i32 0, [1 x i8]* @p_str, i32 0, i32 0, [1 x i8]* @p_str, [1 x i8]* @p_str, [1 x i8]* @p_str, i32 2, i32 2, i32 16, i32 16, [1 x i8]* @p_str, [1 x i8]* @p_str)"   --->   Operation 31 'specinterface' <Predicate = true> <Delay = 0.00>
ST_1 : Operation 32 [1/1] (0.00ns)   --->   "call void (...)* @_ssdm_op_SpecInterface(i64* %out_V_data_V, [8 x i8]* @ap_fifo_str, i32 0, i32 0, [1 x i8]* @p_str, i32 0, i32 0, [1 x i8]* @p_str, [1 x i8]* @p_str, [1 x i8]* @p_str, i32 2, i32 2, i32 16, i32 16, [1 x i8]* @p_str, [1 x i8]* @p_str)"   --->   Operation 32 'specinterface' <Predicate = true> <Delay = 0.00>
ST_1 : Operation 33 [1/1] (0.00ns)   --->   "call void (...)* @_ssdm_op_SpecInterface(i8* %in_V_keep_V, [8 x i8]* @ap_fifo_str, i32 0, i32 0, [1 x i8]* @p_str, i32 0, i32 0, [1 x i8]* @p_str, [1 x i8]* @p_str, [1 x i8]* @p_str, i32 2, i32 2, i32 16, i32 16, [1 x i8]* @p_str, [1 x i8]* @p_str)"   --->   Operation 33 'specinterface' <Predicate = true> <Delay = 0.00>
ST_1 : Operation 34 [1/1] (0.00ns)   --->   "call void (...)* @_ssdm_op_SpecInterface(i40* %in_V_user_V, [8 x i8]* @ap_fifo_str, i32 0, i32 0, [1 x i8]* @p_str, i32 0, i32 0, [1 x i8]* @p_str, [1 x i8]* @p_str, [1 x i8]* @p_str, i32 2, i32 2, i32 16, i32 16, [1 x i8]* @p_str, [1 x i8]* @p_str)"   --->   Operation 34 'specinterface' <Predicate = true> <Delay = 0.00>
ST_1 : Operation 35 [1/1] (0.00ns)   --->   "call void (...)* @_ssdm_op_SpecInterface(i8* %in_V_id_V, [8 x i8]* @ap_fifo_str, i32 0, i32 0, [1 x i8]* @p_str, i32 0, i32 0, [1 x i8]* @p_str, [1 x i8]* @p_str, [1 x i8]* @p_str, i32 2, i32 2, i32 16, i32 16, [1 x i8]* @p_str, [1 x i8]* @p_str)"   --->   Operation 35 'specinterface' <Predicate = true> <Delay = 0.00>
ST_1 : Operation 36 [1/1] (0.00ns)   --->   "call void (...)* @_ssdm_op_SpecInterface(i1* %in_V_last_V, [8 x i8]* @ap_fifo_str, i32 0, i32 0, [1 x i8]* @p_str, i32 0, i32 0, [1 x i8]* @p_str, [1 x i8]* @p_str, [1 x i8]* @p_str, i32 2, i32 2, i32 16, i32 16, [1 x i8]* @p_str, [1 x i8]* @p_str)"   --->   Operation 36 'specinterface' <Predicate = true> <Delay = 0.00>
ST_1 : Operation 37 [1/1] (0.00ns)   --->   "call void (...)* @_ssdm_op_SpecInterface(i8* %in_V_dest_V, [8 x i8]* @ap_fifo_str, i32 0, i32 0, [1 x i8]* @p_str, i32 0, i32 0, [1 x i8]* @p_str, [1 x i8]* @p_str, [1 x i8]* @p_str, i32 2, i32 2, i32 16, i32 16, [1 x i8]* @p_str, [1 x i8]* @p_str)"   --->   Operation 37 'specinterface' <Predicate = true> <Delay = 0.00>
ST_1 : Operation 38 [1/1] (0.00ns)   --->   "call void (...)* @_ssdm_op_SpecInterface(i64* %in_V_data_V, [8 x i8]* @ap_fifo_str, i32 0, i32 0, [1 x i8]* @p_str, i32 0, i32 0, [1 x i8]* @p_str, [1 x i8]* @p_str, [1 x i8]* @p_str, i32 2, i32 2, i32 16, i32 16, [1 x i8]* @p_str, [1 x i8]* @p_str)"   --->   Operation 38 'specinterface' <Predicate = true> <Delay = 0.00>
ST_1 : Operation 39 [1/1] (0.00ns)   --->   "call void (...)* @_ssdm_op_SpecBitsMap(i64* %in_V_data_V), !map !153"   --->   Operation 39 'specbitsmap' <Predicate = true> <Delay = 0.00>
ST_1 : Operation 40 [1/1] (0.00ns)   --->   "call void (...)* @_ssdm_op_SpecBitsMap(i8* %in_V_dest_V), !map !159"   --->   Operation 40 'specbitsmap' <Predicate = true> <Delay = 0.00>
ST_1 : Operation 41 [1/1] (0.00ns)   --->   "call void (...)* @_ssdm_op_SpecBitsMap(i1* %in_V_last_V), !map !163"   --->   Operation 41 'specbitsmap' <Predicate = true> <Delay = 0.00>
ST_1 : Operation 42 [1/1] (0.00ns)   --->   "call void (...)* @_ssdm_op_SpecBitsMap(i8* %in_V_id_V), !map !167"   --->   Operation 42 'specbitsmap' <Predicate = true> <Delay = 0.00>
ST_1 : Operation 43 [1/1] (0.00ns)   --->   "call void (...)* @_ssdm_op_SpecBitsMap(i40* %in_V_user_V), !map !171"   --->   Operation 43 'specbitsmap' <Predicate = true> <Delay = 0.00>
ST_1 : Operation 44 [1/1] (0.00ns)   --->   "call void (...)* @_ssdm_op_SpecBitsMap(i8* %in_V_keep_V), !map !175"   --->   Operation 44 'specbitsmap' <Predicate = true> <Delay = 0.00>
ST_1 : Operation 45 [1/1] (0.00ns)   --->   "call void (...)* @_ssdm_op_SpecBitsMap(i64* %out_V_data_V), !map !179"   --->   Operation 45 'specbitsmap' <Predicate = true> <Delay = 0.00>
ST_1 : Operation 46 [1/1] (0.00ns)   --->   "call void (...)* @_ssdm_op_SpecBitsMap(i8* %out_V_dest_V), !map !183"   --->   Operation 46 'specbitsmap' <Predicate = true> <Delay = 0.00>
ST_1 : Operation 47 [1/1] (0.00ns)   --->   "call void (...)* @_ssdm_op_SpecBitsMap(i1* %out_V_last_V), !map !187"   --->   Operation 47 'specbitsmap' <Predicate = true> <Delay = 0.00>
ST_1 : Operation 48 [1/1] (0.00ns)   --->   "call void (...)* @_ssdm_op_SpecBitsMap(i8* %out_V_id_V), !map !191"   --->   Operation 48 'specbitsmap' <Predicate = true> <Delay = 0.00>
ST_1 : Operation 49 [1/1] (0.00ns)   --->   "call void (...)* @_ssdm_op_SpecBitsMap(i40* %out_V_user_V), !map !195"   --->   Operation 49 'specbitsmap' <Predicate = true> <Delay = 0.00>
ST_1 : Operation 50 [1/1] (0.00ns)   --->   "call void (...)* @_ssdm_op_SpecBitsMap(i8* %out_V_keep_V), !map !199"   --->   Operation 50 'specbitsmap' <Predicate = true> <Delay = 0.00>
ST_1 : Operation 51 [1/1] (0.00ns)   --->   "call void (...)* @_ssdm_op_SpecTopModule([20 x i8]* @myproject_galapagos_s) nounwind"   --->   Operation 51 'spectopmodule' <Predicate = true> <Delay = 0.00>
ST_1 : Operation 52 [1/1] (0.00ns)   --->   "%data_str_V = alloca i768, align 8" [myproject_galapagos.cpp:41]   --->   Operation 52 'alloca' 'data_str_V' <Predicate = true> <Delay = 0.00>
ST_1 : Operation 53 [1/1] (0.83ns)   --->   "br label %.loopexit" [myproject_galapagos.cpp:46]   --->   Operation 53 'br' <Predicate = true> <Delay = 0.83>

State 2 <SV = 1> <Delay = 0.83>
ST_2 : Operation 54 [1/1] (0.00ns)   --->   "%i = phi i3 [ 0, %arrayctor.loop4.preheader ], [ %i_1, %.loopexit.loopexit ]"   --->   Operation 54 'phi' 'i' <Predicate = true> <Delay = 0.00>
ST_2 : Operation 55 [1/1] (0.72ns)   --->   "%exitcond1 = icmp eq i3 %i, -4" [myproject_galapagos.cpp:46]   --->   Operation 55 'icmp' 'exitcond1' <Predicate = true> <Delay = 0.72> <Core = "Cmp">   --->   Core 25 'Cmp' <Latency = 0> <II = 1> <Delay = 0.72> <FuncUnit> <Opcode : 'icmp'> <InPorts = 2> <OutPorts = 1>
ST_2 : Operation 56 [1/1] (0.00ns)   --->   "%empty = call i32 (...)* @_ssdm_op_SpecLoopTripCount(i64 4, i64 4, i64 4)"   --->   Operation 56 'speclooptripcount' 'empty' <Predicate = true> <Delay = 0.00>
ST_2 : Operation 57 [1/1] (0.83ns)   --->   "%i_1 = add i3 %i, 1" [myproject_galapagos.cpp:46]   --->   Operation 57 'add' 'i_1' <Predicate = true> <Delay = 0.83> <Core = "AddSub">   --->   Core 14 'AddSub' <Latency = 0> <II = 1> <Delay = 1.28> <FuncUnit> <Opcode : 'add' 'sub'> <InPorts = 2> <OutPorts = 1>
ST_2 : Operation 58 [1/1] (0.00ns)   --->   "br i1 %exitcond1, label %1, label %.preheader.preheader" [myproject_galapagos.cpp:46]   --->   Operation 58 'br' <Predicate = true> <Delay = 0.00>
ST_2 : Operation 59 [1/1] (0.00ns)   --->   "%tmp = trunc i3 %i to i2" [myproject_galapagos.cpp:46]   --->   Operation 59 'trunc' 'tmp' <Predicate = (!exitcond1)> <Delay = 0.00>
ST_2 : Operation 60 [1/1] (0.00ns)   --->   "%tmp_s = call i7 @_ssdm_op_BitConcatenate.i7.i2.i5(i2 %tmp, i5 0)" [myproject_galapagos.cpp:49]   --->   Operation 60 'bitconcatenate' 'tmp_s' <Predicate = (!exitcond1)> <Delay = 0.00>
ST_2 : Operation 61 [1/1] (0.00ns)   --->   "%tmp_79 = or i7 %tmp_s, 31" [myproject_galapagos.cpp:49]   --->   Operation 61 'or' 'tmp_79' <Predicate = (!exitcond1)> <Delay = 0.00>
ST_2 : Operation 62 [1/1] (0.83ns)   --->   "br label %.preheader" [myproject_galapagos.cpp:47]   --->   Operation 62 'br' <Predicate = (!exitcond1)> <Delay = 0.83>

State 3 <SV = 2> <Delay = 2.63>
ST_3 : Operation 63 [1/1] (0.00ns)   --->   "%j = phi i3 [ %j_1, %0 ], [ 0, %.preheader.preheader ]"   --->   Operation 63 'phi' 'j' <Predicate = true> <Delay = 0.00>
ST_3 : Operation 64 [1/1] (0.72ns)   --->   "%exitcond2 = icmp eq i3 %j, -2" [myproject_galapagos.cpp:47]   --->   Operation 64 'icmp' 'exitcond2' <Predicate = true> <Delay = 0.72> <Core = "Cmp">   --->   Core 25 'Cmp' <Latency = 0> <II = 1> <Delay = 0.72> <FuncUnit> <Opcode : 'icmp'> <InPorts = 2> <OutPorts = 1>
ST_3 : Operation 65 [1/1] (0.00ns)   --->   "%empty_59 = call i32 (...)* @_ssdm_op_SpecLoopTripCount(i64 6, i64 6, i64 6)"   --->   Operation 65 'speclooptripcount' 'empty_59' <Predicate = true> <Delay = 0.00>
ST_3 : Operation 66 [1/1] (0.83ns)   --->   "%j_1 = add i3 %j, 1" [myproject_galapagos.cpp:47]   --->   Operation 66 'add' 'j_1' <Predicate = true> <Delay = 0.83> <Core = "AddSub">   --->   Core 14 'AddSub' <Latency = 0> <II = 1> <Delay = 1.28> <FuncUnit> <Opcode : 'add' 'sub'> <InPorts = 2> <OutPorts = 1>
ST_3 : Operation 67 [1/1] (0.00ns)   --->   "br i1 %exitcond2, label %.loopexit.loopexit, label %0" [myproject_galapagos.cpp:47]   --->   Operation 67 'br' <Predicate = true> <Delay = 0.00>
ST_3 : Operation 68 [1/1] (0.00ns)   --->   "%tmp_82 = call i10 @_ssdm_op_BitConcatenate.i10.i3.i7(i3 %j, i7 0)" [myproject_galapagos.cpp:47]   --->   Operation 68 'bitconcatenate' 'tmp_82' <Predicate = (!exitcond2)> <Delay = 0.00>
ST_3 : Operation 69 [1/1] (0.00ns)   --->   "%tmp_83 = or i10 %tmp_82, 127" [myproject_galapagos.cpp:47]   --->   Operation 69 'or' 'tmp_83' <Predicate = (!exitcond2)> <Delay = 0.00>
ST_3 : Operation 70 [1/1] (0.86ns)   --->   "%tmp_286 = icmp ugt i10 %tmp_82, %tmp_83" [myproject_galapagos.cpp:47]   --->   Operation 70 'icmp' 'tmp_286' <Predicate = (!exitcond2)> <Delay = 0.86> <Core = "Cmp">   --->   Core 25 'Cmp' <Latency = 0> <II = 1> <Delay = 0.72> <FuncUnit> <Opcode : 'icmp'> <InPorts = 2> <OutPorts = 1>
ST_3 : Operation 71 [1/1] (1.31ns)   --->   "%tmp_288 = sub i10 %tmp_82, %tmp_83" [myproject_galapagos.cpp:49]   --->   Operation 71 'sub' 'tmp_288' <Predicate = (!exitcond2)> <Delay = 1.31> <Core = "AddSub">   --->   Core 14 'AddSub' <Latency = 0> <II = 1> <Delay = 1.28> <FuncUnit> <Opcode : 'add' 'sub'> <InPorts = 2> <OutPorts = 1>
ST_3 : Operation 72 [1/1] (1.31ns)   --->   "%tmp_289 = sub i10 -257, %tmp_82" [myproject_galapagos.cpp:49]   --->   Operation 72 'sub' 'tmp_289' <Predicate = (!exitcond2)> <Delay = 1.31> <Core = "AddSub">   --->   Core 14 'AddSub' <Latency = 0> <II = 1> <Delay = 1.28> <FuncUnit> <Opcode : 'add' 'sub'> <InPorts = 2> <OutPorts = 1>
ST_3 : Operation 73 [1/1] (1.31ns)   --->   "%tmp_290 = sub i10 %tmp_83, %tmp_82" [myproject_galapagos.cpp:49]   --->   Operation 73 'sub' 'tmp_290' <Predicate = (!exitcond2)> <Delay = 1.31> <Core = "AddSub">   --->   Core 14 'AddSub' <Latency = 0> <II = 1> <Delay = 1.28> <FuncUnit> <Opcode : 'add' 'sub'> <InPorts = 2> <OutPorts = 1>
ST_3 : Operation 74 [1/1] (0.00ns) (grouped into LUT with out node tmp_294)   --->   "%tmp_291 = select i1 %tmp_286, i10 %tmp_288, i10 %tmp_290" [myproject_galapagos.cpp:49]   --->   Operation 74 'select' 'tmp_291' <Predicate = (!exitcond2)> <Delay = 0.00> <Core = "Sel">   --->   Core 26 'Sel' <Latency = 0> <II = 1> <Delay = 0.29> <FuncUnit> <Opcode : 'select'> <InPorts = 3> <OutPorts = 1>
ST_3 : Operation 75 [1/1] (1.31ns) (out node of the LUT)   --->   "%tmp_294 = sub i10 -257, %tmp_291" [myproject_galapagos.cpp:49]   --->   Operation 75 'sub' 'tmp_294' <Predicate = (!exitcond2)> <Delay = 1.31> <Core = "AddSub">   --->   Core 14 'AddSub' <Latency = 0> <II = 1> <Delay = 1.28> <FuncUnit> <Opcode : 'add' 'sub'> <InPorts = 2> <OutPorts = 1>
ST_3 : Operation 76 [1/1] (0.00ns)   --->   "br label %.loopexit"   --->   Operation 76 'br' <Predicate = (exitcond2)> <Delay = 0.00>

State 4 <SV = 3> <Delay = 4.31>
ST_4 : Operation 77 [1/1] (2.18ns)   --->   "%empty_60 = call { i64, i8, i1, i8, i40, i8 } @_ssdm_op_Read.ap_fifo.volatile.i64P.i8P.i1P.i8P.i40P.i8P(i64* %in_V_data_V, i8* %in_V_dest_V, i1* %in_V_last_V, i8* %in_V_id_V, i40* %in_V_user_V, i8* %in_V_keep_V)" [myproject_galapagos.cpp:48]   --->   Operation 77 'read' 'empty_60' <Predicate = true> <Delay = 2.18> <Core = "FIFO">   --->   Core 32 'FIFO' <Latency = 0> <II = 1> <Delay = 2.26> <Storage> <Opcode : 'read' 'write' 'nbread' 'nbwrite'> <Ports = 0> <Width = 64> <Depth = 0> <FIFO>
ST_4 : Operation 78 [1/1] (0.00ns) (grouped into LUT with out node tmp_313)   --->   "%tmp_data_V_3 = extractvalue { i64, i8, i1, i8, i40, i8 } %empty_60, 0" [myproject_galapagos.cpp:48]   --->   Operation 78 'extractvalue' 'tmp_data_V_3' <Predicate = true> <Delay = 0.00>
ST_4 : Operation 79 [1/1] (0.00ns)   --->   "%tmp_id_V_3 = extractvalue { i64, i8, i1, i8, i40, i8 } %empty_60, 3" [myproject_galapagos.cpp:48]   --->   Operation 79 'extractvalue' 'tmp_id_V_3' <Predicate = true> <Delay = 0.00>
ST_4 : Operation 80 [1/1] (0.00ns)   --->   "%tmp_user_V_3 = extractvalue { i64, i8, i1, i8, i40, i8 } %empty_60, 4" [myproject_galapagos.cpp:48]   --->   Operation 80 'extractvalue' 'tmp_user_V_3' <Predicate = true> <Delay = 0.00>
ST_4 : Operation 81 [1/1] (0.00ns)   --->   "%tmp_keep_V_3 = extractvalue { i64, i8, i1, i8, i40, i8 } %empty_60, 5" [myproject_galapagos.cpp:48]   --->   Operation 81 'extractvalue' 'tmp_keep_V_3' <Predicate = true> <Delay = 0.00>
ST_4 : Operation 82 [1/1] (0.00ns) (grouped into LUT with out node tmp_313)   --->   "%tmp_285 = trunc i64 %tmp_data_V_3 to i8" [myproject_galapagos.cpp:48]   --->   Operation 82 'trunc' 'tmp_285' <Predicate = true> <Delay = 0.00>
ST_4 : Operation 83 [1/1] (0.00ns) (grouped into LUT with out node tmp_313)   --->   "%tmp_4 = call i32 @_ssdm_op_BitConcatenate.i32.i8.i24(i8 %tmp_285, i24 0)" [myproject_galapagos.cpp:49]   --->   Operation 83 'bitconcatenate' 'tmp_4' <Predicate = true> <Delay = 0.00>
ST_4 : Operation 84 [1/1] (0.00ns)   --->   "%data_str_V_load = load i768* %data_str_V, align 8" [myproject_galapagos.cpp:49]   --->   Operation 84 'load' 'data_str_V_load' <Predicate = true> <Delay = 0.00>
ST_4 : Operation 85 [1/1] (0.00ns) (grouped into LUT with out node tmp_297)   --->   "%tmp_287 = call i768 @llvm.part.select.i768(i768 %data_str_V_load, i32 767, i32 0)" [myproject_galapagos.cpp:49]   --->   Operation 85 'partselect' 'tmp_287' <Predicate = (tmp_286)> <Delay = 0.00>
ST_4 : Operation 86 [1/1] (0.00ns) (grouped into LUT with out node tmp_297)   --->   "%tmp_292 = select i1 %tmp_286, i768 %tmp_287, i768 %data_str_V_load" [myproject_galapagos.cpp:47]   --->   Operation 86 'select' 'tmp_292' <Predicate = true> <Delay = 0.00> <Core = "Sel">   --->   Core 26 'Sel' <Latency = 0> <II = 1> <Delay = 0.29> <FuncUnit> <Opcode : 'select'> <InPorts = 3> <OutPorts = 1>
ST_4 : Operation 87 [1/1] (0.00ns) (grouped into LUT with out node tmp_297)   --->   "%tmp_293 = select i1 %tmp_286, i10 %tmp_289, i10 %tmp_82" [myproject_galapagos.cpp:47]   --->   Operation 87 'select' 'tmp_293' <Predicate = true> <Delay = 0.00> <Core = "Sel">   --->   Core 26 'Sel' <Latency = 0> <II = 1> <Delay = 0.29> <FuncUnit> <Opcode : 'select'> <InPorts = 3> <OutPorts = 1>
ST_4 : Operation 88 [1/1] (0.00ns) (grouped into LUT with out node tmp_297)   --->   "%tmp_295 = zext i10 %tmp_293 to i768" [myproject_galapagos.cpp:49]   --->   Operation 88 'zext' 'tmp_295' <Predicate = true> <Delay = 0.00>
ST_4 : Operation 89 [1/1] (0.00ns) (grouped into LUT with out node tmp_319)   --->   "%tmp_296 = zext i10 %tmp_294 to i768" [myproject_galapagos.cpp:49]   --->   Operation 89 'zext' 'tmp_296' <Predicate = true> <Delay = 0.00>
ST_4 : Operation 90 [1/1] (1.96ns) (out node of the LUT)   --->   "%tmp_297 = lshr i768 %tmp_292, %tmp_295" [myproject_galapagos.cpp:49]   --->   Operation 90 'lshr' 'tmp_297' <Predicate = true> <Delay = 1.96> <Core = "Shift">   --->   Core 28 'Shift' <Latency = 0> <II = 1> <Delay = 1.10> <FuncUnit> <Opcode : 'shl' 'lshr' 'ashr'> <InPorts = 2> <OutPorts = 1>
ST_4 : Operation 91 [1/1] (0.00ns) (grouped into LUT with out node tmp_319)   --->   "%tmp_298 = lshr i768 -1, %tmp_296" [myproject_galapagos.cpp:49]   --->   Operation 91 'lshr' 'tmp_298' <Predicate = true> <Delay = 0.00> <Core = "Shift">   --->   Core 28 'Shift' <Latency = 0> <II = 1> <Delay = 1.10> <FuncUnit> <Opcode : 'shl' 'lshr' 'ashr'> <InPorts = 2> <OutPorts = 1>
ST_4 : Operation 92 [1/1] (0.00ns) (grouped into LUT with out node tmp_319)   --->   "%tmp_299 = and i768 %tmp_297, %tmp_298" [myproject_galapagos.cpp:49]   --->   Operation 92 'and' 'tmp_299' <Predicate = true> <Delay = 0.00> <Core = "LogicGate">   --->   Core 27 'LogicGate' <Latency = 0> <II = 1> <Delay = 0.59> <FuncUnit> <Opcode : 'and' 'or' 'xor'> <InPorts = 2> <OutPorts = 1>
ST_4 : Operation 93 [1/1] (0.00ns) (grouped into LUT with out node tmp_319)   --->   "%tmp_300 = trunc i768 %tmp_299 to i128" [myproject_galapagos.cpp:49]   --->   Operation 93 'trunc' 'tmp_300' <Predicate = true> <Delay = 0.00>
ST_4 : Operation 94 [1/1] (0.81ns)   --->   "%tmp_301 = icmp ugt i7 %tmp_s, %tmp_79" [myproject_galapagos.cpp:49]   --->   Operation 94 'icmp' 'tmp_301' <Predicate = true> <Delay = 0.81> <Core = "Cmp">   --->   Core 25 'Cmp' <Latency = 0> <II = 1> <Delay = 0.72> <FuncUnit> <Opcode : 'icmp'> <InPorts = 2> <OutPorts = 1>
ST_4 : Operation 95 [1/1] (0.00ns)   --->   "%tmp_302 = zext i7 %tmp_s to i8" [myproject_galapagos.cpp:49]   --->   Operation 95 'zext' 'tmp_302' <Predicate = true> <Delay = 0.00>
ST_4 : Operation 96 [1/1] (0.00ns)   --->   "%tmp_303 = zext i7 %tmp_79 to i8" [myproject_galapagos.cpp:49]   --->   Operation 96 'zext' 'tmp_303' <Predicate = true> <Delay = 0.00>
ST_4 : Operation 97 [1/1] (0.00ns) (grouped into LUT with out node tmp_313)   --->   "%tmp_304 = zext i32 %tmp_4 to i128" [myproject_galapagos.cpp:49]   --->   Operation 97 'zext' 'tmp_304' <Predicate = true> <Delay = 0.00>
ST_4 : Operation 98 [1/1] (0.00ns) (grouped into LUT with out node tmp_313)   --->   "%tmp_305 = xor i8 %tmp_302, 127" [myproject_galapagos.cpp:49]   --->   Operation 98 'xor' 'tmp_305' <Predicate = true> <Delay = 0.00> <Core = "LogicGate">   --->   Core 27 'LogicGate' <Latency = 0> <II = 1> <Delay = 0.59> <FuncUnit> <Opcode : 'and' 'or' 'xor'> <InPorts = 2> <OutPorts = 1>
ST_4 : Operation 99 [1/1] (0.00ns) (grouped into LUT with out node p_demorgan)   --->   "%tmp_306 = select i1 %tmp_301, i8 %tmp_302, i8 %tmp_303" [myproject_galapagos.cpp:49]   --->   Operation 99 'select' 'tmp_306' <Predicate = true> <Delay = 0.00> <Core = "Sel">   --->   Core 26 'Sel' <Latency = 0> <II = 1> <Delay = 0.29> <FuncUnit> <Opcode : 'select'> <InPorts = 3> <OutPorts = 1>
ST_4 : Operation 100 [1/1] (0.00ns) (grouped into LUT with out node p_demorgan)   --->   "%tmp_307 = select i1 %tmp_301, i8 %tmp_303, i8 %tmp_302" [myproject_galapagos.cpp:49]   --->   Operation 100 'select' 'tmp_307' <Predicate = true> <Delay = 0.00> <Core = "Sel">   --->   Core 26 'Sel' <Latency = 0> <II = 1> <Delay = 0.29> <FuncUnit> <Opcode : 'select'> <InPorts = 3> <OutPorts = 1>
ST_4 : Operation 101 [1/1] (0.00ns) (grouped into LUT with out node tmp_313)   --->   "%tmp_308 = select i1 %tmp_301, i8 %tmp_305, i8 %tmp_302" [myproject_galapagos.cpp:49]   --->   Operation 101 'select' 'tmp_308' <Predicate = true> <Delay = 0.00> <Core = "Sel">   --->   Core 26 'Sel' <Latency = 0> <II = 1> <Delay = 0.29> <FuncUnit> <Opcode : 'select'> <InPorts = 3> <OutPorts = 1>
ST_4 : Operation 102 [1/1] (0.00ns) (grouped into LUT with out node p_demorgan)   --->   "%tmp_309 = xor i8 %tmp_306, 127" [myproject_galapagos.cpp:49]   --->   Operation 102 'xor' 'tmp_309' <Predicate = true> <Delay = 0.00> <Core = "LogicGate">   --->   Core 27 'LogicGate' <Latency = 0> <II = 1> <Delay = 0.59> <FuncUnit> <Opcode : 'and' 'or' 'xor'> <InPorts = 2> <OutPorts = 1>
ST_4 : Operation 103 [1/1] (0.00ns) (grouped into LUT with out node tmp_313)   --->   "%tmp_310 = zext i8 %tmp_308 to i128" [myproject_galapagos.cpp:49]   --->   Operation 103 'zext' 'tmp_310' <Predicate = true> <Delay = 0.00>
ST_4 : Operation 104 [1/1] (0.00ns) (grouped into LUT with out node p_demorgan)   --->   "%tmp_311 = zext i8 %tmp_307 to i128" [myproject_galapagos.cpp:49]   --->   Operation 104 'zext' 'tmp_311' <Predicate = true> <Delay = 0.00>
ST_4 : Operation 105 [1/1] (0.00ns) (grouped into LUT with out node p_demorgan)   --->   "%tmp_312 = zext i8 %tmp_309 to i128" [myproject_galapagos.cpp:49]   --->   Operation 105 'zext' 'tmp_312' <Predicate = true> <Delay = 0.00>
ST_4 : Operation 106 [1/1] (1.49ns) (out node of the LUT)   --->   "%tmp_313 = shl i128 %tmp_304, %tmp_310" [myproject_galapagos.cpp:49]   --->   Operation 106 'shl' 'tmp_313' <Predicate = true> <Delay = 1.49> <Core = "Shift">   --->   Core 28 'Shift' <Latency = 0> <II = 1> <Delay = 1.10> <FuncUnit> <Opcode : 'shl' 'lshr' 'ashr'> <InPorts = 2> <OutPorts = 1>
ST_4 : Operation 107 [1/1] (0.00ns) (grouped into LUT with out node tmp_321)   --->   "%tmp_314 = call i128 @llvm.part.select.i128(i128 %tmp_313, i32 127, i32 0)" [myproject_galapagos.cpp:49]   --->   Operation 107 'partselect' 'tmp_314' <Predicate = true> <Delay = 0.00>
ST_4 : Operation 108 [1/1] (0.00ns) (grouped into LUT with out node tmp_321)   --->   "%tmp_315 = select i1 %tmp_301, i128 %tmp_314, i128 %tmp_313" [myproject_galapagos.cpp:49]   --->   Operation 108 'select' 'tmp_315' <Predicate = true> <Delay = 0.00> <Core = "Sel">   --->   Core 26 'Sel' <Latency = 0> <II = 1> <Delay = 0.29> <FuncUnit> <Opcode : 'select'> <InPorts = 3> <OutPorts = 1>
ST_4 : Operation 109 [1/1] (0.00ns) (grouped into LUT with out node p_demorgan)   --->   "%tmp_316 = shl i128 -1, %tmp_311" [myproject_galapagos.cpp:49]   --->   Operation 109 'shl' 'tmp_316' <Predicate = true> <Delay = 0.00> <Core = "Shift">   --->   Core 28 'Shift' <Latency = 0> <II = 1> <Delay = 1.10> <FuncUnit> <Opcode : 'shl' 'lshr' 'ashr'> <InPorts = 2> <OutPorts = 1>
ST_4 : Operation 110 [1/1] (0.00ns) (grouped into LUT with out node p_demorgan)   --->   "%tmp_317 = lshr i128 -1, %tmp_312" [myproject_galapagos.cpp:49]   --->   Operation 110 'lshr' 'tmp_317' <Predicate = true> <Delay = 0.00> <Core = "Shift">   --->   Core 28 'Shift' <Latency = 0> <II = 1> <Delay = 1.10> <FuncUnit> <Opcode : 'shl' 'lshr' 'ashr'> <InPorts = 2> <OutPorts = 1>
ST_4 : Operation 111 [1/1] (1.10ns) (out node of the LUT)   --->   "%p_demorgan = and i128 %tmp_316, %tmp_317" [myproject_galapagos.cpp:49]   --->   Operation 111 'and' 'p_demorgan' <Predicate = true> <Delay = 1.10> <Core = "LogicGate">   --->   Core 27 'LogicGate' <Latency = 0> <II = 1> <Delay = 0.59> <FuncUnit> <Opcode : 'and' 'or' 'xor'> <InPorts = 2> <OutPorts = 1>
ST_4 : Operation 112 [1/1] (0.00ns) (grouped into LUT with out node tmp_319)   --->   "%tmp_318 = xor i128 %p_demorgan, -1" [myproject_galapagos.cpp:49]   --->   Operation 112 'xor' 'tmp_318' <Predicate = true> <Delay = 0.00> <Core = "LogicGate">   --->   Core 27 'LogicGate' <Latency = 0> <II = 1> <Delay = 0.59> <FuncUnit> <Opcode : 'and' 'or' 'xor'> <InPorts = 2> <OutPorts = 1>
ST_4 : Operation 113 [1/1] (1.15ns) (out node of the LUT)   --->   "%tmp_319 = and i128 %tmp_300, %tmp_318" [myproject_galapagos.cpp:49]   --->   Operation 113 'and' 'tmp_319' <Predicate = true> <Delay = 1.15> <Core = "LogicGate">   --->   Core 27 'LogicGate' <Latency = 0> <II = 1> <Delay = 0.59> <FuncUnit> <Opcode : 'and' 'or' 'xor'> <InPorts = 2> <OutPorts = 1>
ST_4 : Operation 114 [1/1] (0.00ns) (grouped into LUT with out node tmp_321)   --->   "%tmp_320 = and i128 %tmp_315, %p_demorgan" [myproject_galapagos.cpp:49]   --->   Operation 114 'and' 'tmp_320' <Predicate = true> <Delay = 0.00> <Core = "LogicGate">   --->   Core 27 'LogicGate' <Latency = 0> <II = 1> <Delay = 0.59> <FuncUnit> <Opcode : 'and' 'or' 'xor'> <InPorts = 2> <OutPorts = 1>
ST_4 : Operation 115 [1/1] (0.62ns) (out node of the LUT)   --->   "%tmp_321 = or i128 %tmp_319, %tmp_320" [myproject_galapagos.cpp:49]   --->   Operation 115 'or' 'tmp_321' <Predicate = true> <Delay = 0.62> <Core = "LogicGate">   --->   Core 27 'LogicGate' <Latency = 0> <II = 1> <Delay = 0.59> <FuncUnit> <Opcode : 'and' 'or' 'xor'> <InPorts = 2> <OutPorts = 1>
ST_4 : Operation 116 [1/1] (0.86ns)   --->   "%tmp_322 = icmp ugt i10 %tmp_82, %tmp_83" [myproject_galapagos.cpp:47]   --->   Operation 116 'icmp' 'tmp_322' <Predicate = true> <Delay = 0.86> <Core = "Cmp">   --->   Core 25 'Cmp' <Latency = 0> <II = 1> <Delay = 0.72> <FuncUnit> <Opcode : 'icmp'> <InPorts = 2> <OutPorts = 1>
ST_4 : Operation 117 [1/1] (0.00ns)   --->   "store i8 %tmp_keep_V_3, i8* %tmp_keep_V" [myproject_galapagos.cpp:48]   --->   Operation 117 'store' <Predicate = true> <Delay = 0.00>
ST_4 : Operation 118 [1/1] (0.00ns)   --->   "store i40 %tmp_user_V_3, i40* %tmp_user_V" [myproject_galapagos.cpp:48]   --->   Operation 118 'store' <Predicate = true> <Delay = 0.00>
ST_4 : Operation 119 [1/1] (0.00ns)   --->   "store i8 %tmp_id_V_3, i8* %tmp_id_V" [myproject_galapagos.cpp:48]   --->   Operation 119 'store' <Predicate = true> <Delay = 0.00>

State 5 <SV = 4> <Delay = 4.01>
ST_5 : Operation 120 [1/1] (0.00ns) (grouped into LUT with out node tmp_332)   --->   "%tmp_323 = zext i128 %tmp_321 to i768" [myproject_galapagos.cpp:49]   --->   Operation 120 'zext' 'tmp_323' <Predicate = true> <Delay = 0.00>
ST_5 : Operation 121 [1/1] (1.31ns)   --->   "%tmp_324 = sub i10 -257, %tmp_82" [myproject_galapagos.cpp:49]   --->   Operation 121 'sub' 'tmp_324' <Predicate = (tmp_322)> <Delay = 1.31> <Core = "AddSub">   --->   Core 14 'AddSub' <Latency = 0> <II = 1> <Delay = 1.28> <FuncUnit> <Opcode : 'add' 'sub'> <InPorts = 2> <OutPorts = 1>
ST_5 : Operation 122 [1/1] (0.00ns) (grouped into LUT with out node tmp_328)   --->   "%tmp_325 = select i1 %tmp_322, i10 %tmp_82, i10 %tmp_83" [myproject_galapagos.cpp:47]   --->   Operation 122 'select' 'tmp_325' <Predicate = true> <Delay = 0.00> <Core = "Sel">   --->   Core 26 'Sel' <Latency = 0> <II = 1> <Delay = 0.29> <FuncUnit> <Opcode : 'select'> <InPorts = 3> <OutPorts = 1>
ST_5 : Operation 123 [1/1] (0.00ns) (grouped into LUT with out node p_demorgan1)   --->   "%tmp_326 = select i1 %tmp_322, i10 %tmp_83, i10 %tmp_82" [myproject_galapagos.cpp:47]   --->   Operation 123 'select' 'tmp_326' <Predicate = true> <Delay = 0.00> <Core = "Sel">   --->   Core 26 'Sel' <Latency = 0> <II = 1> <Delay = 0.29> <FuncUnit> <Opcode : 'select'> <InPorts = 3> <OutPorts = 1>
ST_5 : Operation 124 [1/1] (0.00ns) (grouped into LUT with out node tmp_332)   --->   "%tmp_327 = select i1 %tmp_322, i10 %tmp_324, i10 %tmp_82" [myproject_galapagos.cpp:47]   --->   Operation 124 'select' 'tmp_327' <Predicate = true> <Delay = 0.00> <Core = "Sel">   --->   Core 26 'Sel' <Latency = 0> <II = 1> <Delay = 0.29> <FuncUnit> <Opcode : 'select'> <InPorts = 3> <OutPorts = 1>
ST_5 : Operation 125 [1/1] (1.31ns) (out node of the LUT)   --->   "%tmp_328 = sub i10 -257, %tmp_325" [myproject_galapagos.cpp:49]   --->   Operation 125 'sub' 'tmp_328' <Predicate = true> <Delay = 1.31> <Core = "AddSub">   --->   Core 14 'AddSub' <Latency = 0> <II = 1> <Delay = 1.28> <FuncUnit> <Opcode : 'add' 'sub'> <InPorts = 2> <OutPorts = 1>
ST_5 : Operation 126 [1/1] (0.00ns) (grouped into LUT with out node tmp_332)   --->   "%tmp_329 = zext i10 %tmp_327 to i768" [myproject_galapagos.cpp:49]   --->   Operation 126 'zext' 'tmp_329' <Predicate = true> <Delay = 0.00>
ST_5 : Operation 127 [1/1] (0.00ns) (grouped into LUT with out node p_demorgan1)   --->   "%tmp_330 = zext i10 %tmp_326 to i768" [myproject_galapagos.cpp:49]   --->   Operation 127 'zext' 'tmp_330' <Predicate = true> <Delay = 0.00>
ST_5 : Operation 128 [1/1] (0.00ns) (grouped into LUT with out node p_demorgan1)   --->   "%tmp_331 = zext i10 %tmp_328 to i768" [myproject_galapagos.cpp:49]   --->   Operation 128 'zext' 'tmp_331' <Predicate = true> <Delay = 0.00>
ST_5 : Operation 129 [1/1] (1.64ns) (out node of the LUT)   --->   "%tmp_332 = shl i768 %tmp_323, %tmp_329" [myproject_galapagos.cpp:49]   --->   Operation 129 'shl' 'tmp_332' <Predicate = true> <Delay = 1.64> <Core = "Shift">   --->   Core 28 'Shift' <Latency = 0> <II = 1> <Delay = 1.10> <FuncUnit> <Opcode : 'shl' 'lshr' 'ashr'> <InPorts = 2> <OutPorts = 1>
ST_5 : Operation 130 [1/1] (0.00ns) (grouped into LUT with out node data_str_V_1)   --->   "%tmp_333 = call i768 @llvm.part.select.i768(i768 %tmp_332, i32 767, i32 0)" [myproject_galapagos.cpp:49]   --->   Operation 130 'partselect' 'tmp_333' <Predicate = (tmp_322)> <Delay = 0.00>
ST_5 : Operation 131 [1/1] (0.00ns) (grouped into LUT with out node data_str_V_1)   --->   "%tmp_334 = select i1 %tmp_322, i768 %tmp_333, i768 %tmp_332" [myproject_galapagos.cpp:47]   --->   Operation 131 'select' 'tmp_334' <Predicate = true> <Delay = 0.00> <Core = "Sel">   --->   Core 26 'Sel' <Latency = 0> <II = 1> <Delay = 0.29> <FuncUnit> <Opcode : 'select'> <InPorts = 3> <OutPorts = 1>
ST_5 : Operation 132 [1/1] (0.00ns) (grouped into LUT with out node p_demorgan1)   --->   "%tmp_335 = shl i768 -1, %tmp_330" [myproject_galapagos.cpp:49]   --->   Operation 132 'shl' 'tmp_335' <Predicate = true> <Delay = 0.00> <Core = "Shift">   --->   Core 28 'Shift' <Latency = 0> <II = 1> <Delay = 1.10> <FuncUnit> <Opcode : 'shl' 'lshr' 'ashr'> <InPorts = 2> <OutPorts = 1>
ST_5 : Operation 133 [1/1] (0.00ns) (grouped into LUT with out node p_demorgan1)   --->   "%tmp_336 = lshr i768 -1, %tmp_331" [myproject_galapagos.cpp:49]   --->   Operation 133 'lshr' 'tmp_336' <Predicate = true> <Delay = 0.00> <Core = "Shift">   --->   Core 28 'Shift' <Latency = 0> <II = 1> <Delay = 1.10> <FuncUnit> <Opcode : 'shl' 'lshr' 'ashr'> <InPorts = 2> <OutPorts = 1>
ST_5 : Operation 134 [1/1] (1.15ns) (out node of the LUT)   --->   "%p_demorgan1 = and i768 %tmp_335, %tmp_336" [myproject_galapagos.cpp:49]   --->   Operation 134 'and' 'p_demorgan1' <Predicate = true> <Delay = 1.15> <Core = "LogicGate">   --->   Core 27 'LogicGate' <Latency = 0> <II = 1> <Delay = 0.59> <FuncUnit> <Opcode : 'and' 'or' 'xor'> <InPorts = 2> <OutPorts = 1>
ST_5 : Operation 135 [1/1] (0.00ns) (grouped into LUT with out node data_str_V_1)   --->   "%tmp_337 = xor i768 %p_demorgan1, -1" [myproject_galapagos.cpp:49]   --->   Operation 135 'xor' 'tmp_337' <Predicate = true> <Delay = 0.00> <Core = "LogicGate">   --->   Core 27 'LogicGate' <Latency = 0> <II = 1> <Delay = 0.59> <FuncUnit> <Opcode : 'and' 'or' 'xor'> <InPorts = 2> <OutPorts = 1>
ST_5 : Operation 136 [1/1] (0.00ns) (grouped into LUT with out node data_str_V_1)   --->   "%tmp_338 = and i768 %data_str_V_load, %tmp_337" [myproject_galapagos.cpp:49]   --->   Operation 136 'and' 'tmp_338' <Predicate = true> <Delay = 0.00> <Core = "LogicGate">   --->   Core 27 'LogicGate' <Latency = 0> <II = 1> <Delay = 0.59> <FuncUnit> <Opcode : 'and' 'or' 'xor'> <InPorts = 2> <OutPorts = 1>
ST_5 : Operation 137 [1/1] (0.00ns) (grouped into LUT with out node data_str_V_1)   --->   "%tmp_339 = and i768 %tmp_334, %p_demorgan1" [myproject_galapagos.cpp:49]   --->   Operation 137 'and' 'tmp_339' <Predicate = true> <Delay = 0.00> <Core = "LogicGate">   --->   Core 27 'LogicGate' <Latency = 0> <II = 1> <Delay = 0.59> <FuncUnit> <Opcode : 'and' 'or' 'xor'> <InPorts = 2> <OutPorts = 1>
ST_5 : Operation 138 [1/1] (1.05ns) (out node of the LUT)   --->   "%data_str_V_1 = or i768 %tmp_338, %tmp_339" [myproject_galapagos.cpp:49]   --->   Operation 138 'or' 'data_str_V_1' <Predicate = true> <Delay = 1.05> <Core = "LogicGate">   --->   Core 27 'LogicGate' <Latency = 0> <II = 1> <Delay = 0.59> <FuncUnit> <Opcode : 'and' 'or' 'xor'> <InPorts = 2> <OutPorts = 1>
ST_5 : Operation 139 [1/1] (0.00ns)   --->   "store i768 %data_str_V_1, i768* %data_str_V, align 8" [myproject_galapagos.cpp:49]   --->   Operation 139 'store' <Predicate = true> <Delay = 0.00>
ST_5 : Operation 140 [1/1] (0.00ns)   --->   "br label %.preheader" [myproject_galapagos.cpp:47]   --->   Operation 140 'br' <Predicate = true> <Delay = 0.00>

State 6 <SV = 2> <Delay = 0.00>
ST_6 : Operation 141 [15/15] (0.00ns)   --->   "%res_str = call fastcc i189 @myproject(i768* %data_str_V)"   --->   Operation 141 'call' 'res_str' <Predicate = true> <Delay = 0.00> <CoreType = "Generic">   --->   Core 0 '' <Latency = 0> <II = 1> <Delay = 1.00> <Generic> <Opcode : >

State 7 <SV = 3> <Delay = 4.16>
ST_7 : Operation 142 [14/15] (4.16ns)   --->   "%res_str = call fastcc i189 @myproject(i768* %data_str_V)"   --->   Operation 142 'call' 'res_str' <Predicate = true> <Delay = 4.16> <CoreType = "Generic">   --->   Core 0 '' <Latency = 0> <II = 1> <Delay = 1.00> <Generic> <Opcode : >

State 8 <SV = 4> <Delay = 4.16>
ST_8 : Operation 143 [13/15] (4.16ns)   --->   "%res_str = call fastcc i189 @myproject(i768* %data_str_V)"   --->   Operation 143 'call' 'res_str' <Predicate = true> <Delay = 4.16> <CoreType = "Generic">   --->   Core 0 '' <Latency = 0> <II = 1> <Delay = 1.00> <Generic> <Opcode : >

State 9 <SV = 5> <Delay = 4.16>
ST_9 : Operation 144 [12/15] (4.16ns)   --->   "%res_str = call fastcc i189 @myproject(i768* %data_str_V)"   --->   Operation 144 'call' 'res_str' <Predicate = true> <Delay = 4.16> <CoreType = "Generic">   --->   Core 0 '' <Latency = 0> <II = 1> <Delay = 1.00> <Generic> <Opcode : >

State 10 <SV = 6> <Delay = 4.16>
ST_10 : Operation 145 [11/15] (4.16ns)   --->   "%res_str = call fastcc i189 @myproject(i768* %data_str_V)"   --->   Operation 145 'call' 'res_str' <Predicate = true> <Delay = 4.16> <CoreType = "Generic">   --->   Core 0 '' <Latency = 0> <II = 1> <Delay = 1.00> <Generic> <Opcode : >

State 11 <SV = 7> <Delay = 4.16>
ST_11 : Operation 146 [10/15] (4.16ns)   --->   "%res_str = call fastcc i189 @myproject(i768* %data_str_V)"   --->   Operation 146 'call' 'res_str' <Predicate = true> <Delay = 4.16> <CoreType = "Generic">   --->   Core 0 '' <Latency = 0> <II = 1> <Delay = 1.00> <Generic> <Opcode : >

State 12 <SV = 8> <Delay = 4.16>
ST_12 : Operation 147 [9/15] (4.16ns)   --->   "%res_str = call fastcc i189 @myproject(i768* %data_str_V)"   --->   Operation 147 'call' 'res_str' <Predicate = true> <Delay = 4.16> <CoreType = "Generic">   --->   Core 0 '' <Latency = 0> <II = 1> <Delay = 1.00> <Generic> <Opcode : >

State 13 <SV = 9> <Delay = 4.16>
ST_13 : Operation 148 [8/15] (4.16ns)   --->   "%res_str = call fastcc i189 @myproject(i768* %data_str_V)"   --->   Operation 148 'call' 'res_str' <Predicate = true> <Delay = 4.16> <CoreType = "Generic">   --->   Core 0 '' <Latency = 0> <II = 1> <Delay = 1.00> <Generic> <Opcode : >

State 14 <SV = 10> <Delay = 4.16>
ST_14 : Operation 149 [7/15] (4.16ns)   --->   "%res_str = call fastcc i189 @myproject(i768* %data_str_V)"   --->   Operation 149 'call' 'res_str' <Predicate = true> <Delay = 4.16> <CoreType = "Generic">   --->   Core 0 '' <Latency = 0> <II = 1> <Delay = 1.00> <Generic> <Opcode : >

State 15 <SV = 11> <Delay = 4.16>
ST_15 : Operation 150 [6/15] (4.16ns)   --->   "%res_str = call fastcc i189 @myproject(i768* %data_str_V)"   --->   Operation 150 'call' 'res_str' <Predicate = true> <Delay = 4.16> <CoreType = "Generic">   --->   Core 0 '' <Latency = 0> <II = 1> <Delay = 1.00> <Generic> <Opcode : >

State 16 <SV = 12> <Delay = 4.16>
ST_16 : Operation 151 [5/15] (4.16ns)   --->   "%res_str = call fastcc i189 @myproject(i768* %data_str_V)"   --->   Operation 151 'call' 'res_str' <Predicate = true> <Delay = 4.16> <CoreType = "Generic">   --->   Core 0 '' <Latency = 0> <II = 1> <Delay = 1.00> <Generic> <Opcode : >

State 17 <SV = 13> <Delay = 4.16>
ST_17 : Operation 152 [4/15] (4.16ns)   --->   "%res_str = call fastcc i189 @myproject(i768* %data_str_V)"   --->   Operation 152 'call' 'res_str' <Predicate = true> <Delay = 4.16> <CoreType = "Generic">   --->   Core 0 '' <Latency = 0> <II = 1> <Delay = 1.00> <Generic> <Opcode : >

State 18 <SV = 14> <Delay = 4.16>
ST_18 : Operation 153 [3/15] (4.16ns)   --->   "%res_str = call fastcc i189 @myproject(i768* %data_str_V)"   --->   Operation 153 'call' 'res_str' <Predicate = true> <Delay = 4.16> <CoreType = "Generic">   --->   Core 0 '' <Latency = 0> <II = 1> <Delay = 1.00> <Generic> <Opcode : >

State 19 <SV = 15> <Delay = 4.16>
ST_19 : Operation 154 [2/15] (4.16ns)   --->   "%res_str = call fastcc i189 @myproject(i768* %data_str_V)"   --->   Operation 154 'call' 'res_str' <Predicate = true> <Delay = 4.16> <CoreType = "Generic">   --->   Core 0 '' <Latency = 0> <II = 1> <Delay = 1.00> <Generic> <Opcode : >

State 20 <SV = 16> <Delay = 1.77>
ST_20 : Operation 155 [1/15] (1.77ns)   --->   "%res_str = call fastcc i189 @myproject(i768* %data_str_V)"   --->   Operation 155 'call' 'res_str' <Predicate = true> <Delay = 1.77> <CoreType = "Generic">   --->   Core 0 '' <Latency = 0> <II = 1> <Delay = 1.00> <Generic> <Opcode : >
ST_20 : Operation 156 [1/1] (0.00ns)   --->   "%res_str_ext = zext i189 %res_str to i192"   --->   Operation 156 'zext' 'res_str_ext' <Predicate = true> <Delay = 0.00>
ST_20 : Operation 157 [1/1] (0.83ns)   --->   "br label %2" [myproject_galapagos.cpp:56]   --->   Operation 157 'br' <Predicate = true> <Delay = 0.83>

State 21 <SV = 17> <Delay = 2.93>
ST_21 : Operation 158 [1/1] (0.00ns)   --->   "%i5 = phi i3 [ 0, %1 ], [ %i_2, %_ifconv ]"   --->   Operation 158 'phi' 'i5' <Predicate = true> <Delay = 0.00>
ST_21 : Operation 159 [1/1] (0.72ns)   --->   "%exitcond = icmp eq i3 %i5, -2" [myproject_galapagos.cpp:56]   --->   Operation 159 'icmp' 'exitcond' <Predicate = true> <Delay = 0.72> <Core = "Cmp">   --->   Core 25 'Cmp' <Latency = 0> <II = 1> <Delay = 0.72> <FuncUnit> <Opcode : 'icmp'> <InPorts = 2> <OutPorts = 1>
ST_21 : Operation 160 [1/1] (0.00ns)   --->   "%empty_61 = call i32 (...)* @_ssdm_op_SpecLoopTripCount(i64 6, i64 6, i64 6)"   --->   Operation 160 'speclooptripcount' 'empty_61' <Predicate = true> <Delay = 0.00>
ST_21 : Operation 161 [1/1] (0.83ns)   --->   "%i_2 = add i3 %i5, 1" [myproject_galapagos.cpp:56]   --->   Operation 161 'add' 'i_2' <Predicate = true> <Delay = 0.83> <Core = "AddSub">   --->   Core 14 'AddSub' <Latency = 0> <II = 1> <Delay = 1.28> <FuncUnit> <Opcode : 'add' 'sub'> <InPorts = 2> <OutPorts = 1>
ST_21 : Operation 162 [1/1] (0.00ns)   --->   "br i1 %exitcond, label %3, label %_ifconv" [myproject_galapagos.cpp:56]   --->   Operation 162 'br' <Predicate = true> <Delay = 0.00>
ST_21 : Operation 163 [1/1] (0.00ns)   --->   "%tmp_80 = call i8 @_ssdm_op_BitConcatenate.i8.i3.i5(i3 %i5, i5 0)" [myproject_galapagos.cpp:56]   --->   Operation 163 'bitconcatenate' 'tmp_80' <Predicate = (!exitcond)> <Delay = 0.00>
ST_21 : Operation 164 [1/1] (0.00ns)   --->   "%tmp_81 = or i8 %tmp_80, 31" [myproject_galapagos.cpp:56]   --->   Operation 164 'or' 'tmp_81' <Predicate = (!exitcond)> <Delay = 0.00>
ST_21 : Operation 165 [1/1] (0.78ns)   --->   "%tmp_269 = icmp ugt i8 %tmp_80, %tmp_81" [myproject_galapagos.cpp:56]   --->   Operation 165 'icmp' 'tmp_269' <Predicate = (!exitcond)> <Delay = 0.78> <Core = "Cmp">   --->   Core 25 'Cmp' <Latency = 0> <II = 1> <Delay = 0.72> <FuncUnit> <Opcode : 'icmp'> <InPorts = 2> <OutPorts = 1>
ST_21 : Operation 166 [1/1] (0.00ns) (grouped into LUT with out node tmp_280)   --->   "%tmp_270 = call i192 @llvm.part.select.i192(i192 %res_str_ext, i32 191, i32 0)" [myproject_galapagos.cpp:57]   --->   Operation 166 'partselect' 'tmp_270' <Predicate = (!exitcond)> <Delay = 0.00>
ST_21 : Operation 167 [1/1] (1.28ns)   --->   "%tmp_271 = sub i8 %tmp_80, %tmp_81" [myproject_galapagos.cpp:57]   --->   Operation 167 'sub' 'tmp_271' <Predicate = (!exitcond)> <Delay = 1.28> <Core = "AddSub">   --->   Core 14 'AddSub' <Latency = 0> <II = 1> <Delay = 1.28> <FuncUnit> <Opcode : 'add' 'sub'> <InPorts = 2> <OutPorts = 1>
ST_21 : Operation 168 [1/1] (1.28ns)   --->   "%tmp_272 = sub i8 -65, %tmp_80" [myproject_galapagos.cpp:57]   --->   Operation 168 'sub' 'tmp_272' <Predicate = (!exitcond)> <Delay = 1.28> <Core = "AddSub">   --->   Core 14 'AddSub' <Latency = 0> <II = 1> <Delay = 1.28> <FuncUnit> <Opcode : 'add' 'sub'> <InPorts = 2> <OutPorts = 1>
ST_21 : Operation 169 [1/1] (1.28ns)   --->   "%tmp_273 = sub i8 %tmp_81, %tmp_80" [myproject_galapagos.cpp:57]   --->   Operation 169 'sub' 'tmp_273' <Predicate = (!exitcond)> <Delay = 1.28> <Core = "AddSub">   --->   Core 14 'AddSub' <Latency = 0> <II = 1> <Delay = 1.28> <FuncUnit> <Opcode : 'add' 'sub'> <InPorts = 2> <OutPorts = 1>
ST_21 : Operation 170 [1/1] (0.00ns) (grouped into LUT with out node tmp_277)   --->   "%tmp_274 = select i1 %tmp_269, i8 %tmp_271, i8 %tmp_273" [myproject_galapagos.cpp:57]   --->   Operation 170 'select' 'tmp_274' <Predicate = (!exitcond)> <Delay = 0.00> <Core = "Sel">   --->   Core 26 'Sel' <Latency = 0> <II = 1> <Delay = 0.29> <FuncUnit> <Opcode : 'select'> <InPorts = 3> <OutPorts = 1>
ST_21 : Operation 171 [1/1] (0.00ns) (grouped into LUT with out node tmp_280)   --->   "%tmp_275 = select i1 %tmp_269, i192 %tmp_270, i192 %res_str_ext" [myproject_galapagos.cpp:56]   --->   Operation 171 'select' 'tmp_275' <Predicate = (!exitcond)> <Delay = 0.00> <Core = "Sel">   --->   Core 26 'Sel' <Latency = 0> <II = 1> <Delay = 0.29> <FuncUnit> <Opcode : 'select'> <InPorts = 3> <OutPorts = 1>
ST_21 : Operation 172 [1/1] (0.00ns) (grouped into LUT with out node tmp_280)   --->   "%tmp_276 = select i1 %tmp_269, i8 %tmp_272, i8 %tmp_80" [myproject_galapagos.cpp:56]   --->   Operation 172 'select' 'tmp_276' <Predicate = (!exitcond)> <Delay = 0.00> <Core = "Sel">   --->   Core 26 'Sel' <Latency = 0> <II = 1> <Delay = 0.29> <FuncUnit> <Opcode : 'select'> <InPorts = 3> <OutPorts = 1>
ST_21 : Operation 173 [1/1] (1.28ns) (out node of the LUT)   --->   "%tmp_277 = sub i8 -65, %tmp_274" [myproject_galapagos.cpp:57]   --->   Operation 173 'sub' 'tmp_277' <Predicate = (!exitcond)> <Delay = 1.28> <Core = "AddSub">   --->   Core 14 'AddSub' <Latency = 0> <II = 1> <Delay = 1.28> <FuncUnit> <Opcode : 'add' 'sub'> <InPorts = 2> <OutPorts = 1>
ST_21 : Operation 174 [1/1] (0.00ns) (grouped into LUT with out node tmp_280)   --->   "%tmp_278 = zext i8 %tmp_276 to i192" [myproject_galapagos.cpp:57]   --->   Operation 174 'zext' 'tmp_278' <Predicate = (!exitcond)> <Delay = 0.00>
ST_21 : Operation 175 [1/1] (1.64ns) (out node of the LUT)   --->   "%tmp_280 = lshr i192 %tmp_275, %tmp_278" [myproject_galapagos.cpp:57]   --->   Operation 175 'lshr' 'tmp_280' <Predicate = (!exitcond)> <Delay = 1.64> <Core = "Shift">   --->   Core 28 'Shift' <Latency = 0> <II = 1> <Delay = 1.10> <FuncUnit> <Opcode : 'shl' 'lshr' 'ashr'> <InPorts = 2> <OutPorts = 1>
ST_21 : Operation 176 [1/1] (0.72ns)   --->   "%gp_last_V = icmp eq i3 %i5, -3" [myproject_galapagos.cpp:58]   --->   Operation 176 'icmp' 'gp_last_V' <Predicate = (!exitcond)> <Delay = 0.72> <Core = "Cmp">   --->   Core 25 'Cmp' <Latency = 0> <II = 1> <Delay = 0.72> <FuncUnit> <Opcode : 'icmp'> <InPorts = 2> <OutPorts = 1>
ST_21 : Operation 177 [1/1] (0.00ns)   --->   "ret void" [myproject_galapagos.cpp:66]   --->   Operation 177 'ret' <Predicate = (exitcond)> <Delay = 0.00>

State 22 <SV = 18> <Delay = 2.68>
ST_22 : Operation 178 [1/1] (0.00ns) (grouped into LUT with out node tmp_282)   --->   "%tmp_279 = zext i8 %tmp_277 to i192" [myproject_galapagos.cpp:57]   --->   Operation 178 'zext' 'tmp_279' <Predicate = true> <Delay = 0.00>
ST_22 : Operation 179 [1/1] (0.00ns) (grouped into LUT with out node tmp_282)   --->   "%tmp_281 = lshr i192 -1, %tmp_279" [myproject_galapagos.cpp:57]   --->   Operation 179 'lshr' 'tmp_281' <Predicate = true> <Delay = 0.00> <Core = "Shift">   --->   Core 28 'Shift' <Latency = 0> <II = 1> <Delay = 1.10> <FuncUnit> <Opcode : 'shl' 'lshr' 'ashr'> <InPorts = 2> <OutPorts = 1>
ST_22 : Operation 180 [1/1] (1.10ns) (out node of the LUT)   --->   "%tmp_282 = and i192 %tmp_280, %tmp_281" [myproject_galapagos.cpp:57]   --->   Operation 180 'and' 'tmp_282' <Predicate = true> <Delay = 1.10> <Core = "LogicGate">   --->   Core 27 'LogicGate' <Latency = 0> <II = 1> <Delay = 0.59> <FuncUnit> <Opcode : 'and' 'or' 'xor'> <InPorts = 2> <OutPorts = 1>
ST_22 : Operation 181 [1/1] (0.00ns)   --->   "%ret_V = call i8 @_ssdm_op_PartSelect.i8.i192.i32.i32(i192 %tmp_282, i32 24, i32 31)" [myproject_galapagos.cpp:57]   --->   Operation 181 'partselect' 'ret_V' <Predicate = true> <Delay = 0.00>
ST_22 : Operation 182 [1/1] (0.00ns) (grouped into LUT with out node p_6)   --->   "%tmp_283 = call i1 @_ssdm_op_BitSelect.i1.i192.i32(i192 %tmp_282, i32 31)" [myproject_galapagos.cpp:57]   --->   Operation 182 'bitselect' 'tmp_283' <Predicate = true> <Delay = 0.00>
ST_22 : Operation 183 [1/1] (0.00ns)   --->   "%tmp_284 = trunc i192 %tmp_282 to i24" [myproject_galapagos.cpp:57]   --->   Operation 183 'trunc' 'tmp_284' <Predicate = true> <Delay = 0.00>
ST_22 : Operation 184 [1/1] (1.11ns)   --->   "%tmp_5 = icmp eq i24 %tmp_284, 0" [myproject_galapagos.cpp:57]   --->   Operation 184 'icmp' 'tmp_5' <Predicate = true> <Delay = 1.11> <Core = "Cmp">   --->   Core 25 'Cmp' <Latency = 0> <II = 1> <Delay = 0.72> <FuncUnit> <Opcode : 'icmp'> <InPorts = 2> <OutPorts = 1>
ST_22 : Operation 185 [1/1] (1.28ns)   --->   "%ret_V_1 = add i8 1, %ret_V" [myproject_galapagos.cpp:57]   --->   Operation 185 'add' 'ret_V_1' <Predicate = true> <Delay = 1.28> <Core = "AddSub">   --->   Core 14 'AddSub' <Latency = 0> <II = 1> <Delay = 1.28> <FuncUnit> <Opcode : 'add' 'sub'> <InPorts = 2> <OutPorts = 1>
ST_22 : Operation 186 [1/1] (0.00ns) (grouped into LUT with out node p_6)   --->   "%p_s = select i1 %tmp_5, i8 %ret_V, i8 %ret_V_1" [myproject_galapagos.cpp:57]   --->   Operation 186 'select' 'p_s' <Predicate = true> <Delay = 0.00> <Core = "Sel">   --->   Core 26 'Sel' <Latency = 0> <II = 1> <Delay = 0.29> <FuncUnit> <Opcode : 'select'> <InPorts = 3> <OutPorts = 1>
ST_22 : Operation 187 [1/1] (0.29ns) (out node of the LUT)   --->   "%p_6 = select i1 %tmp_283, i8 %p_s, i8 %ret_V" [myproject_galapagos.cpp:57]   --->   Operation 187 'select' 'p_6' <Predicate = true> <Delay = 0.29> <Core = "Sel">   --->   Core 26 'Sel' <Latency = 0> <II = 1> <Delay = 0.29> <FuncUnit> <Opcode : 'select'> <InPorts = 3> <OutPorts = 1>

State 23 <SV = 19> <Delay = 2.18>
ST_23 : Operation 188 [1/1] (0.00ns)   --->   "%tmp_id_V_load = load i8* %tmp_id_V" [myproject_galapagos.cpp:63]   --->   Operation 188 'load' 'tmp_id_V_load' <Predicate = true> <Delay = 0.00>
ST_23 : Operation 189 [1/1] (0.00ns)   --->   "%tmp_user_V_load = load i40* %tmp_user_V" [myproject_galapagos.cpp:63]   --->   Operation 189 'load' 'tmp_user_V_load' <Predicate = true> <Delay = 0.00>
ST_23 : Operation 190 [1/1] (0.00ns)   --->   "%tmp_keep_V_load = load i8* %tmp_keep_V" [myproject_galapagos.cpp:63]   --->   Operation 190 'load' 'tmp_keep_V_load' <Predicate = true> <Delay = 0.00>
ST_23 : Operation 191 [1/1] (0.00ns)   --->   "%gp_data_V = sext i8 %p_6 to i64" [myproject_galapagos.cpp:57]   --->   Operation 191 'sext' 'gp_data_V' <Predicate = true> <Delay = 0.00>
ST_23 : Operation 192 [1/1] (2.18ns)   --->   "call void @_ssdm_op_Write.ap_fifo.volatile.i64P.i8P.i1P.i8P.i40P.i8P(i64* %out_V_data_V, i8* %out_V_dest_V, i1* %out_V_last_V, i8* %out_V_id_V, i40* %out_V_user_V, i8* %out_V_keep_V, i64 %gp_data_V, i8 0, i1 %gp_last_V, i8 %tmp_id_V_load, i40 %tmp_user_V_load, i8 %tmp_keep_V_load)" [myproject_galapagos.cpp:63]   --->   Operation 192 'write' <Predicate = true> <Delay = 2.18> <Core = "FIFO">   --->   Core 32 'FIFO' <Latency = 0> <II = 1> <Delay = 2.26> <Storage> <Opcode : 'read' 'write' 'nbread' 'nbwrite'> <Ports = 0> <Width = 64> <Depth = 0> <FIFO>
ST_23 : Operation 193 [1/1] (0.00ns)   --->   "br label %2" [myproject_galapagos.cpp:56]   --->   Operation 193 'br' <Predicate = true> <Delay = 0.00>


============================================================
+ Verbose Summary: Timing violations
============================================================
Target clock period: 5ns, clock uncertainty: 0.625ns.

 <State 1>: 0.835ns
The critical path consists of the following:
	multiplexor before 'phi' operation ('i') with incoming values : ('i', myproject_galapagos.cpp:46) [46]  (0.835 ns)

 <State 2>: 0.836ns
The critical path consists of the following:
	'phi' operation ('i') with incoming values : ('i', myproject_galapagos.cpp:46) [46]  (0 ns)
	'add' operation ('i', myproject_galapagos.cpp:46) [49]  (0.836 ns)

 <State 3>: 2.64ns
The critical path consists of the following:
	'phi' operation ('j') with incoming values : ('j', myproject_galapagos.cpp:47) [57]  (0 ns)
	'sub' operation ('tmp_288', myproject_galapagos.cpp:49) [75]  (1.32 ns)
	'select' operation ('tmp_291', myproject_galapagos.cpp:49) [78]  (0 ns)
	'sub' operation ('tmp_294', myproject_galapagos.cpp:49) [81]  (1.32 ns)

 <State 4>: 4.31ns
The critical path consists of the following:
	fifo read on port 'in_V_data_V' (myproject_galapagos.cpp:48) [63]  (2.19 ns)
	'shl' operation ('tmp_313', myproject_galapagos.cpp:49) [100]  (1.5 ns)
	'select' operation ('tmp_315', myproject_galapagos.cpp:49) [102]  (0 ns)
	'and' operation ('tmp_320', myproject_galapagos.cpp:49) [108]  (0 ns)
	'or' operation ('tmp_321', myproject_galapagos.cpp:49) [109]  (0.625 ns)

 <State 5>: 4.02ns
The critical path consists of the following:
	'sub' operation ('tmp_324', myproject_galapagos.cpp:49) [112]  (1.32 ns)
	'select' operation ('tmp_327', myproject_galapagos.cpp:47) [115]  (0 ns)
	'shl' operation ('tmp_332', myproject_galapagos.cpp:49) [120]  (1.64 ns)
	'select' operation ('tmp_334', myproject_galapagos.cpp:47) [122]  (0 ns)
	'and' operation ('tmp_339', myproject_galapagos.cpp:49) [128]  (0 ns)
	'or' operation ('data_str.V', myproject_galapagos.cpp:49) [129]  (1.06 ns)

 <State 6>: 0ns
The critical path consists of the following:

 <State 7>: 4.17ns
The critical path consists of the following:
	'call' operation ('res_str') to 'myproject' [138]  (4.17 ns)

 <State 8>: 4.17ns
The critical path consists of the following:
	'call' operation ('res_str') to 'myproject' [138]  (4.17 ns)

 <State 9>: 4.17ns
The critical path consists of the following:
	'call' operation ('res_str') to 'myproject' [138]  (4.17 ns)

 <State 10>: 4.17ns
The critical path consists of the following:
	'call' operation ('res_str') to 'myproject' [138]  (4.17 ns)

 <State 11>: 4.17ns
The critical path consists of the following:
	'call' operation ('res_str') to 'myproject' [138]  (4.17 ns)

 <State 12>: 4.17ns
The critical path consists of the following:
	'call' operation ('res_str') to 'myproject' [138]  (4.17 ns)

 <State 13>: 4.17ns
The critical path consists of the following:
	'call' operation ('res_str') to 'myproject' [138]  (4.17 ns)

 <State 14>: 4.17ns
The critical path consists of the following:
	'call' operation ('res_str') to 'myproject' [138]  (4.17 ns)

 <State 15>: 4.17ns
The critical path consists of the following:
	'call' operation ('res_str') to 'myproject' [138]  (4.17 ns)

 <State 16>: 4.17ns
The critical path consists of the following:
	'call' operation ('res_str') to 'myproject' [138]  (4.17 ns)

 <State 17>: 4.17ns
The critical path consists of the following:
	'call' operation ('res_str') to 'myproject' [138]  (4.17 ns)

 <State 18>: 4.17ns
The critical path consists of the following:
	'call' operation ('res_str') to 'myproject' [138]  (4.17 ns)

 <State 19>: 4.17ns
The critical path consists of the following:
	'call' operation ('res_str') to 'myproject' [138]  (4.17 ns)

 <State 20>: 1.77ns
The critical path consists of the following:
	'call' operation ('res_str') to 'myproject' [138]  (1.77 ns)

 <State 21>: 2.93ns
The critical path consists of the following:
	'phi' operation ('i') with incoming values : ('i', myproject_galapagos.cpp:56) [142]  (0 ns)
	'sub' operation ('tmp_272', myproject_galapagos.cpp:57) [156]  (1.28 ns)
	'select' operation ('tmp_276', myproject_galapagos.cpp:56) [160]  (0 ns)
	'lshr' operation ('tmp_280', myproject_galapagos.cpp:57) [164]  (1.65 ns)

 <State 22>: 2.68ns
The critical path consists of the following:
	'lshr' operation ('tmp_281', myproject_galapagos.cpp:57) [165]  (0 ns)
	'and' operation ('tmp_282', myproject_galapagos.cpp:57) [166]  (1.1 ns)
	'add' operation ('ret.V', myproject_galapagos.cpp:57) [171]  (1.28 ns)
	'select' operation ('p_s', myproject_galapagos.cpp:57) [172]  (0 ns)
	'select' operation ('p_6', myproject_galapagos.cpp:57) [173]  (0.294 ns)

 <State 23>: 2.19ns
The critical path consists of the following:
	'load' operation ('tmp_id_V_load', myproject_galapagos.cpp:63) on local variable 'tmp.id.V' [148]  (0 ns)
	fifo write on port 'out_V_data_V' (myproject_galapagos.cpp:63) [176]  (2.19 ns)


============================================================
+ Verbose Summary: Binding
============================================================
N/A
* FSMD analyzer results:
  - Output states:
 - Input state : 
  - Chain level:
	State 1
	State 2
	State 3
	State 4
	State 5
	State 6
	State 7
	State 8
	State 9
	State 10
	State 11
	State 12
	State 13
	State 14
	State 15
	State 16
	State 17
	State 18
	State 19
	State 20
	State 21
	State 22
	State 23


============================================================
+ Verbose Summary: Datapath Resource usage 
============================================================
N/A
