#
# An unexpected error has occurred (11)
#
Stack:
/lib/x86_64-linux-gnu/libc.so.6(+0x354b0) [0x7fcb628844b0]
/opt/Xilinx/Vivado/2018.2/lib/lnx64.o/libLLVM-3.1.so(+0x74d2ca) [0x7fcb50eb02ca]
/opt/Xilinx/Vivado/2018.2/lib/lnx64.o/libLLVM-3.1.so(+0x74d493) [0x7fcb50eb0493]
/opt/Xilinx/Vivado/2018.2/lib/lnx64.o/libLLVM-3.1.so(+0x752f96) [0x7fcb50eb5f96]
/opt/Xilinx/Vivado/2018.2/lib/lnx64.o/libLLVM-3.1.so(+0x28b72f) [0x7fcb509ee72f]
/opt/Xilinx/Vivado/2018.2/lib/lnx64.o/libLLVM-3.1.so(+0x754e5a) [0x7fcb50eb7e5a]
/opt/Xilinx/Vivado/2018.2/lib/lnx64.o/libLLVM-3.1.so(llvm::Value::print(llvm::raw_ostream&, llvm::AssemblyAnnotationWriter*) const+0x234) [0x7fcb50eb99e4]
/opt/Xilinx/Vivado/2018.2/lib/lnx64.o/libLLVM-3.1.so(+0x8054f5) [0x7fcb50f684f5]
/opt/Xilinx/Vivado/2018.2/lib/lnx64.o/libLLVM-3.1.so(+0x80b98a) [0x7fcb50f6e98a]
/opt/Xilinx/Vivado/2018.2/lib/lnx64.o/libLLVM-3.1.so(+0x80cb53) [0x7fcb50f6fb53]
/opt/Xilinx/Vivado/2018.2/lib/lnx64.o/libLLVM-3.1.so(llvm::FPPassManager::runOnFunction(llvm::Function&)+0x220) [0x7fcb50f580c0]
/opt/Xilinx/Vivado/2018.2/lib/lnx64.o/libLLVM-3.1.so(llvm::FPPassManager::runOnModule(llvm::Module&)+0x33) [0x7fcb50f584d3]
/opt/Xilinx/Vivado/2018.2/lib/lnx64.o/libLLVM-3.1.so(llvm::MPPassManager::runOnModule(llvm::Module&)+0x182) [0x7fcb50f58682]
/opt/Xilinx/Vivado/2018.2/lib/lnx64.o/libLLVM-3.1.so(llvm::PassManagerImpl::run(llvm::Module&)+0xac) [0x7fcb50f5883c]
/opt/Xilinx/Vivado/2018.2/lib/lnx64.o/libhls_main.so(+0xd4779) [0x7fcb520b5779]
/opt/Xilinx/Vivado/2018.2/lib/lnx64.o/libhls_support.so(xpcl::TclCommand::callback(int, Tcl_Obj* const*)+0xb6a) [0x7fcb51db1d2a]
/opt/Xilinx/Vivado/2018.2/lib/lnx64.o/libhls_support.so(+0x5505b) [0x7fcb51db205b]
/opt/Xilinx/Vivado/2018.2/lib/lnx64.o/libtcl8.5.so(+0x334af) [0x7fcb5e1d04af]
/opt/Xilinx/Vivado/2018.2/lib/lnx64.o/libtcl8.5.so(+0x76875) [0x7fcb5e213875]
/opt/Xilinx/Vivado/2018.2/lib/lnx64.o/libtcl8.5.so(+0x7e029) [0x7fcb5e21b029]
/opt/Xilinx/Vivado/2018.2/lib/lnx64.o/libtcl8.5.so(TclEvalObjEx+0x76) [0x7fcb5e1d2156]
/opt/Xilinx/Vivado/2018.2/lib/lnx64.o/librdi_commontasks.so(+0x1b2617) [0x7fcb58cb2617]
/opt/Xilinx/Vivado/2018.2/lib/lnx64.o/libtcl8.5.so(+0x334af) [0x7fcb5e1d04af]
/opt/Xilinx/Vivado/2018.2/lib/lnx64.o/libtcl8.5.so(+0x76875) [0x7fcb5e213875]
/opt/Xilinx/Vivado/2018.2/lib/lnx64.o/libtcl8.5.so(TclObjInterpProcCore+0x420) [0x7fcb5e254df0]
/opt/Xilinx/Vivado/2018.2/lib/lnx64.o/libtcl8.5.so(+0x334af) [0x7fcb5e1d04af]
/opt/Xilinx/Vivado/2018.2/lib/lnx64.o/libtcl8.5.so(+0x76875) [0x7fcb5e213875]
/opt/Xilinx/Vivado/2018.2/lib/lnx64.o/libtcl8.5.so(+0x7e029) [0x7fcb5e21b029]
/opt/Xilinx/Vivado/2018.2/lib/lnx64.o/libtcl8.5.so(TclEvalObjEx+0x76) [0x7fcb5e1d2156]
/opt/Xilinx/Vivado/2018.2/lib/lnx64.o/librdi_commontasks.so(+0x1b2617) [0x7fcb58cb2617]
/opt/Xilinx/Vivado/2018.2/lib/lnx64.o/libtcl8.5.so(+0x334af) [0x7fcb5e1d04af]
/opt/Xilinx/Vivado/2018.2/lib/lnx64.o/libtcl8.5.so(+0x76875) [0x7fcb5e213875]
/opt/Xilinx/Vivado/2018.2/lib/lnx64.o/libtcl8.5.so(TclObjInterpProcCore+0x420) [0x7fcb5e254df0]
/opt/Xilinx/Vivado/2018.2/lib/lnx64.o/libtcl8.5.so(+0x334af) [0x7fcb5e1d04af]
/opt/Xilinx/Vivado/2018.2/lib/lnx64.o/libtcl8.5.so(+0x76875) [0x7fcb5e213875]
/opt/Xilinx/Vivado/2018.2/lib/lnx64.o/libtcl8.5.so(TclObjInterpProcCore+0x420) [0x7fcb5e254df0]
/opt/Xilinx/Vivado/2018.2/lib/lnx64.o/libtcl8.5.so(+0x334af) [0x7fcb5e1d04af]
/opt/Xilinx/Vivado/2018.2/lib/lnx64.o/libtcl8.5.so(+0x76875) [0x7fcb5e213875]
/opt/Xilinx/Vivado/2018.2/lib/lnx64.o/libtcl8.5.so(+0x7e029) [0x7fcb5e21b029]
/opt/Xilinx/Vivado/2018.2/lib/lnx64.o/libtcl8.5.so(TclEvalObjEx+0x76) [0x7fcb5e1d2156]
/opt/Xilinx/Vivado/2018.2/lib/lnx64.o/librdi_commontasks.so(+0x1b2617) [0x7fcb58cb2617]
/opt/Xilinx/Vivado/2018.2/lib/lnx64.o/libtcl8.5.so(+0x334af) [0x7fcb5e1d04af]
/opt/Xilinx/Vivado/2018.2/lib/lnx64.o/libtcl8.5.so(+0x76875) [0x7fcb5e213875]
/opt/Xilinx/Vivado/2018.2/lib/lnx64.o/libtcl8.5.so(Tcl_ExprObj+0xf8) [0x7fcb5e21ac08]
/opt/Xilinx/Vivado/2018.2/lib/lnx64.o/libtcl8.5.so(Tcl_ExprBooleanObj+0x16) [0x7fcb5e1d0e96]
/opt/Xilinx/Vivado/2018.2/lib/lnx64.o/libtcl8.5.so(+0x3e6de) [0x7fcb5e1db6de]
/opt/Xilinx/Vivado/2018.2/lib/lnx64.o/libtcl8.5.so(+0x334af) [0x7fcb5e1d04af]
/opt/Xilinx/Vivado/2018.2/lib/lnx64.o/libtcl8.5.so(+0x34b38) [0x7fcb5e1d1b38]
/opt/Xilinx/Vivado/2018.2/lib/lnx64.o/libtcl8.5.so(Tcl_EvalEx+0x13) [0x7fcb5e1d20a3]
/opt/Xilinx/Vivado/2018.2/lib/lnx64.o/libtcl8.5.so(Tcl_Eval+0x15) [0x7fcb5e1d20c5]
/opt/Xilinx/Vivado/2018.2/lib/lnx64.o/libhls_main.so(+0x9bec2) [0x7fcb5207cec2]
/opt/Xilinx/Vivado/2018.2/lib/lnx64.o/libhls_support.so(xpcl::TclCommand::callback(int, Tcl_Obj* const*)+0x4dd) [0x7fcb51db169d]
/opt/Xilinx/Vivado/2018.2/lib/lnx64.o/libhls_support.so(+0x5505b) [0x7fcb51db205b]
/opt/Xilinx/Vivado/2018.2/lib/lnx64.o/libtcl8.5.so(+0x334af) [0x7fcb5e1d04af]
/opt/Xilinx/Vivado/2018.2/lib/lnx64.o/libtcl8.5.so(+0x76875) [0x7fcb5e213875]
/opt/Xilinx/Vivado/2018.2/lib/lnx64.o/libtcl8.5.so(TclObjInterpProcCore+0x420) [0x7fcb5e254df0]
/opt/Xilinx/Vivado/2018.2/lib/lnx64.o/libtcl8.5.so(+0x334af) [0x7fcb5e1d04af]
/opt/Xilinx/Vivado/2018.2/lib/lnx64.o/libtcl8.5.so(+0x76875) [0x7fcb5e213875]
/opt/Xilinx/Vivado/2018.2/lib/lnx64.o/libtcl8.5.so(+0x7e029) [0x7fcb5e21b029]
/opt/Xilinx/Vivado/2018.2/lib/lnx64.o/libtcl8.5.so(TclEvalObjEx+0x76) [0x7fcb5e1d2156]
/opt/Xilinx/Vivado/2018.2/lib/lnx64.o/librdi_commontasks.so(+0x1b2617) [0x7fcb58cb2617]
/opt/Xilinx/Vivado/2018.2/lib/lnx64.o/libtcl8.5.so(+0x334af) [0x7fcb5e1d04af]
/opt/Xilinx/Vivado/2018.2/lib/lnx64.o/libtcl8.5.so(+0x76875) [0x7fcb5e213875]
/opt/Xilinx/Vivado/2018.2/lib/lnx64.o/libtcl8.5.so(Tcl_ExprObj+0xf8) [0x7fcb5e21ac08]
/opt/Xilinx/Vivado/2018.2/lib/lnx64.o/libtcl8.5.so(Tcl_ExprBooleanObj+0x16) [0x7fcb5e1d0e96]
/opt/Xilinx/Vivado/2018.2/lib/lnx64.o/libtcl8.5.so(+0x3e6de) [0x7fcb5e1db6de]
/opt/Xilinx/Vivado/2018.2/lib/lnx64.o/libtcl8.5.so(+0x334af) [0x7fcb5e1d04af]
/opt/Xilinx/Vivado/2018.2/lib/lnx64.o/libtcl8.5.so(+0x34b38) [0x7fcb5e1d1b38]
/opt/Xilinx/Vivado/2018.2/lib/lnx64.o/libtcl8.5.so(Tcl_EvalEx+0x13) [0x7fcb5e1d20a3]
/opt/Xilinx/Vivado/2018.2/lib/lnx64.o/libtcl8.5.so(Tcl_Eval+0x15) [0x7fcb5e1d20c5]
/opt/Xilinx/Vivado/2018.2/lib/lnx64.o/libhls_main.so(+0x9bec2) [0x7fcb5207cec2]
/opt/Xilinx/Vivado/2018.2/lib/lnx64.o/libhls_support.so(xpcl::TclCommand::callback(int, Tcl_Obj* const*)+0x4dd) [0x7fcb51db169d]
/opt/Xilinx/Vivado/2018.2/lib/lnx64.o/libhls_support.so(+0x5505b) [0x7fcb51db205b]
/opt/Xilinx/Vivado/2018.2/lib/lnx64.o/libtcl8.5.so(+0x334af) [0x7fcb5e1d04af]
/opt/Xilinx/Vivado/2018.2/lib/lnx64.o/libtcl8.5.so(+0x76875) [0x7fcb5e213875]
/opt/Xilinx/Vivado/2018.2/lib/lnx64.o/libtcl8.5.so(TclObjInterpProcCore+0x420) [0x7fcb5e254df0]
/opt/Xilinx/Vivado/2018.2/lib/lnx64.o/libtcl8.5.so(+0x334af) [0x7fcb5e1d04af]
/opt/Xilinx/Vivado/2018.2/lib/lnx64.o/libtcl8.5.so(+0x76875) [0x7fcb5e213875]
/opt/Xilinx/Vivado/2018.2/lib/lnx64.o/libtcl8.5.so(+0x7e029) [0x7fcb5e21b029]
/opt/Xilinx/Vivado/2018.2/lib/lnx64.o/libtcl8.5.so(TclEvalObjEx+0x76) [0x7fcb5e1d2156]
/opt/Xilinx/Vivado/2018.2/lib/lnx64.o/librdi_commontasks.so(+0x1b2617) [0x7fcb58cb2617]
/opt/Xilinx/Vivado/2018.2/lib/lnx64.o/libtcl8.5.so(+0x334af) [0x7fcb5e1d04af]
/opt/Xilinx/Vivado/2018.2/lib/lnx64.o/libtcl8.5.so(+0x76875) [0x7fcb5e213875]
/opt/Xilinx/Vivado/2018.2/lib/lnx64.o/libtcl8.5.so(Tcl_ExprObj+0xf8) [0x7fcb5e21ac08]
/opt/Xilinx/Vivado/2018.2/lib/lnx64.o/libtcl8.5.so(Tcl_ExprBooleanObj+0x16) [0x7fcb5e1d0e96]
/opt/Xilinx/Vivado/2018.2/lib/lnx64.o/libtcl8.5.so(+0x3e6de) [0x7fcb5e1db6de]
/opt/Xilinx/Vivado/2018.2/lib/lnx64.o/libtcl8.5.so(+0x334af) [0x7fcb5e1d04af]
/opt/Xilinx/Vivado/2018.2/lib/lnx64.o/libtcl8.5.so(+0x34b38) [0x7fcb5e1d1b38]
/opt/Xilinx/Vivado/2018.2/lib/lnx64.o/libtcl8.5.so(Tcl_EvalEx+0x13) [0x7fcb5e1d20a3]
/opt/Xilinx/Vivado/2018.2/lib/lnx64.o/libtcl8.5.so(Tcl_Eval+0x15) [0x7fcb5e1d20c5]
/opt/Xilinx/Vivado/2018.2/lib/lnx64.o/libhls_main.so(+0x9bec2) [0x7fcb5207cec2]
/opt/Xilinx/Vivado/2018.2/lib/lnx64.o/libhls_support.so(xpcl::TclCommand::callback(int, Tcl_Obj* const*)+0x4dd) [0x7fcb51db169d]
/opt/Xilinx/Vivado/2018.2/lib/lnx64.o/libhls_support.so(+0x5505b) [0x7fcb51db205b]
/opt/Xilinx/Vivado/2018.2/lib/lnx64.o/libtcl8.5.so(+0x334af) [0x7fcb5e1d04af]
/opt/Xilinx/Vivado/2018.2/lib/lnx64.o/libtcl8.5.so(+0x34b38) [0x7fcb5e1d1b38]
/opt/Xilinx/Vivado/2018.2/lib/lnx64.o/libtcl8.5.so(Tcl_EvalEx+0x13) [0x7fcb5e1d20a3]
/opt/Xilinx/Vivado/2018.2/lib/lnx64.o/libtcl8.5.so(Tcl_FSEvalFileEx+0x1da) [0x7fcb5e236c5a]
/opt/Xilinx/Vivado/2018.2/lib/lnx64.o/libhls_main.so(ApSourceTclFile(std::__cxx11::basic_string<char, std::char_traits<char>, std::allocator<char> > const&, char const*)+0x77) [0x7fcb52072437]
/opt/Xilinx/Vivado/2018.2/lib/lnx64.o/libhls_main.so(+0x96339) [0x7fcb52077339]
/opt/Xilinx/Vivado/2018.2/lib/lnx64.o/libhls_support.so(xpcl::TclCommand::callback(int, Tcl_Obj* const*)+0x4dd) [0x7fcb51db169d]
/opt/Xilinx/Vivado/2018.2/lib/lnx64.o/libhls_support.so(+0x5505b) [0x7fcb51db205b]
/opt/Xilinx/Vivado/2018.2/lib/lnx64.o/libtcl8.5.so(+0x334af) [0x7fcb5e1d04af]
/opt/Xilinx/Vivado/2018.2/lib/lnx64.o/libtcl8.5.so(Tcl_EvalObjv+0x32) [0x7fcb5e1d05e2]
/opt/Xilinx/Vivado/2018.2/lib/lnx64.o/libtcl8.5.so(TclEvalObjEx+0x322) [0x7fcb5e1d2402]
/opt/Xilinx/Vivado/2018.2/lib/lnx64.o/librdi_hlstasks.so(+0xb65a) [0x7fcb5249265a]
/opt/Xilinx/Vivado/2018.2/lib/lnx64.o/librdi_common.so(+0x78e792) [0x7fcb63b48792]
/opt/Xilinx/Vivado/2018.2/lib/lnx64.o/libtcl8.5.so(+0x334af) [0x7fcb5e1d04af]
/opt/Xilinx/Vivado/2018.2/lib/lnx64.o/libtcl8.5.so(+0x34b38) [0x7fcb5e1d1b38]
/opt/Xilinx/Vivado/2018.2/lib/lnx64.o/libtcl8.5.so(Tcl_EvalEx+0x13) [0x7fcb5e1d20a3]
/opt/Xilinx/Vivado/2018.2/lib/lnx64.o/libtcl8.5.so(TclEvalObjEx+0x3cf) [0x7fcb5e1d24af]
/opt/Xilinx/Vivado/2018.2/lib/lnx64.o/libtcl8.5.so(+0xb74a9) [0x7fcb5e2544a9]
/opt/Xilinx/Vivado/2018.2/lib/lnx64.o/libtcl8.5.so(+0x334af) [0x7fcb5e1d04af]
/opt/Xilinx/Vivado/2018.2/lib/lnx64.o/libtcl8.5.so(+0x76875) [0x7fcb5e213875]
/opt/Xilinx/Vivado/2018.2/lib/lnx64.o/libtcl8.5.so(TclObjInterpProcCore+0x420) [0x7fcb5e254df0]
/opt/Xilinx/Vivado/2018.2/lib/lnx64.o/libtcl8.5.so(+0x334af) [0x7fcb5e1d04af]
/opt/Xilinx/Vivado/2018.2/lib/lnx64.o/libtcl8.5.so(+0x76875) [0x7fcb5e213875]
/opt/Xilinx/Vivado/2018.2/lib/lnx64.o/libtcl8.5.so(+0x7e029) [0x7fcb5e21b029]
/opt/Xilinx/Vivado/2018.2/lib/lnx64.o/libtcl8.5.so(TclEvalObjEx+0x76) [0x7fcb5e1d2156]
/opt/Xilinx/Vivado/2018.2/lib/lnx64.o/librdi_commontasks.so(+0x1b26b4) [0x7fcb58cb26b4]
/opt/Xilinx/Vivado/2018.2/lib/lnx64.o/libtcl8.5.so(+0x334af) [0x7fcb5e1d04af]
/opt/Xilinx/Vivado/2018.2/lib/lnx64.o/libtcl8.5.so(+0x34b38) [0x7fcb5e1d1b38]
/opt/Xilinx/Vivado/2018.2/lib/lnx64.o/libtcl8.5.so(+0xad486) [0x7fcb5e24a486]
/opt/Xilinx/Vivado/2018.2/lib/lnx64.o/libtcl8.5.so(+0x346c5) [0x7fcb5e1d16c5]
/opt/Xilinx/Vivado/2018.2/lib/lnx64.o/libtcl8.5.so(Tcl_EvalEx+0x13) [0x7fcb5e1d20a3]
/opt/Xilinx/Vivado/2018.2/lib/lnx64.o/libtcl8.5.so(Tcl_FSEvalFileEx+0x1da) [0x7fcb5e236c5a]
/opt/Xilinx/Vivado/2018.2/lib/lnx64.o/librdi_commontasks.so(+0x1cf84d) [0x7fcb58ccf84d]
/opt/Xilinx/Vivado/2018.2/lib/lnx64.o/librdi_common.so(+0x78e792) [0x7fcb63b48792]
/opt/Xilinx/Vivado/2018.2/lib/lnx64.o/libtcl8.5.so(+0x334af) [0x7fcb5e1d04af]
/opt/Xilinx/Vivado/2018.2/lib/lnx64.o/libtcl8.5.so(Tcl_EvalObjv+0x32) [0x7fcb5e1d05e2]
/opt/Xilinx/Vivado/2018.2/lib/lnx64.o/libtcl8.5.so(TclEvalObjEx+0x322) [0x7fcb5e1d2402]
/opt/Xilinx/Vivado/2018.2/lib/lnx64.o/librdi_commontasks.so(+0x200e8f) [0x7fcb58d00e8f]
/opt/Xilinx/Vivado/2018.2/lib/lnx64.o/librdi_commontasks.so(+0x20255e) [0x7fcb58d0255e]
/opt/Xilinx/Vivado/2018.2/lib/lnx64.o/librdi_common.so(+0x78e792) [0x7fcb63b48792]
/opt/Xilinx/Vivado/2018.2/lib/lnx64.o/libtcl8.5.so(+0x334af) [0x7fcb5e1d04af]
/opt/Xilinx/Vivado/2018.2/lib/lnx64.o/libtcl8.5.so(Tcl_EvalObjv+0x32) [0x7fcb5e1d05e2]
/opt/Xilinx/Vivado/2018.2/lib/lnx64.o/libtcl8.5.so(TclEvalObjEx+0x322) [0x7fcb5e1d2402]
/opt/Xilinx/Vivado/2018.2/lib/lnx64.o/librdi_commonmain.so(+0x7414) [0x7fcb631b6414]
/opt/Xilinx/Vivado/2018.2/lib/lnx64.o/libtcl8.5.so(Tcl_Main+0x1d0) [0x7fcb5e23d210]
/opt/Xilinx/Vivado/2018.2/lib/lnx64.o/librdi_common.so(+0x7d175b) [0x7fcb63b8b75b]
/lib/x86_64-linux-gnu/libpthread.so.0(+0x76ba) [0x7fcb5c1f26ba]
/lib/x86_64-linux-gnu/libc.so.6(clone+0x6d) [0x7fcb6295641d]
