
****** Vivado(TM) HLS - High-Level Synthesis from C, C++ and SystemC v2018.2 (64-bit)
  **** SW Build 2258646 on Thu Jun 14 20:02:38 MDT 2018
  **** IP Build 2256618 on Thu Jun 14 22:10:49 MDT 2018
    ** Copyright 1986-2018 Xilinx, Inc. All Rights Reserved.

source /opt/Xilinx/Vivado/2018.2/scripts/vivado_hls/hls.tcl -notrace
INFO: [HLS 200-10] Running '/opt/Xilinx/Vivado/2018.2/bin/unwrapped/lnx64.o/vivado_hls'
INFO: [HLS 200-10] For user 'tarafdar' on host 'batcomputer.arkham' (Linux_x86_64 version 4.15.0-45-generic) on Sun Mar 31 23:51:51 EDT 2019
INFO: [HLS 200-10] On os Ubuntu 16.04.2 LTS
INFO: [HLS 200-10] In directory '/home/tarafdar/workDir/test/galapagos/hls4ml/galapagos'
INFO: [HLS 200-10] Opening and resetting project '/home/tarafdar/workDir/test/galapagos/hls4ml/galapagos/myproject_prj'.
INFO: [HLS 200-10] Adding design file 'firmware/myproject.cpp' to the project
INFO: [HLS 200-10] Adding design file 'myproject_galapagos.cpp' to the project
INFO: [HLS 200-10] Adding test bench file 'firmware/weights' to the project
INFO: [HLS 200-10] Opening and resetting solution '/home/tarafdar/workDir/test/galapagos/hls4ml/galapagos/myproject_prj/solution1'.
INFO: [HLS 200-10] Cleaning up the solution database.
INFO: [HLS 200-10] Setting target device to 'xcku115-flva1517-2-e'
INFO: [SYN 201-201] Setting up clock 'default' with a period of 5ns.
INFO: [HLS 200-10] Analyzing design file 'myproject_galapagos.cpp' ... 
WARNING: [HLS 214-114] Only function calls and local variable declarations are allowed in a dataflow region: /home/tarafdar/workDir/test/galapagos/hls4ml/nnet_utils/nnet_layer.h:81:9
INFO: [HLS 200-10] Analyzing design file 'firmware/myproject.cpp' ... 
WARNING: [HLS 200-40] In file included from firmware/myproject.cpp:1:
In file included from firmware/myproject.cpp:21:
In file included from firmware/parameters.h:8:
/home/tarafdar/workDir/test/galapagos/hls4ml/nnet_utils/nnet_conv.h:120:49: warning: comparison of unsigned expression < 0 is always false [-Wtautological-compare]
                    if((ii*CONFIG_T::stride+jj) < CONFIG_T::pad_left || (ii*CONFIG_T::stride+jj) >= (CONFIG_T::pad_left + CONFIG_T::y_in)){
                       ~~~~~~~~~~~~~~~~~~~~~~~~ ^ ~~~~~~~~~~~~~~~~~~
firmware/myproject.cpp:63:2: note: in instantiation of function template specialization 'nnet::conv_1d<ap_fixed<32, 8, 5, 3, 0>, ap_fixed<32, 8, 5, 3, 0>, config1>' requested here
 nnet::conv_1d<input_t, input_t, config1>(data, layer1_out, w1, b1);
 ^
In file included from firmware/myproject.cpp:1:
In file included from firmware/myproject.cpp:21:
In file included from firmware/parameters.h:8:
/home/tarafdar/workDir/test/galapagos/hls4ml/nnet_utils/nnet_conv.h:66:49: warning: comparison of unsigned expression < 0 is always false [-Wtautological-compare]
                    if((ii*CONFIG_T::stride+jj) < CONFIG_T::pad_left || (ii*CONFIG_T::stride+jj) >= (CONFIG_T::pad_left + CONFIG_T::y_in)){
                       ~~~~~~~~~~~~~~~~~~~~~~~~ ^ ~~~~~~~~~~~~~~~~~~
/home/tarafdar/workDir/test/galapagos/hls4ml/nnet_utils/nnet_conv.h:108:31: note: in instantiation of function template specialization 'nnet::compute_multiplier_limit<config1>' requested here
 const int multiplier_limit = compute_multiplier_limit<CONFIG_T>(weights);
                              ^
firmware/myproject.cpp:63:2: note: in instantiation of function template specialization 'nnet::conv_1d<ap_fixed<32, 8, 5, 3, 0>, ap_fixed<32, 8, 5, 3, 0>, config1>' requested here
 nnet::conv_1d<input_t, input_t, config1>(data, layer1_out, w1, b1);
 ^
2 warnings generated.\n
WARNING: [HLS 214-114] Only function calls and local variable declarations are allowed in a dataflow region: /home/tarafdar/workDir/test/galapagos/hls4ml/nnet_utils/nnet_layer.h:81:9
INFO: [HLS 200-111] Finished Linking Time (s): cpu = 00:00:26 ; elapsed = 00:00:26 . Memory (MB): peak = 365.875 ; gain = 0.176 ; free physical = 587 ; free virtual = 36803
INFO: [HLS 200-111] Finished Checking Pragmas Time (s): cpu = 00:00:26 ; elapsed = 00:00:26 . Memory (MB): peak = 365.875 ; gain = 0.176 ; free physical = 587 ; free virtual = 36803
INFO: [HLS 200-10] Starting code transformations ...
INFO: [XFORM 203-603] Inlining function 'ap_fixed_base<32, 8, true, (ap_q_mode)5, (ap_o_mode)3, 0>::to_double' into 'nnet::compute_multiplier_limit<config1>' (/home/tarafdar/workDir/test/galapagos/hls4ml/nnet_utils/nnet_conv.h:72).
INFO: [XFORM 203-603] Inlining function 'ap_fixed_base<32, 8, true, (ap_q_mode)5, (ap_o_mode)3, 0>::to_double' into 'nnet::compute_multiplier_limit<config1>' (/home/tarafdar/workDir/test/galapagos/hls4ml/nnet_utils/nnet_conv.h:72).
INFO: [XFORM 203-603] Inlining function 'ap_fixed_base<137, 84, false, (ap_q_mode)5, (ap_o_mode)3, 0>::operator<<' into 'generic_cast_IEEE754<int, (ap_q_mode)6, double>' (/wrk/2018.2/continuous/2018_06_14_2258646/src/products/hls/hls_lib/hlsmath/include/FloatingPoint/hls_case_IEEE754.h:17).
INFO: [XFORM 203-603] Inlining function 'ap_fixed_base<1, 32, false, (ap_q_mode)5, (ap_o_mode)0, 0>::overflow_adjust' into 'ap_fixed_base<1, 32, false, (ap_q_mode)5, (ap_o_mode)0, 0>::ap_fixed_base<137, 84, false, (ap_q_mode)5, (ap_o_mode)3, 0>' ().
INFO: [HLS 200-111] Finished Standard Transforms Time (s): cpu = 00:00:29 ; elapsed = 00:00:30 . Memory (MB): peak = 562.633 ; gain = 196.934 ; free physical = 475 ; free virtual = 36704
INFO: [HLS 200-10] Checking synthesizability ...
INFO: [XFORM 203-602] Inlining function '_ZN9fp_structIdEC2Ed10' into '_ZN9fp_structIdEC1Ed6' (/wrk/2018.2/continuous/2018_06_14_2258646/src/products/hls/src/technology/autopilot/header_files/utils/x_hls_utils.h:442) automatically.
INFO: [XFORM 203-602] Inlining function 'fp_struct<double>::data' into 'fp_struct<double>::to_double' (/wrk/2018.2/continuous/2018_06_14_2258646/src/products/hls/src/technology/autopilot/header_files/utils/x_hls_utils.h:475) automatically.
INFO: [XFORM 203-602] Inlining function 'fp_struct<double>::to_double' into 'fp_struct<double>::to_ieee' (/wrk/2018.2/continuous/2018_06_14_2258646/src/products/hls/src/technology/autopilot/header_files/utils/x_hls_utils.h:489) automatically.
INFO: [XFORM 203-602] Inlining function '_ZN9fp_structIdEC1Ed6' into 'generic_copysign<double>' (/wrk/2018.2/continuous/2018_06_14_2258646/src/products/hls/hls_lib/hlsmath/include/FloatingPoint/hls_copysign.h:11) automatically.
INFO: [XFORM 203-602] Inlining function 'fp_struct<double>::to_ieee' into 'generic_copysign<double>' (/wrk/2018.2/continuous/2018_06_14_2258646/src/products/hls/hls_lib/hlsmath/include/FloatingPoint/hls_copysign.h:13) automatically.
INFO: [XFORM 203-602] Inlining function '_ZN9fp_structIdEC1Ed6' into 'generic_ceil<double>' (/wrk/2018.2/continuous/2018_06_14_2258646/src/products/hls/hls_lib/hlsmath/include/FloatingPoint/hls_ceil.h:17) automatically.
INFO: [XFORM 203-602] Inlining function '_ZNK9fp_structIdE9__signbitEv8' into 'generic_ceil<double>' (/wrk/2018.2/continuous/2018_06_14_2258646/src/products/hls/hls_lib/hlsmath/include/FloatingPoint/hls_ceil.h:20) automatically.
INFO: [XFORM 203-602] Inlining function 'generic_copysign<double>' into 'generic_ceil<double>' (/wrk/2018.2/continuous/2018_06_14_2258646/src/products/hls/hls_lib/hlsmath/include/FloatingPoint/hls_ceil.h:23) automatically.
INFO: [XFORM 203-602] Inlining function 'fp_struct<double>::data' into 'generic_ceil<double>' (/wrk/2018.2/continuous/2018_06_14_2258646/src/products/hls/hls_lib/hlsmath/include/FloatingPoint/hls_ceil.h:37) automatically.
INFO: [XFORM 203-602] Inlining function 'fp_struct<double>::to_ieee' into 'generic_ceil<double>' (/wrk/2018.2/continuous/2018_06_14_2258646/src/products/hls/hls_lib/hlsmath/include/FloatingPoint/hls_ceil.h:41) automatically.
INFO: [XFORM 203-602] Inlining function 'fp_struct<double>::mantissa' into 'generic_cast_IEEE754<int, (ap_q_mode)6, double>' (/wrk/2018.2/continuous/2018_06_14_2258646/src/products/hls/hls_lib/hlsmath/include/FloatingPoint/hls_case_IEEE754.h:14) automatically.
INFO: [XFORM 203-602] Inlining function 'fp_struct<double>::expv' into 'generic_cast_IEEE754<int, (ap_q_mode)6, double>' (/wrk/2018.2/continuous/2018_06_14_2258646/src/products/hls/hls_lib/hlsmath/include/FloatingPoint/hls_case_IEEE754.h:17) automatically.
INFO: [XFORM 203-602] Inlining function 'fp_struct<double>::__signbit' into 'generic_cast_IEEE754<int, (ap_q_mode)6, double>' (/wrk/2018.2/continuous/2018_06_14_2258646/src/products/hls/hls_lib/hlsmath/include/FloatingPoint/hls_case_IEEE754.h:49) automatically.
INFO: [XFORM 203-602] Inlining function 'generic_cast_IEEE754<int, (ap_q_mode)6, double>' into 'generic_cast_IEEE754<int, double>' (/wrk/2018.2/continuous/2018_06_14_2258646/src/products/hls/hls_lib/hlsmath/include/FloatingPoint/hls_case_IEEE754.h:98) automatically.
INFO: [XFORM 203-602] Inlining function 'generic_cast_IEEE754<int, double>' into '__hls_fptosi_double_i32' (/wrk/2018.2/continuous/2018_06_14_2258646/src/products/hls/hls_lib/hlsmath/src/lib_floatconversion.cpp:54) automatically.
INFO: [XFORM 203-602] Inlining function 'ceil' into 'nnet::compute_multiplier_limit<config1>' (/home/tarafdar/workDir/test/galapagos/hls4ml/nnet_utils/nnet_conv.h:81) automatically.
INFO: [XFORM 203-602] Inlining function '__hls_fptosi_double_i32' into 'nnet::compute_multiplier_limit<config1>' (/home/tarafdar/workDir/test/galapagos/hls4ml/nnet_utils/nnet_conv.h:81) automatically.
INFO: [XFORM 203-602] Inlining function '__hls_fptosi_double_i32' into 'nnet::compute_layer<ap_fixed<32, 8, (ap_q_mode)5, (ap_o_mode)3, 0>, ap_fixed<32, 8, (ap_q_mode)5, (ap_o_mode)3, 0>, config2>' (/home/tarafdar/workDir/test/galapagos/hls4ml/nnet_utils/nnet_layer.h:73) automatically.
INFO: [XFORM 203-602] Inlining function 'nnet::flatten<ap_fixed<32, 8, (ap_q_mode)5, (ap_o_mode)3, 0>, 4, 3>' into 'myproject' (firmware/myproject.cpp:68) automatically.
INFO: [HLS 200-111] Finished Checking Synthesizability Time (s): cpu = 00:00:29 ; elapsed = 00:00:30 . Memory (MB): peak = 562.633 ; gain = 196.934 ; free physical = 417 ; free virtual = 36650
INFO: [XFORM 203-502] Unrolling all loops for pipelining in function 'nnet::softmax<ap_fixed<32, 8, (ap_q_mode)5, (ap_o_mode)3, 0>, ap_fixed<32, 8, (ap_q_mode)5, (ap_o_mode)3, 0>, softmax_config2>' (/home/tarafdar/workDir/test/galapagos/hls4ml/nnet_utils/nnet_activation.h:225:4).
INFO: [XFORM 203-502] Unrolling all loops for pipelining in function 'nnet::compute_layer<ap_fixed<32, 8, (ap_q_mode)5, (ap_o_mode)3, 0>, ap_fixed<32, 8, (ap_q_mode)5, (ap_o_mode)3, 0>, config2>' (/home/tarafdar/workDir/test/galapagos/hls4ml/nnet_utils/nnet_layer.h:56:55).
INFO: [XFORM 203-502] Unrolling all loops for pipelining in function 'nnet::relu<ap_fixed<32, 8, (ap_q_mode)5, (ap_o_mode)3, 0>, ap_fixed<32, 8, (ap_q_mode)5, (ap_o_mode)3, 0>, relu_config1>' (/home/tarafdar/workDir/test/galapagos/hls4ml/nnet_utils/nnet_activation.h:73:39).
INFO: [XFORM 203-502] Unrolling all loops for pipelining in function 'nnet::flatten<ap_fixed<32, 8, (ap_q_mode)5, (ap_o_mode)3, 0>, 4, 3>' (/home/tarafdar/workDir/test/galapagos/hls4ml/nnet_utils/nnet_conv.h:174:31).
INFO: [XFORM 203-502] Unrolling all loops for pipelining in function 'nnet::conv_1d<ap_fixed<32, 8, (ap_q_mode)5, (ap_o_mode)3, 0>, ap_fixed<32, 8, (ap_q_mode)5, (ap_o_mode)3, 0>, config1>' (/home/tarafdar/workDir/test/galapagos/hls4ml/nnet_utils/nnet_conv.h:94:57).
INFO: [XFORM 203-502] Unrolling all loops for pipelining in function 'nnet::compute_multiplier_limit<config1>' (/home/tarafdar/workDir/test/galapagos/hls4ml/nnet_utils/nnet_conv.h:55).
INFO: [XFORM 203-501] Unrolling loop 'Loop-1' (/home/tarafdar/workDir/test/galapagos/hls4ml/nnet_utils/nnet_activation.h:236) in function 'nnet::softmax<ap_fixed<32, 8, (ap_q_mode)5, (ap_o_mode)3, 0>, ap_fixed<32, 8, (ap_q_mode)5, (ap_o_mode)3, 0>, softmax_config2>' completely.
INFO: [XFORM 203-501] Unrolling loop 'Loop-2' (/home/tarafdar/workDir/test/galapagos/hls4ml/nnet_utils/nnet_activation.h:240) in function 'nnet::softmax<ap_fixed<32, 8, (ap_q_mode)5, (ap_o_mode)3, 0>, ap_fixed<32, 8, (ap_q_mode)5, (ap_o_mode)3, 0>, softmax_config2>' completely.
INFO: [XFORM 203-501] Unrolling loop 'Loop-2.1' (/home/tarafdar/workDir/test/galapagos/hls4ml/nnet_utils/nnet_activation.h:244) in function 'nnet::softmax<ap_fixed<32, 8, (ap_q_mode)5, (ap_o_mode)3, 0>, ap_fixed<32, 8, (ap_q_mode)5, (ap_o_mode)3, 0>, softmax_config2>' completely.
INFO: [XFORM 203-501] Unrolling loop 'Loop-3' (/home/tarafdar/workDir/test/galapagos/hls4ml/nnet_utils/nnet_activation.h:258) in function 'nnet::softmax<ap_fixed<32, 8, (ap_q_mode)5, (ap_o_mode)3, 0>, ap_fixed<32, 8, (ap_q_mode)5, (ap_o_mode)3, 0>, softmax_config2>' completely.
INFO: [XFORM 203-501] Unrolling loop 'Product1' (/home/tarafdar/workDir/test/galapagos/hls4ml/nnet_utils/nnet_layer.h:97) in function 'nnet::compute_layer<ap_fixed<32, 8, (ap_q_mode)5, (ap_o_mode)3, 0>, ap_fixed<32, 8, (ap_q_mode)5, (ap_o_mode)3, 0>, config2>' completely.
INFO: [XFORM 203-501] Unrolling loop 'Product2' (/home/tarafdar/workDir/test/galapagos/hls4ml/nnet_utils/nnet_layer.h:102) in function 'nnet::compute_layer<ap_fixed<32, 8, (ap_q_mode)5, (ap_o_mode)3, 0>, ap_fixed<32, 8, (ap_q_mode)5, (ap_o_mode)3, 0>, config2>' completely.
INFO: [XFORM 203-501] Unrolling loop 'ResetAccum' (/home/tarafdar/workDir/test/galapagos/hls4ml/nnet_utils/nnet_layer.h:113) in function 'nnet::compute_layer<ap_fixed<32, 8, (ap_q_mode)5, (ap_o_mode)3, 0>, ap_fixed<32, 8, (ap_q_mode)5, (ap_o_mode)3, 0>, config2>' completely.
INFO: [XFORM 203-501] Unrolling loop 'Accum1' (/home/tarafdar/workDir/test/galapagos/hls4ml/nnet_utils/nnet_layer.h:121) in function 'nnet::compute_layer<ap_fixed<32, 8, (ap_q_mode)5, (ap_o_mode)3, 0>, ap_fixed<32, 8, (ap_q_mode)5, (ap_o_mode)3, 0>, config2>' completely.
INFO: [XFORM 203-501] Unrolling loop 'Accum2' (/home/tarafdar/workDir/test/galapagos/hls4ml/nnet_utils/nnet_layer.h:125) in function 'nnet::compute_layer<ap_fixed<32, 8, (ap_q_mode)5, (ap_o_mode)3, 0>, ap_fixed<32, 8, (ap_q_mode)5, (ap_o_mode)3, 0>, config2>' completely.
INFO: [XFORM 203-501] Unrolling loop 'Result' (/home/tarafdar/workDir/test/galapagos/hls4ml/nnet_utils/nnet_layer.h:132) in function 'nnet::compute_layer<ap_fixed<32, 8, (ap_q_mode)5, (ap_o_mode)3, 0>, ap_fixed<32, 8, (ap_q_mode)5, (ap_o_mode)3, 0>, config2>' completely.
INFO: [XFORM 203-501] Unrolling loop 'Loop-1' (/home/tarafdar/workDir/test/galapagos/hls4ml/nnet_utils/nnet_activation.h:78) in function 'nnet::relu<ap_fixed<32, 8, (ap_q_mode)5, (ap_o_mode)3, 0>, ap_fixed<32, 8, (ap_q_mode)5, (ap_o_mode)3, 0>, relu_config1>' completely.
INFO: [XFORM 203-501] Unrolling loop 'Loop-1' (/home/tarafdar/workDir/test/galapagos/hls4ml/nnet_utils/nnet_conv.h:174) in function 'nnet::flatten<ap_fixed<32, 8, (ap_q_mode)5, (ap_o_mode)3, 0>, 4, 3>' completely.
INFO: [XFORM 203-501] Unrolling loop 'Loop-1.1' (/home/tarafdar/workDir/test/galapagos/hls4ml/nnet_utils/nnet_conv.h:175) in function 'nnet::flatten<ap_fixed<32, 8, (ap_q_mode)5, (ap_o_mode)3, 0>, 4, 3>' completely.
INFO: [XFORM 203-501] Unrolling loop 'ConvOut' (/home/tarafdar/workDir/test/galapagos/hls4ml/nnet_utils/nnet_conv.h:112) in function 'nnet::conv_1d<ap_fixed<32, 8, (ap_q_mode)5, (ap_o_mode)3, 0>, ap_fixed<32, 8, (ap_q_mode)5, (ap_o_mode)3, 0>, config1>' completely.
INFO: [XFORM 203-501] Unrolling loop 'ConvFilt' (/home/tarafdar/workDir/test/galapagos/hls4ml/nnet_utils/nnet_conv.h:113) in function 'nnet::conv_1d<ap_fixed<32, 8, (ap_q_mode)5, (ap_o_mode)3, 0>, ap_fixed<32, 8, (ap_q_mode)5, (ap_o_mode)3, 0>, config1>' completely.
INFO: [XFORM 203-501] Unrolling loop 'ConvChan' (/home/tarafdar/workDir/test/galapagos/hls4ml/nnet_utils/nnet_conv.h:114) in function 'nnet::conv_1d<ap_fixed<32, 8, (ap_q_mode)5, (ap_o_mode)3, 0>, ap_fixed<32, 8, (ap_q_mode)5, (ap_o_mode)3, 0>, config1>' completely.
INFO: [XFORM 203-501] Unrolling loop 'ConvMult' (/home/tarafdar/workDir/test/galapagos/hls4ml/nnet_utils/nnet_conv.h:115) in function 'nnet::conv_1d<ap_fixed<32, 8, (ap_q_mode)5, (ap_o_mode)3, 0>, ap_fixed<32, 8, (ap_q_mode)5, (ap_o_mode)3, 0>, config1>' completely.
INFO: [XFORM 203-501] Unrolling loop 'Loop-2' (/home/tarafdar/workDir/test/galapagos/hls4ml/nnet_utils/nnet_conv.h:133) in function 'nnet::conv_1d<ap_fixed<32, 8, (ap_q_mode)5, (ap_o_mode)3, 0>, ap_fixed<32, 8, (ap_q_mode)5, (ap_o_mode)3, 0>, config1>' completely.
INFO: [XFORM 203-501] Unrolling loop 'Loop-2.1' (/home/tarafdar/workDir/test/galapagos/hls4ml/nnet_utils/nnet_conv.h:134) in function 'nnet::conv_1d<ap_fixed<32, 8, (ap_q_mode)5, (ap_o_mode)3, 0>, ap_fixed<32, 8, (ap_q_mode)5, (ap_o_mode)3, 0>, config1>' completely.
INFO: [XFORM 203-501] Unrolling loop 'AccumOut' (/home/tarafdar/workDir/test/galapagos/hls4ml/nnet_utils/nnet_conv.h:141) in function 'nnet::conv_1d<ap_fixed<32, 8, (ap_q_mode)5, (ap_o_mode)3, 0>, ap_fixed<32, 8, (ap_q_mode)5, (ap_o_mode)3, 0>, config1>' completely.
INFO: [XFORM 203-501] Unrolling loop 'AccumFilt' (/home/tarafdar/workDir/test/galapagos/hls4ml/nnet_utils/nnet_conv.h:142) in function 'nnet::conv_1d<ap_fixed<32, 8, (ap_q_mode)5, (ap_o_mode)3, 0>, ap_fixed<32, 8, (ap_q_mode)5, (ap_o_mode)3, 0>, config1>' completely.
INFO: [XFORM 203-501] Unrolling loop 'AccumChan' (/home/tarafdar/workDir/test/galapagos/hls4ml/nnet_utils/nnet_conv.h:144) in function 'nnet::conv_1d<ap_fixed<32, 8, (ap_q_mode)5, (ap_o_mode)3, 0>, ap_fixed<32, 8, (ap_q_mode)5, (ap_o_mode)3, 0>, config1>' completely.
INFO: [XFORM 203-501] Unrolling loop 'AccumDot' (/home/tarafdar/workDir/test/galapagos/hls4ml/nnet_utils/nnet_conv.h:145) in function 'nnet::conv_1d<ap_fixed<32, 8, (ap_q_mode)5, (ap_o_mode)3, 0>, ap_fixed<32, 8, (ap_q_mode)5, (ap_o_mode)3, 0>, config1>' completely.
INFO: [XFORM 203-501] Unrolling loop 'Loop-4' (/home/tarafdar/workDir/test/galapagos/hls4ml/nnet_utils/nnet_conv.h:155) in function 'nnet::conv_1d<ap_fixed<32, 8, (ap_q_mode)5, (ap_o_mode)3, 0>, ap_fixed<32, 8, (ap_q_mode)5, (ap_o_mode)3, 0>, config1>' completely.
INFO: [XFORM 203-501] Unrolling loop 'Loop-4.1' (/home/tarafdar/workDir/test/galapagos/hls4ml/nnet_utils/nnet_conv.h:156) in function 'nnet::conv_1d<ap_fixed<32, 8, (ap_q_mode)5, (ap_o_mode)3, 0>, ap_fixed<32, 8, (ap_q_mode)5, (ap_o_mode)3, 0>, config1>' completely.
INFO: [XFORM 203-501] Unrolling loop 'Loop-1' (/home/tarafdar/workDir/test/galapagos/hls4ml/nnet_utils/nnet_conv.h:59) in function 'nnet::compute_multiplier_limit<config1>' completely.
INFO: [XFORM 203-501] Unrolling loop 'Loop-1.1' (/home/tarafdar/workDir/test/galapagos/hls4ml/nnet_utils/nnet_conv.h:60) in function 'nnet::compute_multiplier_limit<config1>' completely.
INFO: [XFORM 203-501] Unrolling loop 'Loop-1.1.1' (/home/tarafdar/workDir/test/galapagos/hls4ml/nnet_utils/nnet_conv.h:61) in function 'nnet::compute_multiplier_limit<config1>' completely.
INFO: [XFORM 203-501] Unrolling loop 'Loop-1.1.1.1' (/home/tarafdar/workDir/test/galapagos/hls4ml/nnet_utils/nnet_conv.h:62) in function 'nnet::compute_multiplier_limit<config1>' completely.
INFO: [XFORM 203-102] Partitioning array 'exp_res.V' (/home/tarafdar/workDir/test/galapagos/hls4ml/nnet_utils/nnet_activation.h:231) automatically.
INFO: [XFORM 203-102] Partitioning array 'data_cache.V' (/home/tarafdar/workDir/test/galapagos/hls4ml/nnet_utils/nnet_activation.h:233) automatically.
INFO: [XFORM 203-131] Reshaping array 'data_str.V' (myproject_galapagos.cpp:41) in dimension 1 completely.
INFO: [XFORM 203-131] Reshaping array 'res_str'  in dimension 1 completely.
INFO: [XFORM 203-131] Reshaping array 'data_str.V' (myproject_galapagos.cpp:41) in dimension 2 completely.
INFO: [XFORM 203-101] Partitioning array 'layer1_out.V' (firmware/myproject.cpp:61) in dimension 1 completely.
INFO: [XFORM 203-101] Partitioning array 'layer1_out_flat.V' (firmware/myproject.cpp:66) in dimension 1 completely.
INFO: [XFORM 203-101] Partitioning array 'layer1_out_flat_relu.V' (firmware/myproject.cpp:72) in dimension 1 completely.
INFO: [XFORM 203-101] Partitioning array 'logits2.V' (firmware/myproject.cpp:77) in dimension 1 completely.
INFO: [XFORM 203-101] Partitioning array 'mult.V' (/home/tarafdar/workDir/test/galapagos/hls4ml/nnet_utils/nnet_conv.h:94) in dimension 1 completely.
INFO: [XFORM 203-101] Partitioning array 'acc.V' (/home/tarafdar/workDir/test/galapagos/hls4ml/nnet_utils/nnet_conv.h:95) in dimension 1 completely.
INFO: [XFORM 203-101] Partitioning array 'b1.V'  in dimension 1 completely.
INFO: [XFORM 203-101] Partitioning array 'b2.V'  in dimension 1 completely.
INFO: [XFORM 203-101] Partitioning array 'mult.V' (/home/tarafdar/workDir/test/galapagos/hls4ml/nnet_utils/nnet_layer.h:56) in dimension 1 completely.
INFO: [XFORM 203-101] Partitioning array 'acc.V' (/home/tarafdar/workDir/test/galapagos/hls4ml/nnet_utils/nnet_layer.h:57) in dimension 1 completely.
INFO: [XFORM 203-101] Partitioning array 'layer1_out.V' (firmware/myproject.cpp:61) in dimension 2 completely.
INFO: [XFORM 203-101] Partitioning array 'acc.V' (/home/tarafdar/workDir/test/galapagos/hls4ml/nnet_utils/nnet_conv.h:95) in dimension 2 completely.
INFO: [XFORM 203-602] Inlining function '_ZN9fp_structIdEC2Ed10' into '_ZN9fp_structIdEC1Ed6' (/wrk/2018.2/continuous/2018_06_14_2258646/src/products/hls/src/technology/autopilot/header_files/utils/x_hls_utils.h:442) automatically.
INFO: [XFORM 203-602] Inlining function 'fp_struct<double>::data' into 'fp_struct<double>::to_double' (/wrk/2018.2/continuous/2018_06_14_2258646/src/products/hls/src/technology/autopilot/header_files/utils/x_hls_utils.h:475) automatically.
INFO: [XFORM 203-602] Inlining function 'fp_struct<double>::to_double' into 'fp_struct<double>::to_ieee' (/wrk/2018.2/continuous/2018_06_14_2258646/src/products/hls/src/technology/autopilot/header_files/utils/x_hls_utils.h:489) automatically.
INFO: [XFORM 203-602] Inlining function '_ZN9fp_structIdEC1Ed6' into 'generic_copysign<double>' (/wrk/2018.2/continuous/2018_06_14_2258646/src/products/hls/hls_lib/hlsmath/include/FloatingPoint/hls_copysign.h:11) automatically.
INFO: [XFORM 203-602] Inlining function 'fp_struct<double>::to_ieee' into 'generic_copysign<double>' (/wrk/2018.2/continuous/2018_06_14_2258646/src/products/hls/hls_lib/hlsmath/include/FloatingPoint/hls_copysign.h:13) automatically.
INFO: [XFORM 203-602] Inlining function '_ZN9fp_structIdEC1Ed6' into 'generic_ceil<double>' (/wrk/2018.2/continuous/2018_06_14_2258646/src/products/hls/hls_lib/hlsmath/include/FloatingPoint/hls_ceil.h:17) automatically.
INFO: [XFORM 203-602] Inlining function '_ZNK9fp_structIdE9__signbitEv8' into 'generic_ceil<double>' (/wrk/2018.2/continuous/2018_06_14_2258646/src/products/hls/hls_lib/hlsmath/include/FloatingPoint/hls_ceil.h:20) automatically.
INFO: [XFORM 203-602] Inlining function 'generic_copysign<double>' into 'generic_ceil<double>' (/wrk/2018.2/continuous/2018_06_14_2258646/src/products/hls/hls_lib/hlsmath/include/FloatingPoint/hls_ceil.h:23) automatically.
INFO: [XFORM 203-602] Inlining function 'fp_struct<double>::data' into 'generic_ceil<double>' (/wrk/2018.2/continuous/2018_06_14_2258646/src/products/hls/hls_lib/hlsmath/include/FloatingPoint/hls_ceil.h:37) automatically.
INFO: [XFORM 203-602] Inlining function 'fp_struct<double>::to_ieee' into 'generic_ceil<double>' (/wrk/2018.2/continuous/2018_06_14_2258646/src/products/hls/hls_lib/hlsmath/include/FloatingPoint/hls_ceil.h:41) automatically.
INFO: [XFORM 203-602] Inlining function 'fp_struct<double>::mantissa' into 'generic_cast_IEEE754<int, (ap_q_mode)6, double>' (/wrk/2018.2/continuous/2018_06_14_2258646/src/products/hls/hls_lib/hlsmath/include/FloatingPoint/hls_case_IEEE754.h:14) automatically.
INFO: [XFORM 203-602] Inlining function 'fp_struct<double>::expv' into 'generic_cast_IEEE754<int, (ap_q_mode)6, double>' (/wrk/2018.2/continuous/2018_06_14_2258646/src/products/hls/hls_lib/hlsmath/include/FloatingPoint/hls_case_IEEE754.h:17) automatically.
INFO: [XFORM 203-602] Inlining function 'fp_struct<double>::__signbit' into 'generic_cast_IEEE754<int, (ap_q_mode)6, double>' (/wrk/2018.2/continuous/2018_06_14_2258646/src/products/hls/hls_lib/hlsmath/include/FloatingPoint/hls_case_IEEE754.h:49) automatically.
INFO: [XFORM 203-602] Inlining function 'generic_cast_IEEE754<int, (ap_q_mode)6, double>' into 'generic_cast_IEEE754<int, double>' (/wrk/2018.2/continuous/2018_06_14_2258646/src/products/hls/hls_lib/hlsmath/include/FloatingPoint/hls_case_IEEE754.h:98) automatically.
INFO: [XFORM 203-602] Inlining function 'generic_cast_IEEE754<int, double>' into '__hls_fptosi_double_i32' (/wrk/2018.2/continuous/2018_06_14_2258646/src/products/hls/hls_lib/hlsmath/src/lib_floatconversion.cpp:54) automatically.
INFO: [XFORM 203-602] Inlining function 'ceil' into 'nnet::compute_multiplier_limit<config1>' (/home/tarafdar/workDir/test/galapagos/hls4ml/nnet_utils/nnet_conv.h:81) automatically.
INFO: [XFORM 203-602] Inlining function '__hls_fptosi_double_i32' into 'nnet::compute_multiplier_limit<config1>' (/home/tarafdar/workDir/test/galapagos/hls4ml/nnet_utils/nnet_conv.h:81) automatically.
INFO: [XFORM 203-602] Inlining function '__hls_fptosi_double_i32' into 'nnet::compute_layer<ap_fixed<32, 8, (ap_q_mode)5, (ap_o_mode)3, 0>, ap_fixed<32, 8, (ap_q_mode)5, (ap_o_mode)3, 0>, config2>' (/home/tarafdar/workDir/test/galapagos/hls4ml/nnet_utils/nnet_layer.h:73) automatically.
INFO: [XFORM 203-602] Inlining function 'nnet::flatten<ap_fixed<32, 8, (ap_q_mode)5, (ap_o_mode)3, 0>, 4, 3>' into 'myproject' (firmware/myproject.cpp:68) automatically.
INFO: [XFORM 203-622] Instantiating function 'nnet::compute_layer<ap_fixed<32, 8, (ap_q_mode)5, (ap_o_mode)3, 0>, ap_fixed<32, 8, (ap_q_mode)5, (ap_o_mode)3, 0>, config2>'(/home/tarafdar/workDir/test/galapagos/hls4ml/nnet_utils/nnet_layer.h:14:6) to 'nnet::compute_layer<ap_fixed<32, 8, (ap_q_mode)5, (ap_o_mode)3, 0>, ap_fixed<32, 8, (ap_q_mode)5, (ap_o_mode)3, 0>, config2>.0' at call site (firmware/myproject.cpp:79) by setting 'weights.V' to 'w2.V'.
INFO: [XFORM 203-622] Instantiating function 'nnet::compute_layer<ap_fixed<32, 8, (ap_q_mode)5, (ap_o_mode)3, 0>, ap_fixed<32, 8, (ap_q_mode)5, (ap_o_mode)3, 0>, config2>.0'(/home/tarafdar/workDir/test/galapagos/hls4ml/nnet_utils/nnet_layer.h:14:6) to 'nnet::compute_layer<ap_fixed<32, 8, (ap_q_mode)5, (ap_o_mode)3, 0>, ap_fixed<32, 8, (ap_q_mode)5, (ap_o_mode)3, 0>, config2>.0.0' at call site (firmware/myproject.cpp:79) by setting 'biases[0].V' to 'b2.V.0'.
INFO: [XFORM 203-622] Instantiating function 'nnet::compute_layer<ap_fixed<32, 8, (ap_q_mode)5, (ap_o_mode)3, 0>, ap_fixed<32, 8, (ap_q_mode)5, (ap_o_mode)3, 0>, config2>.0.0'(/home/tarafdar/workDir/test/galapagos/hls4ml/nnet_utils/nnet_layer.h:14:6) to 'nnet::compute_layer<ap_fixed<32, 8, (ap_q_mode)5, (ap_o_mode)3, 0>, ap_fixed<32, 8, (ap_q_mode)5, (ap_o_mode)3, 0>, config2>.0.0.0' at call site (firmware/myproject.cpp:79) by setting 'biases[1].V' to 'b2.V.1'.
INFO: [XFORM 203-622] Instantiating function 'nnet::compute_layer<ap_fixed<32, 8, (ap_q_mode)5, (ap_o_mode)3, 0>, ap_fixed<32, 8, (ap_q_mode)5, (ap_o_mode)3, 0>, config2>.0.0.0'(/home/tarafdar/workDir/test/galapagos/hls4ml/nnet_utils/nnet_layer.h:14:6) to 'nnet::compute_layer<ap_fixed<32, 8, (ap_q_mode)5, (ap_o_mode)3, 0>, ap_fixed<32, 8, (ap_q_mode)5, (ap_o_mode)3, 0>, config2>.0.0.0.0' at call site (firmware/myproject.cpp:79) by setting 'biases[2].V' to 'b2.V.2'.
INFO: [XFORM 203-622] Instantiating function 'nnet::compute_layer<ap_fixed<32, 8, (ap_q_mode)5, (ap_o_mode)3, 0>, ap_fixed<32, 8, (ap_q_mode)5, (ap_o_mode)3, 0>, config2>.0.0.0.0'(/home/tarafdar/workDir/test/galapagos/hls4ml/nnet_utils/nnet_layer.h:14:6) to 'nnet::compute_layer<ap_fixed<32, 8, (ap_q_mode)5, (ap_o_mode)3, 0>, ap_fixed<32, 8, (ap_q_mode)5, (ap_o_mode)3, 0>, config2>.0.0.0.0.0' at call site (firmware/myproject.cpp:79) by setting 'biases[3].V' to 'b2.V.3'.
INFO: [XFORM 203-622] Instantiating function 'nnet::compute_layer<ap_fixed<32, 8, (ap_q_mode)5, (ap_o_mode)3, 0>, ap_fixed<32, 8, (ap_q_mode)5, (ap_o_mode)3, 0>, config2>.0.0.0.0.0'(/home/tarafdar/workDir/test/galapagos/hls4ml/nnet_utils/nnet_layer.h:14:6) to 'nnet::compute_layer<ap_fixed<32, 8, (ap_q_mode)5, (ap_o_mode)3, 0>, ap_fixed<32, 8, (ap_q_mode)5, (ap_o_mode)3, 0>, config2>.0.0.0.0.0.0' at call site (firmware/myproject.cpp:79) by setting 'biases[4].V' to 'b2.V.4'.
INFO: [XFORM 203-622] Instantiating function 'nnet::compute_layer<ap_fixed<32, 8, (ap_q_mode)5, (ap_o_mode)3, 0>, ap_fixed<32, 8, (ap_q_mode)5, (ap_o_mode)3, 0>, config2>.0.0.0.0.0.0'(/home/tarafdar/workDir/test/galapagos/hls4ml/nnet_utils/nnet_layer.h:14:6) to 'nnet::compute_layer<ap_fixed<32, 8, (ap_q_mode)5, (ap_o_mode)3, 0>, ap_fixed<32, 8, (ap_q_mode)5, (ap_o_mode)3, 0>, config2>.0.0.0.0.0.0.0' at call site (firmware/myproject.cpp:79) by setting 'biases[5].V' to 'b2.V.5'.
INFO: [XFORM 203-622] Instantiating function 'nnet::conv_1d<ap_fixed<32, 8, (ap_q_mode)5, (ap_o_mode)3, 0>, ap_fixed<32, 8, (ap_q_mode)5, (ap_o_mode)3, 0>, config1>'(/home/tarafdar/workDir/test/galapagos/hls4ml/nnet_utils/nnet_conv.h:104:44) to 'nnet::conv_1d<ap_fixed<32, 8, (ap_q_mode)5, (ap_o_mode)3, 0>, ap_fixed<32, 8, (ap_q_mode)5, (ap_o_mode)3, 0>, config1>.0' by setting 'weights.V' to 'w1.V'.
INFO: [XFORM 203-622] Instantiating function 'nnet::conv_1d<ap_fixed<32, 8, (ap_q_mode)5, (ap_o_mode)3, 0>, ap_fixed<32, 8, (ap_q_mode)5, (ap_o_mode)3, 0>, config1>.0'(/home/tarafdar/workDir/test/galapagos/hls4ml/nnet_utils/nnet_conv.h:104:44) to 'nnet::conv_1d<ap_fixed<32, 8, (ap_q_mode)5, (ap_o_mode)3, 0>, ap_fixed<32, 8, (ap_q_mode)5, (ap_o_mode)3, 0>, config1>.0.0' by setting 'biases[0].V' to 'b1.V.0'.
INFO: [XFORM 203-622] Instantiating function 'nnet::conv_1d<ap_fixed<32, 8, (ap_q_mode)5, (ap_o_mode)3, 0>, ap_fixed<32, 8, (ap_q_mode)5, (ap_o_mode)3, 0>, config1>.0.0'(/home/tarafdar/workDir/test/galapagos/hls4ml/nnet_utils/nnet_conv.h:104:44) to 'nnet::conv_1d<ap_fixed<32, 8, (ap_q_mode)5, (ap_o_mode)3, 0>, ap_fixed<32, 8, (ap_q_mode)5, (ap_o_mode)3, 0>, config1>.0.0.0' by setting 'biases[1].V' to 'b1.V.1'.
INFO: [XFORM 203-622] Instantiating function 'nnet::conv_1d<ap_fixed<32, 8, (ap_q_mode)5, (ap_o_mode)3, 0>, ap_fixed<32, 8, (ap_q_mode)5, (ap_o_mode)3, 0>, config1>.0.0.0'(/home/tarafdar/workDir/test/galapagos/hls4ml/nnet_utils/nnet_conv.h:104:44) to 'nnet::conv_1d<ap_fixed<32, 8, (ap_q_mode)5, (ap_o_mode)3, 0>, ap_fixed<32, 8, (ap_q_mode)5, (ap_o_mode)3, 0>, config1>.0.0.0.0' by setting 'biases[2].V' to 'b1.V.2'.
INFO: [XFORM 203-401] Performing if-conversion on hyperblock from (/home/tarafdar/workDir/test/galapagos/hls4ml/nnet_utils/nnet_activation.h:207:21) to (/home/tarafdar/workDir/test/galapagos/hls4ml/nnet_utils/nnet_activation.h:266:1) in function 'nnet::softmax<ap_fixed<32, 8, (ap_q_mode)5, (ap_o_mode)3, 0>, ap_fixed<32, 8, (ap_q_mode)5, (ap_o_mode)3, 0>, softmax_config2>'... converting 73 basic blocks.
INFO: [XFORM 203-401] Performing if-conversion on hyperblock from (/home/tarafdar/workDir/test/galapagos/hls4ml/nnet_utils/nnet_conv.h:55:33) to (/home/tarafdar/workDir/test/galapagos/hls4ml/nnet_utils/nnet_conv.h:81:12) in function 'nnet::compute_multiplier_limit<config1>'... converting 253 basic blocks.
INFO: [XFORM 203-401] Performing if-conversion on hyperblock from (myproject_galapagos.cpp:57:9) to (myproject_galapagos.cpp:56:23) in function 'myproject_galapagos'... converting 3 basic blocks.
INFO: [XFORM 203-401] Performing if-conversion on hyperblock from (/wrk/2018.2/continuous/2018_06_14_2258646/src/products/hls/hls_lib/hlsmath/include/FloatingPoint/hls_ceil.h:13:18) to (/wrk/2018.2/continuous/2018_06_14_2258646/src/products/hls/hls_lib/hlsmath/include/FloatingPoint/hls_ceil.h:43:1) in function 'generic_ceil<double>'... converting 9 basic blocks.
INFO: [XFORM 203-602] Inlining function 'generic_ceil<double>' into 'nnet::compute_multiplier_limit<config1>' (/wrk/2018.2/continuous/2018_06_14_2258646/src/products/hls/hls_lib/hlsmath/src/c/ceildouble.cpp:6->/home/tarafdar/workDir/test/galapagos/hls4ml/nnet_utils/nnet_conv.h:81) automatically.
INFO: [XFORM 203-11] Balancing expressions in function 'nnet::softmax<ap_fixed<32, 8, (ap_q_mode)5, (ap_o_mode)3, 0>, ap_fixed<32, 8, (ap_q_mode)5, (ap_o_mode)3, 0>, softmax_config2>' (/home/tarafdar/workDir/test/galapagos/hls4ml/nnet_utils/nnet_activation.h:225:18)...54 expression(s) balanced.
INFO: [XFORM 203-11] Balancing expressions in function 'nnet::conv_1d<ap_fixed<32, 8, (ap_q_mode)5, (ap_o_mode)3, 0>, ap_fixed<32, 8, (ap_q_mode)5, (ap_o_mode)3, 0>, config1>.0.0.0.0' (/home/tarafdar/workDir/test/galapagos/hls4ml/nnet_utils/nnet_conv.h:104:9)...126 expression(s) balanced.
INFO: [XFORM 203-11] Balancing expressions in function 'nnet::compute_layer<ap_fixed<32, 8, (ap_q_mode)5, (ap_o_mode)3, 0>, ap_fixed<32, 8, (ap_q_mode)5, (ap_o_mode)3, 0>, config2>.0.0.0.0.0.0.0' (/home/tarafdar/workDir/test/galapagos/hls4ml/nnet_utils/nnet_layer.h:62:1)...72 expression(s) balanced.
INFO: [HLS 200-111] Finished Pre-synthesis Time (s): cpu = 00:00:35 ; elapsed = 00:00:36 . Memory (MB): peak = 701.703 ; gain = 336.004 ; free physical = 286 ; free virtual = 36527
INFO: [XFORM 203-603] Evaluating the output(s) of a call to function 'nnet::compute_multiplier_limit<config1>' (/home/tarafdar/workDir/test/galapagos/hls4ml/nnet_utils/nnet_conv.h:108:31) in function 'nnet::conv_1d<ap_fixed<32, 8, (ap_q_mode)5, (ap_o_mode)3, 0>, ap_fixed<32, 8, (ap_q_mode)5, (ap_o_mode)3, 0>, config1>.0.0.0.0' and propagating its result(s) since all actual argument(s) to the function are constants.
WARNING: [XFORM 203-631] Renaming function 'nnet::softmax<ap_fixed<32, 8, (ap_q_mode)5, (ap_o_mode)3, 0>, ap_fixed<32, 8, (ap_q_mode)5, (ap_o_mode)3, 0>, softmax_config2>' to 'softmax' (/home/tarafdar/workDir/test/galapagos/hls4ml/nnet_utils/nnet_activation.h:225:4)
WARNING: [XFORM 203-631] Renaming function 'nnet::relu<ap_fixed<32, 8, (ap_q_mode)5, (ap_o_mode)3, 0>, ap_fixed<32, 8, (ap_q_mode)5, (ap_o_mode)3, 0>, relu_config1>' to 'relu' (/home/tarafdar/workDir/test/galapagos/hls4ml/nnet_utils/nnet_activation.h:73:1)
WARNING: [XFORM 203-631] Renaming function 'nnet::conv_1d<ap_fixed<32, 8, (ap_q_mode)5, (ap_o_mode)3, 0>, ap_fixed<32, 8, (ap_q_mode)5, (ap_o_mode)3, 0>, config1>.0.0.0.0' to 'conv_1d.0.0.0.0' (/home/tarafdar/workDir/test/galapagos/hls4ml/nnet_utils/nnet_conv.h:104:1)
WARNING: [XFORM 203-631] Renaming function 'nnet::compute_layer<ap_fixed<32, 8, (ap_q_mode)5, (ap_o_mode)3, 0>, ap_fixed<32, 8, (ap_q_mode)5, (ap_o_mode)3, 0>, config2>.0.0.0.0.0.0.0' to 'compute_layer.0.0.0.' (/home/tarafdar/workDir/test/galapagos/hls4ml/nnet_utils/nnet_layer.h:62:1)
INFO: [HLS 200-111] Finished Architecture Synthesis Time (s): cpu = 00:00:37 ; elapsed = 00:00:38 . Memory (MB): peak = 701.703 ; gain = 336.004 ; free physical = 256 ; free virtual = 36498
INFO: [HLS 200-10] Starting hardware synthesis ...
INFO: [HLS 200-10] Synthesizing 'myproject_galapagos' ...
WARNING: [SYN 201-103] Legalizing function name 'conv_1d.0.0.0.0' to 'conv_1d_0_0_0_0'.
WARNING: [SYN 201-103] Legalizing function name 'compute_layer.0.0.0.' to 'compute_layer_0_0_0_s'.
INFO: [HLS 200-10] ----------------------------------------------------------------
INFO: [HLS 200-42] -- Implementing module 'conv_1d_0_0_0_0' 
INFO: [HLS 200-10] ----------------------------------------------------------------
INFO: [SCHED 204-11] Starting scheduling ...
INFO: [SCHED 204-61] Pipelining function 'conv_1d.0.0.0.0'.
INFO: [SCHED 204-61] Pipelining result : Target II = 1, Final II = 1, Depth = 4.
INFO: [SCHED 204-11] Finished scheduling.
INFO: [HLS 200-111]  Elapsed time: 40.77 seconds; current allocated memory: 320.769 MB.
INFO: [BIND 205-100] Starting micro-architecture generation ...
INFO: [BIND 205-101] Performing variable lifetime analysis.
INFO: [BIND 205-101] Exploring resource sharing.
INFO: [BIND 205-101] Binding ...
INFO: [BIND 205-100] Starting global binding ...
INFO: [BIND 205-100] Finished micro-architecture generation.
INFO: [HLS 200-111]  Elapsed time: 0.65 seconds; current allocated memory: 324.220 MB.
INFO: [HLS 200-10] ----------------------------------------------------------------
INFO: [HLS 200-42] -- Implementing module 'relu' 
INFO: [HLS 200-10] ----------------------------------------------------------------
INFO: [SCHED 204-11] Starting scheduling ...
INFO: [SCHED 204-61] Pipelining function 'relu'.
INFO: [SCHED 204-61] Pipelining result : Target II = 1, Final II = 1, Depth = 1.
INFO: [SCHED 204-11] Finished scheduling.
INFO: [HLS 200-111]  Elapsed time: 0.73 seconds; current allocated memory: 324.763 MB.
INFO: [BIND 205-100] Starting micro-architecture generation ...
INFO: [BIND 205-101] Performing variable lifetime analysis.
INFO: [BIND 205-101] Exploring resource sharing.
INFO: [BIND 205-101] Binding ...
INFO: [BIND 205-100] Finished micro-architecture generation.
INFO: [HLS 200-111]  Elapsed time: 0.05 seconds; current allocated memory: 325.007 MB.
INFO: [HLS 200-10] ----------------------------------------------------------------
INFO: [HLS 200-42] -- Implementing module 'compute_layer_0_0_0_s' 
INFO: [HLS 200-10] ----------------------------------------------------------------
INFO: [SCHED 204-11] Starting scheduling ...
INFO: [SCHED 204-61] Pipelining function 'compute_layer.0.0.0.'.
INFO: [SCHED 204-61] Pipelining result : Target II = 1, Final II = 1, Depth = 3.
INFO: [SCHED 204-11] Finished scheduling.
INFO: [HLS 200-111]  Elapsed time: 1.06 seconds; current allocated memory: 327.055 MB.
INFO: [BIND 205-100] Starting micro-architecture generation ...
INFO: [BIND 205-101] Performing variable lifetime analysis.
INFO: [BIND 205-101] Exploring resource sharing.
INFO: [BIND 205-101] Binding ...
INFO: [BIND 205-100] Starting global binding ...
INFO: [BIND 205-100] Finished micro-architecture generation.
INFO: [HLS 200-111]  Elapsed time: 0.33 seconds; current allocated memory: 328.849 MB.
INFO: [HLS 200-10] ----------------------------------------------------------------
INFO: [HLS 200-42] -- Implementing module 'softmax' 
INFO: [HLS 200-10] ----------------------------------------------------------------
INFO: [SCHED 204-11] Starting scheduling ...
INFO: [SCHED 204-61] Pipelining function 'softmax'.
INFO: [SCHED 204-61] Pipelining result : Target II = 1, Final II = 1, Depth = 7.
INFO: [SCHED 204-11] Finished scheduling.
INFO: [HLS 200-111]  Elapsed time: 0.9 seconds; current allocated memory: 332.135 MB.
INFO: [BIND 205-100] Starting micro-architecture generation ...
INFO: [BIND 205-101] Performing variable lifetime analysis.
INFO: [BIND 205-101] Exploring resource sharing.
INFO: [BIND 205-101] Binding ...
INFO: [BIND 205-100] Finished micro-architecture generation.
INFO: [HLS 200-111]  Elapsed time: 0.65 seconds; current allocated memory: 335.059 MB.
INFO: [HLS 200-10] ----------------------------------------------------------------
INFO: [HLS 200-42] -- Implementing module 'myproject' 
INFO: [HLS 200-10] ----------------------------------------------------------------
INFO: [SCHED 204-11] Starting scheduling ...
INFO: [SCHED 204-61] Pipelining function 'myproject'.
INFO: [SCHED 204-61] Pipelining result : Target II = 1, Final II = 1, Depth = 15.
INFO: [SCHED 204-11] Finished scheduling.
INFO: [HLS 200-111]  Elapsed time: 0.91 seconds; current allocated memory: 335.742 MB.
INFO: [BIND 205-100] Starting micro-architecture generation ...
INFO: [BIND 205-101] Performing variable lifetime analysis.
INFO: [BIND 205-101] Exploring resource sharing.
INFO: [BIND 205-101] Binding ...
INFO: [BIND 205-100] Finished micro-architecture generation.
INFO: [HLS 200-111]  Elapsed time: 1.61 seconds; current allocated memory: 336.913 MB.
INFO: [HLS 200-10] ----------------------------------------------------------------
INFO: [HLS 200-42] -- Implementing module 'myproject_galapagos' 
INFO: [HLS 200-10] ----------------------------------------------------------------
INFO: [SCHED 204-11] Starting scheduling ...
INFO: [SCHED 204-11] Finished scheduling.
INFO: [HLS 200-111]  Elapsed time: 1.26 seconds; current allocated memory: 338.348 MB.
INFO: [HLS 200-434] Only 0 loops out of a total 3 loops have been pipelined in this design.
INFO: [BIND 205-100] Starting micro-architecture generation ...
INFO: [BIND 205-101] Performing variable lifetime analysis.
INFO: [BIND 205-101] Exploring resource sharing.
INFO: [BIND 205-101] Binding ...
INFO: [BIND 205-100] Finished micro-architecture generation.
INFO: [HLS 200-111]  Elapsed time: 0.51 seconds; current allocated memory: 339.194 MB.
INFO: [HLS 200-10] ----------------------------------------------------------------
INFO: [HLS 200-10] -- Generating RTL for module 'conv_1d_0_0_0_0' 
INFO: [HLS 200-10] ----------------------------------------------------------------
INFO: [SYN 201-210] Renamed object name 'myproject_galapagos_mul_25s_32s_56_2_0' to 'myproject_galapagbkb' due to the length limit 20
INFO: [SYN 201-210] Renamed object name 'myproject_galapagos_mul_27ns_32s_56_2_0' to 'myproject_galapagcud' due to the length limit 20
INFO: [SYN 201-210] Renamed object name 'myproject_galapagos_mul_27s_32s_56_2_0' to 'myproject_galapagdEe' due to the length limit 20
INFO: [SYN 201-210] Renamed object name 'myproject_galapagos_mul_24s_32s_55_2_0' to 'myproject_galapageOg' due to the length limit 20
INFO: [SYN 201-210] Renamed object name 'myproject_galapagos_mul_23ns_32s_54_2_0' to 'myproject_galapagfYi' due to the length limit 20
INFO: [SYN 201-210] Renamed object name 'myproject_galapagos_mul_22ns_32s_53_2_0' to 'myproject_galapagg8j' due to the length limit 20
INFO: [SYN 201-210] Renamed object name 'myproject_galapagos_mul_26ns_32s_56_2_0' to 'myproject_galapaghbi' due to the length limit 20
INFO: [SYN 201-210] Renamed object name 'myproject_galapagos_mul_26s_32s_56_2_0' to 'myproject_galapagibs' due to the length limit 20
INFO: [SYN 201-210] Renamed object name 'myproject_galapagos_mul_25ns_32s_56_2_0' to 'myproject_galapagjbC' due to the length limit 20
INFO: [SYN 201-210] Renamed object name 'myproject_galapagos_mul_20ns_32s_51_2_0' to 'myproject_galapagkbM' due to the length limit 20
INFO: [SYN 201-210] Renamed object name 'myproject_galapagos_mul_24ns_32s_55_2_0' to 'myproject_galapaglbW' due to the length limit 20
INFO: [RTGEN 206-104] Estimated max fanout for 'conv_1d_0_0_0_0' is 6217 from HDL expression: (1'b0 == ap_block_pp0_stage0)
INFO: [RTGEN 206-100] Generating core module 'myproject_galapagbkb': 23 instance(s).
INFO: [RTGEN 206-100] Generating core module 'myproject_galapagcud': 18 instance(s).
INFO: [RTGEN 206-100] Generating core module 'myproject_galapagdEe': 13 instance(s).
INFO: [RTGEN 206-100] Generating core module 'myproject_galapageOg': 7 instance(s).
INFO: [RTGEN 206-100] Generating core module 'myproject_galapagfYi': 9 instance(s).
INFO: [RTGEN 206-100] Generating core module 'myproject_galapagg8j': 3 instance(s).
INFO: [RTGEN 206-100] Generating core module 'myproject_galapaghbi': 14 instance(s).
INFO: [RTGEN 206-100] Generating core module 'myproject_galapagibs': 15 instance(s).
INFO: [RTGEN 206-100] Generating core module 'myproject_galapagjbC': 6 instance(s).
INFO: [RTGEN 206-100] Generating core module 'myproject_galapagkbM': 3 instance(s).
INFO: [RTGEN 206-100] Generating core module 'myproject_galapaglbW': 15 instance(s).
INFO: [RTGEN 206-100] Finished creating RTL model for 'conv_1d_0_0_0_0'.
INFO: [HLS 200-111]  Elapsed time: 1.37 seconds; current allocated memory: 345.158 MB.
INFO: [HLS 200-10] ----------------------------------------------------------------
INFO: [HLS 200-10] -- Generating RTL for module 'relu' 
INFO: [HLS 200-10] ----------------------------------------------------------------
INFO: [RTGEN 206-100] Finished creating RTL model for 'relu'.
INFO: [HLS 200-111]  Elapsed time: 1.61 seconds; current allocated memory: 354.707 MB.
INFO: [HLS 200-10] ----------------------------------------------------------------
INFO: [HLS 200-10] -- Generating RTL for module 'compute_layer_0_0_0_s' 
INFO: [HLS 200-10] ----------------------------------------------------------------
INFO: [SYN 201-210] Renamed object name 'myproject_galapagos_mul_32s_22s_53_2_0' to 'myproject_galapagmb6' due to the length limit 20
INFO: [SYN 201-210] Renamed object name 'myproject_galapagos_mul_32s_25s_56_2_0' to 'myproject_galapagncg' due to the length limit 20
INFO: [SYN 201-210] Renamed object name 'myproject_galapagos_mul_32s_26s_56_2_0' to 'myproject_galapagocq' due to the length limit 20
INFO: [SYN 201-210] Renamed object name 'myproject_galapagos_mul_32s_27s_56_2_0' to 'myproject_galapagpcA' due to the length limit 20
INFO: [SYN 201-210] Renamed object name 'myproject_galapagos_mul_32s_22ns_53_2_0' to 'myproject_galapagqcK' due to the length limit 20
INFO: [SYN 201-210] Renamed object name 'myproject_galapagos_mul_32s_25ns_56_2_0' to 'myproject_galapagrcU' due to the length limit 20
INFO: [SYN 201-210] Renamed object name 'myproject_galapagos_mul_32s_23s_54_2_0' to 'myproject_galapagsc4' due to the length limit 20
INFO: [SYN 201-210] Renamed object name 'myproject_galapagos_mul_32s_26ns_56_2_0' to 'myproject_galapagtde' due to the length limit 20
INFO: [SYN 201-210] Renamed object name 'myproject_galapagos_mul_32s_24ns_55_2_0' to 'myproject_galapagudo' due to the length limit 20
INFO: [SYN 201-210] Renamed object name 'myproject_galapagos_mul_32s_23ns_54_2_0' to 'myproject_galapagvdy' due to the length limit 20
INFO: [SYN 201-210] Renamed object name 'myproject_galapagos_mul_32s_24s_55_2_0' to 'myproject_galapagwdI' due to the length limit 20
INFO: [SYN 201-210] Renamed object name 'myproject_galapagos_mul_32s_19ns_51_2_0' to 'myproject_galapagxdS' due to the length limit 20
INFO: [SYN 201-210] Renamed object name 'myproject_galapagos_mul_32s_21s_52_2_0' to 'myproject_galapagyd2' due to the length limit 20
INFO: [SYN 201-210] Renamed object name 'myproject_galapagos_mul_32s_21ns_52_2_0' to 'myproject_galapagzec' due to the length limit 20
INFO: [RTGEN 206-100] Generating core module 'myproject_galapagmb6': 2 instance(s).
INFO: [RTGEN 206-100] Generating core module 'myproject_galapagncg': 6 instance(s).
INFO: [RTGEN 206-100] Generating core module 'myproject_galapagocq': 13 instance(s).
INFO: [RTGEN 206-100] Generating core module 'myproject_galapagpcA': 14 instance(s).
INFO: [RTGEN 206-100] Generating core module 'myproject_galapagqcK': 4 instance(s).
INFO: [RTGEN 206-100] Generating core module 'myproject_galapagrcU': 12 instance(s).
INFO: [RTGEN 206-100] Generating core module 'myproject_galapagsc4': 1 instance(s).
INFO: [RTGEN 206-100] Generating core module 'myproject_galapagtde': 4 instance(s).
INFO: [RTGEN 206-100] Generating core module 'myproject_galapagudo': 7 instance(s).
INFO: [RTGEN 206-100] Generating core module 'myproject_galapagvdy': 4 instance(s).
INFO: [RTGEN 206-100] Generating core module 'myproject_galapagwdI': 2 instance(s).
INFO: [RTGEN 206-100] Generating core module 'myproject_galapagxdS': 1 instance(s).
INFO: [RTGEN 206-100] Generating core module 'myproject_galapagyd2': 1 instance(s).
INFO: [RTGEN 206-100] Generating core module 'myproject_galapagzec': 1 instance(s).
INFO: [RTGEN 206-100] Finished creating RTL model for 'compute_layer_0_0_0_s'.
INFO: [HLS 200-111]  Elapsed time: 0.37 seconds; current allocated memory: 358.612 MB.
INFO: [HLS 200-10] ----------------------------------------------------------------
INFO: [HLS 200-10] -- Generating RTL for module 'softmax' 
INFO: [HLS 200-10] ----------------------------------------------------------------
INFO: [SYN 201-210] Renamed object name 'softmax_invert_table3' to 'softmax_invert_taAem' due to the length limit 20
INFO: [RTGEN 206-100] Finished creating RTL model for 'softmax'.
INFO: [HLS 200-111]  Elapsed time: 1.15 seconds; current allocated memory: 368.523 MB.
INFO: [HLS 200-10] ----------------------------------------------------------------
INFO: [HLS 200-10] -- Generating RTL for module 'myproject' 
INFO: [HLS 200-10] ----------------------------------------------------------------
INFO: [RTGEN 206-100] Finished creating RTL model for 'myproject'.
INFO: [HLS 200-111]  Elapsed time: 2.29 seconds; current allocated memory: 382.478 MB.
INFO: [HLS 200-10] ----------------------------------------------------------------
INFO: [HLS 200-10] -- Generating RTL for module 'myproject_galapagos' 
INFO: [HLS 200-10] ----------------------------------------------------------------
INFO: [RTGEN 206-500] Setting interface mode on port 'myproject_galapagos/in_V_data_V' to 'ap_fifo'.
INFO: [RTGEN 206-500] Setting interface mode on port 'myproject_galapagos/in_V_dest_V' to 'ap_fifo'.
INFO: [RTGEN 206-500] Setting interface mode on port 'myproject_galapagos/in_V_last_V' to 'ap_fifo'.
INFO: [RTGEN 206-500] Setting interface mode on port 'myproject_galapagos/in_V_id_V' to 'ap_fifo'.
INFO: [RTGEN 206-500] Setting interface mode on port 'myproject_galapagos/in_V_user_V' to 'ap_fifo'.
INFO: [RTGEN 206-500] Setting interface mode on port 'myproject_galapagos/in_V_keep_V' to 'ap_fifo'.
INFO: [RTGEN 206-500] Setting interface mode on port 'myproject_galapagos/out_V_data_V' to 'ap_fifo'.
INFO: [RTGEN 206-500] Setting interface mode on port 'myproject_galapagos/out_V_dest_V' to 'ap_fifo'.
INFO: [RTGEN 206-500] Setting interface mode on port 'myproject_galapagos/out_V_last_V' to 'ap_fifo'.
INFO: [RTGEN 206-500] Setting interface mode on port 'myproject_galapagos/out_V_id_V' to 'ap_fifo'.
INFO: [RTGEN 206-500] Setting interface mode on port 'myproject_galapagos/out_V_user_V' to 'ap_fifo'.
INFO: [RTGEN 206-500] Setting interface mode on port 'myproject_galapagos/out_V_keep_V' to 'ap_fifo'.
INFO: [RTGEN 206-500] Setting interface mode on function 'myproject_galapagos' to 'ap_ctrl_hs'.
INFO: [RTGEN 206-100] Finished creating RTL model for 'myproject_galapagos'.
INFO: [HLS 200-111]  Elapsed time: 1.54 seconds; current allocated memory: 385.113 MB.
INFO: [RTMG 210-282] Generating pipelined core: 'myproject_galapagbkb_MulnS_0'
INFO: [RTMG 210-282] Generating pipelined core: 'myproject_galapagcud_MulnS_1'
INFO: [RTMG 210-282] Generating pipelined core: 'myproject_galapagdEe_MulnS_2'
INFO: [RTMG 210-282] Generating pipelined core: 'myproject_galapageOg_MulnS_3'
INFO: [RTMG 210-282] Generating pipelined core: 'myproject_galapagfYi_MulnS_4'
INFO: [RTMG 210-282] Generating pipelined core: 'myproject_galapagg8j_MulnS_5'
INFO: [RTMG 210-282] Generating pipelined core: 'myproject_galapaghbi_MulnS_6'
INFO: [RTMG 210-282] Generating pipelined core: 'myproject_galapagibs_MulnS_7'
INFO: [RTMG 210-282] Generating pipelined core: 'myproject_galapagjbC_MulnS_8'
INFO: [RTMG 210-282] Generating pipelined core: 'myproject_galapagkbM_MulnS_9'
INFO: [RTMG 210-282] Generating pipelined core: 'myproject_galapaglbW_MulnS_10'
INFO: [RTMG 210-282] Generating pipelined core: 'myproject_galapagmb6_MulnS_11'
INFO: [RTMG 210-282] Generating pipelined core: 'myproject_galapagncg_MulnS_12'
INFO: [RTMG 210-282] Generating pipelined core: 'myproject_galapagocq_MulnS_13'
INFO: [RTMG 210-282] Generating pipelined core: 'myproject_galapagpcA_MulnS_14'
INFO: [RTMG 210-282] Generating pipelined core: 'myproject_galapagqcK_MulnS_15'
INFO: [RTMG 210-282] Generating pipelined core: 'myproject_galapagrcU_MulnS_16'
INFO: [RTMG 210-282] Generating pipelined core: 'myproject_galapagsc4_MulnS_17'
INFO: [RTMG 210-282] Generating pipelined core: 'myproject_galapagtde_MulnS_18'
INFO: [RTMG 210-282] Generating pipelined core: 'myproject_galapagudo_MulnS_19'
INFO: [RTMG 210-282] Generating pipelined core: 'myproject_galapagvdy_MulnS_20'
INFO: [RTMG 210-282] Generating pipelined core: 'myproject_galapagwdI_MulnS_21'
INFO: [RTMG 210-282] Generating pipelined core: 'myproject_galapagxdS_MulnS_22'
INFO: [RTMG 210-282] Generating pipelined core: 'myproject_galapagyd2_MulnS_23'
INFO: [RTMG 210-282] Generating pipelined core: 'myproject_galapagzec_MulnS_24'
INFO: [RTMG 210-279] Implementing memory 'softmax_exp_table2_rom' using block ROMs.
INFO: [RTMG 210-279] Implementing memory 'softmax_invert_taAem_rom' using block ROMs.
INFO: [HLS 200-111] Finished generating all RTL models Time (s): cpu = 00:00:56 ; elapsed = 00:01:01 . Memory (MB): peak = 765.703 ; gain = 400.004 ; free physical = 309 ; free virtual = 36465
INFO: [SYSC 207-301] Generating SystemC RTL for myproject_galapagos.
INFO: [VHDL 208-304] Generating VHDL RTL for myproject_galapagos.
INFO: [VLOG 209-307] Generating Verilog RTL for myproject_galapagos.
INFO: [HLS 200-112] Total elapsed time: 61.45 seconds; peak allocated memory: 385.113 MB.
INFO: [Common 17-206] Exiting vivado_hls at Sun Mar 31 23:52:53 2019...
