  INFO: Target technology path: ../../memgen/tech/virtexup
  INFO: Found SRAM definition                   BRAM_16384x1  16384  1-bit words  2 read/write ports 
  INFO: Found SRAM definition                    BRAM_8192x2   8192  2-bit words  2 read/write ports 
  INFO: Found SRAM definition                    BRAM_4096x4   4096  4-bit words  2 read/write ports 
  INFO: Found SRAM definition                    BRAM_2048x8   2048  8-bit words  2 read/write ports 
  INFO: Found SRAM definition                   BRAM_1024x16   1024 16-bit words  2 read/write ports 
  INFO: Found SRAM definition                    BRAM_512x32    512 32-bit words  2 read/write ports 
  INFO: Output path: ./memlib
  INFO: Stratus memory library path: ./memlib
  INFO: Memory list file: memlist.txt
  INFO: Generating w2_data56448_1w16r...
        16 words, 56448 bits, 1w:0r 0w:16r
        read_interfaces 16
        write_interfaces 1
        duplication_factor 1
        distribution_factor 8
        need_dual_port True
        need_parallel_rw False
        d-banks 1
        h-banks 8
        v-banks 1
        hh-banks 1764
        bank type BRAM_512x32
        Write interfaces are assigned to ports [0]
        Read interfaces are assigned to ports [0, 1, 0, 1, 0, 1, 0, 1, 1, 0, 1, 0, 1, 0, 1, 0]
        Total area 14112.0
  INFO: Generating SystemC explicit memory definition for w2_data56448_1w16r
  INFO: Generating Stratus bdw_memgen input for w2_data56448_1w16r
  INFO: Generating w4_data4608_1w16r...
        16 words, 4608 bits, 1w:0r 0w:16r
        read_interfaces 16
        write_interfaces 1
        duplication_factor 1
        distribution_factor 8
        need_dual_port True
        need_parallel_rw False
        d-banks 1
        h-banks 8
        v-banks 1
        hh-banks 144
        bank type BRAM_512x32
        Write interfaces are assigned to ports [0]
        Read interfaces are assigned to ports [0, 1, 0, 1, 0, 1, 0, 1, 1, 0, 1, 0, 1, 0, 1, 0]
        Total area 1152.0
  INFO: Generating SystemC explicit memory definition for w4_data4608_1w16r
  INFO: Generating Stratus bdw_memgen input for w4_data4608_1w16r
  INFO: Generating w6_data2304_1w8r...
        8 words, 2304 bits, 1w:0r 0w:8r
        read_interfaces 8
        write_interfaces 1
        duplication_factor 1
        distribution_factor 4
        need_dual_port True
        need_parallel_rw False
        d-banks 1
        h-banks 4
        v-banks 1
        hh-banks 72
        bank type BRAM_512x32
        Write interfaces are assigned to ports [0]
        Read interfaces are assigned to ports [0, 1, 0, 1, 1, 0, 1, 0]
        Total area 288.0
  INFO: Generating SystemC explicit memory definition for w6_data2304_1w8r
  INFO: Generating Stratus bdw_memgen input for w6_data2304_1w8r
